[rank: 0] Seed set to 3
  0%|          | 0/118 [00:00<?, ?it/s][16:17:01] SMILES Parse Error: syntax error while parsing: Antibody
[16:17:01] SMILES Parse Error: check for mistakes around position 1:
[16:17:01] Antibody
[16:17:01] ^
[16:17:01] SMILES Parse Error: Failed parsing SMILES 'Antibody' for input: 'Antibody'
[16:17:01] SMILES Parse Error: syntax error while parsing: CC(=O)N1CCN(CCOc2ccc(cc2)C3CCN(CC3)C4=Nn5c(CC4)nnc5C(F)(F)F)CC1;CC(=O)N1CCN(CC1)CCOc2ccc(cc2)C3CCN(CC3)C4=Nn5c(nnc5C(F)(F)F)CC4
[16:17:01] SMILES Parse Error: check for mistakes around position 64:
[16:17:01] CC4)nnc5C(F)(F)F)CC1;CC(=O)N1CCN(CC1)CCOc
[16:17:01] ~~~~~~~~~~~~~~~~~~~~^
[16:17:01] SMILES Parse Error: Failed parsing SMILES 'CC(=O)N1CCN(CCOc2ccc(cc2)C3CCN(CC3)C4=Nn5c(CC4)nnc5C(F)(F)F)CC1;CC(=O)N1CCN(CC1)CCOc2ccc(cc2)C3CCN(CC3)C4=Nn5c(nnc5C(F)(F)F)CC4' for input: 'CC(=O)N1CCN(CCOc2ccc(cc2)C3CCN(CC3)C4=Nn5c(CC4)nnc5C(F)(F)F)CC1;CC(=O)N1CCN(CC1)CCOc2ccc(cc2)C3CCN(CC3)C4=Nn5c(nnc5C(F)(F)F)CC4'
[16:17:01] SMILES Parse Error: syntax error while parsing: CN(C)CC#Cc1ccc(OCCCc2sc(nc2C(=O)O)N3CCc4cccc(C(=O)Nc5nc6ccccc6s5)c4C3)cc1;CN(C)CC#Cc1ccc(cc1)OCCCc2c(nc(s2)N3CCc4cccc(c4C3)C(=O)Nc5nc6ccccc6s5)C(=O)O
[16:17:01] SMILES Parse Error: check for mistakes around position 74:
[16:17:01] nc6ccccc6s5)c4C3)cc1;CN(C)CC#Cc1ccc(cc1)O
[16:17:01] ~~~~~~~~~~~~~~~~~~~~^
[16:17:01] SMILES Parse Error: Failed parsing SMILES 'CN(C)CC#Cc1ccc(OCCCc2sc(nc2C(=O)O)N3CCc4cccc(C(=O)Nc5nc6ccccc6s5)c4C3)cc1;CN(C)CC#Cc1ccc(cc1)OCCCc2c(nc(s2)N3CCc4cccc(c4C3)C(=O)Nc5nc6ccccc6s5)C(=O)O' for input: 'CN(C)CC#Cc1ccc(OCCCc2sc(nc2C(=O)O)N3CCc4cccc(C(=O)Nc5nc6ccccc6s5)c4C3)cc1;CN(C)CC#Cc1ccc(cc1)OCCCc2c(nc(s2)N3CCc4cccc(c4C3)C(=O)Nc5nc6ccccc6s5)C(=O)O'
[16:17:01] SMILES Parse Error: syntax error while parsing: CCCS(=O)(=O)Nc1ccc(F)c(C(=O)c2c[nH]c3ncc(cc23)c4cccc(c4)C(=O)N)c1F;CCCS(=O)(=O)Nc1ccc(c(c1F)C(=O)c2c[nH]c3c2cc(cn3)c4cccc(c4)C(=O)N)F
[16:17:01] SMILES Parse Error: check for mistakes around position 67:
[16:17:01] c4cccc(c4)C(=O)N)c1F;CCCS(=O)(=O)Nc1ccc(c
[16:17:01] ~~~~~~~~~~~~~~~~~~~~^
[16:17:01] SMILES Parse Error: Failed parsing SMILES 'CCCS(=O)(=O)Nc1ccc(F)c(C(=O)c2c[nH]c3ncc(cc23)c4cccc(c4)C(=O)N)c1F;CCCS(=O)(=O)Nc1ccc(c(c1F)C(=O)c2c[nH]c3c2cc(cn3)c4cccc(c4)C(=O)N)F' for input: 'CCCS(=O)(=O)Nc1ccc(F)c(C(=O)c2c[nH]c3ncc(cc23)c4cccc(c4)C(=O)N)c1F;CCCS(=O)(=O)Nc1ccc(c(c1F)C(=O)c2c[nH]c3c2cc(cn3)c4cccc(c4)C(=O)N)F'
[16:17:02] SMILES Parse Error: syntax error while parsing: C[C@@]1(O)C[C@@H](C1)c2nc(c3ccc4ccc(nc4c3)c5ccccc5)c6c(N)nccn26;C[C@]1(C[C@@H](C1)c2n3c(c(ncc3)N)c(n2)c4cc5nc(ccc5cc4)c6ccccc6)O
[16:17:02] SMILES Parse Error: check for mistakes around position 64:
[16:17:02] 5ccccc5)c6c(N)nccn26;C[C@]1(C[C@@H](C1)c2
[16:17:02] ~~~~~~~~~~~~~~~~~~~~^
[16:17:02] SMILES Parse Error: Failed parsing SMILES 'C[C@@]1(O)C[C@@H](C1)c2nc(c3ccc4ccc(nc4c3)c5ccccc5)c6c(N)nccn26;C[C@]1(C[C@@H](C1)c2n3c(c(ncc3)N)c(n2)c4cc5nc(ccc5cc4)c6ccccc6)O' for input: 'C[C@@]1(O)C[C@@H](C1)c2nc(c3ccc4ccc(nc4c3)c5ccccc5)c6c(N)nccn26;C[C@]1(C[C@@H](C1)c2n3c(c(ncc3)N)c(n2)c4cc5nc(ccc5cc4)c6ccccc6)O'
[16:17:02] SMILES Parse Error: syntax error while parsing: OCCONC(=O)c1ccc2cncn2c1Nc3ccc(I)cc3F;c1cc(c(cc1I)F)Nc2c(ccc3n2cnc3)C(=O)NOCCO
[16:17:02] SMILES Parse Error: check for mistakes around position 37:
[16:17:02] cncn2c1Nc3ccc(I)cc3F;c1cc(c(cc1I)F)Nc2c(c
[16:17:02] ~~~~~~~~~~~~~~~~~~~~^
[16:17:02] SMILES Parse Error: Failed parsing SMILES 'OCCONC(=O)c1ccc2cncn2c1Nc3ccc(I)cc3F;c1cc(c(cc1I)F)Nc2c(ccc3n2cnc3)C(=O)NOCCO' for input: 'OCCONC(=O)c1ccc2cncn2c1Nc3ccc(I)cc3F;c1cc(c(cc1I)F)Nc2c(ccc3n2cnc3)C(=O)NOCCO'
 60%|██████    | 71/118 [00:00<00:00, 709.75it/s][16:17:02] SMILES Parse Error: syntax error while parsing: CS(=O)(=O)c1ccc(Nc2cncc(n2)c3cnc4ccccn34)cc1;CS(=O)(=O)c1ccc(cc1)Nc2cncc(n2)c3cnc4n3cccc4
[16:17:02] SMILES Parse Error: check for mistakes around position 45:
[16:17:02] n2)c3cnc4ccccn34)cc1;CS(=O)(=O)c1ccc(cc1)
[16:17:02] ~~~~~~~~~~~~~~~~~~~~^
[16:17:02] SMILES Parse Error: Failed parsing SMILES 'CS(=O)(=O)c1ccc(Nc2cncc(n2)c3cnc4ccccn34)cc1;CS(=O)(=O)c1ccc(cc1)Nc2cncc(n2)c3cnc4n3cccc4' for input: 'CS(=O)(=O)c1ccc(Nc2cncc(n2)c3cnc4ccccn34)cc1;CS(=O)(=O)c1ccc(cc1)Nc2cncc(n2)c3cnc4n3cccc4'
100%|██████████| 118/118 [00:00<00:00, 763.82it/s]
[rank: 0] Seed set to 3
[rank: 0] Seed set to 3
[rank: 0] Seed set to 3
[rank: 0] Seed set to 3
[rank: 0] Seed set to 3
[rank: 0] Seed set to 3
[rank: 0] Seed set to 3
[rank: 0] Seed set to 3
[rank: 0] Seed set to 3
  0%|          | 0/118 [00:00<?, ?it/s][16:20:15] SMILES Parse Error: syntax error while parsing: Antibody
[16:20:15] SMILES Parse Error: check for mistakes around position 1:
[16:20:15] Antibody
[16:20:15] ^  0%|          | 0/118 [00:00<?, ?it/s]
  0%|          | 0/118 [00:00<?, ?it/s][16:20:15] SMILES Parse Error: [16:20:15] [16:20:15] syntax error  0%|          | 0/118 [00:00<?, ?it/s]SMILESSMILES Parse Error:  while parsing:  Parse Error: syntax errorAntibodyFailed parsing SMILES 'Antibody'[16:20:15]  while parsing: 
 for input: 'SMILES Parse Error: Antibody[16:20:15] Antibodysyntax error
SMILES Parse Error: check for mistakes around position ' while parsing: [16:20:15] 1
AntibodySMILES Parse Error: check for mistakes around position :
1
[16:20:15] :[16:20:15] SMILES Parse Error: check for mistakes around position 
Antibody1[16:20:15] 
:Antibody[16:20:15] 

^[16:20:15] [16:20:15] 
Antibody^

[16:20:15] ^[16:20:15] 
SMILES[16:20:15]  Parse Error: SMILESFailed parsing SMILES 'Antibody' Parse Error: [16:20:15]  for input: 'Failed parsing SMILES 'Antibody'SMILESAntibody for input: ' Parse Error: 'AntibodyFailed parsing SMILES 'Antibody'
' for input: '
Antibody'
[16:20:15] SMILES Parse Error: syntax error while parsing: CC(=O)N1CCN(CCOc2ccc(cc2)C3CCN(CC3)C4=Nn5c(CC4)nnc5C(F)(F)F)CC1;CC(=O)N1CCN(CC1)CCOc2ccc(cc2)C3CCN(CC3)C4=Nn5c(nnc5C(F)(F)F)CC4
[16:20:15] SMILES Parse Error: check for mistakes around position 64:
[16:20:15] CC4)nnc5C(F)(F)F)CC1;CC(=O)N1CCN(CC1)CCOc
[16:20:15] ~~~~~~~~~~~~~~~~~~~~^
[16:20:15] SMILES Parse Error: Failed parsing SMILES 'CC(=O)N1CCN(CCOc2ccc(cc2)C3CCN(CC3)C4=Nn5c(CC4)nnc5C(F)(F)F)CC1;CC(=O)N1CCN(CC1)CCOc2ccc(cc2)C3CCN(CC3)C4=Nn5c(nnc5C(F)(F)F)CC4' for input: 'CC(=O)N1CCN(CCOc2ccc(cc2)C3CCN(CC3)C4=Nn5c(CC4)nnc5C(F)(F)F)CC1;CC(=O)N1CCN(CC1)CCOc2ccc(cc2)C3CCN(CC3)C4=Nn5c(nnc5C(F)(F)F)CC4'
[16:20:15] [16:20:15] SMILES Parse Error: SMILES Parse Error: syntax error[16:20:15] syntax error while parsing: SMILES Parse Error:  while parsing: CC(=O)N1CCN(CCOc2ccc(cc2)C3CCN(CC3)C4=Nn5c(CC4)nnc5C(F)(F)F)CC1;CC(=O)N1CCN(CC1)CCOc2ccc(cc2)C3CCN(CC3)C4=Nn5c(nnc5C(F)(F)F)CC4syntax errorCC(=O)N1CCN(CCOc2ccc(cc2)C3CCN(CC3)C4=Nn5c(CC4)nnc5C(F)(F)F)CC1;CC(=O)N1CCN(CC1)CCOc2ccc(cc2)C3CCN(CC3)C4=Nn5c(nnc5C(F)(F)F)CC4
 while parsing: 
[16:20:15] CC(=O)N1CCN(CCOc2ccc(cc2)C3CCN(CC3)C4=Nn5c(CC4)nnc5C(F)(F)F)CC1;CC(=O)N1CCN(CC1)CCOc2ccc(cc2)C3CCN(CC3)C4=Nn5c(nnc5C(F)(F)F)CC4[16:20:15] SMILES Parse Error: check for mistakes around position 
SMILES Parse Error: check for mistakes around position 64[16:20:15] 64:SMILES Parse Error: check for mistakes around position :
64
[16:20:15] :[16:20:15] CC4)nnc5C(F)(F)F)CC1;CC(=O)N1CCN(CC1)CCOc
CC4)nnc5C(F)(F)F)CC1;CC(=O)N1CCN(CC1)CCOc
[16:20:15] 
[16:20:15] CC4)nnc5C(F)(F)F)CC1;CC(=O)N1CCN(CC1)CCOc[16:20:15] ~~~~~~~~~~~~~~~~~~~~
~~~~~~~~~~~~~~~~~~~~^[16:20:15] ^
~~~~~~~~~~~~~~~~~~~~
^[16:20:15] 
SMILES[16:20:15]  Parse Error: SMILES[16:20:15] Failed parsing SMILES 'CC(=O)N1CCN(CCOc2ccc(cc2)C3CCN(CC3)C4=Nn5c(CC4)nnc5C(F)(F)F)CC1;CC(=O)N1CCN(CC1)CCOc2ccc(cc2)C3CCN(CC3)C4=Nn5c(nnc5C(F)(F)F)CC4' Parse Error: SMILES for input: 'Failed parsing SMILES 'CC(=O)N1CCN(CCOc2ccc(cc2)C3CCN(CC3)C4=Nn5c(CC4)nnc5C(F)(F)F)CC1;CC(=O)N1CCN(CC1)CCOc2ccc(cc2)C3CCN(CC3)C4=Nn5c(nnc5C(F)(F)F)CC4' Parse Error: CC(=O)N1CCN(CCOc2ccc(cc2)C3CCN(CC3)C4=Nn5c(CC4)nnc5C(F)(F)F)CC1;CC(=O)N1CCN(CC1)CCOc2ccc(cc2)C3CCN(CC3)C4=Nn5c(nnc5C(F)(F)F)CC4 for input: 'Failed parsing SMILES 'CC(=O)N1CCN(CCOc2ccc(cc2)C3CCN(CC3)C4=Nn5c(CC4)nnc5C(F)(F)F)CC1;CC(=O)N1CCN(CC1)CCOc2ccc(cc2)C3CCN(CC3)C4=Nn5c(nnc5C(F)(F)F)CC4''CC(=O)N1CCN(CCOc2ccc(cc2)C3CCN(CC3)C4=Nn5c(CC4)nnc5C(F)(F)F)CC1;CC(=O)N1CCN(CC1)CCOc2ccc(cc2)C3CCN(CC3)C4=Nn5c(nnc5C(F)(F)F)CC4 for input: '
'CC(=O)N1CCN(CCOc2ccc(cc2)C3CCN(CC3)C4=Nn5c(CC4)nnc5C(F)(F)F)CC1;CC(=O)N1CCN(CC1)CCOc2ccc(cc2)C3CCN(CC3)C4=Nn5c(nnc5C(F)(F)F)CC4
'
[16:20:15] SMILES Parse Error: syntax error while parsing: CN(C)CC#Cc1ccc(OCCCc2sc(nc2C(=O)O)N3CCc4cccc(C(=O)Nc5nc6ccccc6s5)c4C3)cc1;CN(C)CC#Cc1ccc(cc1)OCCCc2c(nc(s2)N3CCc4cccc(c4C3)C(=O)Nc5nc6ccccc6s5)C(=O)O
[16:20:15] SMILES Parse Error: check for mistakes around position 74:
[16:20:15] nc6ccccc6s5)c4C3)cc1;CN(C)CC#Cc1ccc(cc1)O
[16:20:15] ~~~~~~~~~~~~~~~~~~~~^
[16:20:15] SMILES Parse Error: Failed parsing SMILES 'CN(C)CC#Cc1ccc(OCCCc2sc(nc2C(=O)O)N3CCc4cccc(C(=O)Nc5nc6ccccc6s5)c4C3)cc1;CN(C)CC#Cc1ccc(cc1)OCCCc2c(nc(s2)N3CCc4cccc(c4C3)C(=O)Nc5nc6ccccc6s5)C(=O)O' for input: 'CN(C)CC#Cc1ccc(OCCCc2sc(nc2C(=O)O)N3CCc4cccc(C(=O)Nc5nc6ccccc6s5)c4C3)cc1;CN(C)CC#Cc1ccc(cc1)OCCCc2c(nc(s2)N3CCc4cccc(c4C3)C(=O)Nc5nc6ccccc6s5)C(=O)O'
[16:20:15] SMILES Parse Error: syntax error while parsing: CCCS(=O)(=O)Nc1ccc(F)c(C(=O)c2c[nH]c3ncc(cc23)c4cccc(c4)C(=O)N)c1F;CCCS(=O)(=O)Nc1ccc(c(c1F)C(=O)c2c[nH]c3c2cc(cn3)c4cccc(c4)C(=O)N)F
[16:20:15] SMILES Parse Error: check for mistakes around position 67:
[16:20:15] c4cccc(c4)C(=O)N)c1F;CCCS(=O)(=O)Nc1ccc(c
[16:20:15] ~~~~~~~~~~~~~~~~~~~~^
[16:20:15] SMILES Parse Error: Failed parsing SMILES 'CCCS(=O)(=O)Nc1ccc(F)c(C(=O)c2c[nH]c3ncc(cc23)c4cccc(c4)C(=O)N)c1F;CCCS(=O)(=O)Nc1ccc(c(c1F)C(=O)c2c[nH]c3c2cc(cn3)c4cccc(c4)C(=O)N)F' for input: 'CCCS(=O)(=O)Nc1ccc(F)c(C(=O)c2c[nH]c3ncc(cc23)c4cccc(c4)C(=O)N)c1F;CCCS(=O)(=O)Nc1ccc(c(c1F)C(=O)c2c[nH]c3c2cc(cn3)c4cccc(c4)C(=O)N)F'
[16:20:15] SMILES Parse Error: syntax error while parsing: CN(C)CC#Cc1ccc(OCCCc2sc(nc2C(=O)O)N3CCc4cccc(C(=O)Nc5nc6ccccc6s5)c4C3)cc1;CN(C)CC#Cc1ccc(cc1)OCCCc2c(nc(s2)N3CCc4cccc(c4C3)C(=O)Nc5nc6ccccc6s5)C(=O)O
[16:20:15] [16:20:15] SMILES Parse Error: check for mistakes around position SMILES Parse Error: 74syntax error[16:20:15] : while parsing: SMILES Parse Error: 
CN(C)CC#Cc1ccc(OCCCc2sc(nc2C(=O)O)N3CCc4cccc(C(=O)Nc5nc6ccccc6s5)c4C3)cc1;CN(C)CC#Cc1ccc(cc1)OCCCc2c(nc(s2)N3CCc4cccc(c4C3)C(=O)Nc5nc6ccccc6s5)C(=O)Osyntax error[16:20:15] 
 while parsing: nc6ccccc6s5)c4C3)cc1;CN(C)CC#Cc1ccc(cc1)O[16:20:15] CN(C)CC#Cc1ccc(OCCCc2sc(nc2C(=O)O)N3CCc4cccc(C(=O)Nc5nc6ccccc6s5)c4C3)cc1;CN(C)CC#Cc1ccc(cc1)OCCCc2c(nc(s2)N3CCc4cccc(c4C3)C(=O)Nc5nc6ccccc6s5)C(=O)O
SMILES Parse Error: check for mistakes around position 
[16:20:15] 74[16:20:15] ~~~~~~~~~~~~~~~~~~~~:SMILES Parse Error: check for mistakes around position ^
74
[16:20:15] :nc6ccccc6s5)c4C3)cc1;CN(C)CC#Cc1ccc(cc1)O
[16:20:15] 
[16:20:15] SMILES[16:20:15] nc6ccccc6s5)c4C3)cc1;CN(C)CC#Cc1ccc(cc1)O Parse Error: ~~~~~~~~~~~~~~~~~~~~
Failed parsing SMILES 'CN(C)CC#Cc1ccc(OCCCc2sc(nc2C(=O)O)N3CCc4cccc(C(=O)Nc5nc6ccccc6s5)c4C3)cc1;CN(C)CC#Cc1ccc(cc1)OCCCc2c(nc(s2)N3CCc4cccc(c4C3)C(=O)Nc5nc6ccccc6s5)C(=O)O'^[16:20:15]  for input: '
~~~~~~~~~~~~~~~~~~~~CN(C)CC#Cc1ccc(OCCCc2sc(nc2C(=O)O)N3CCc4cccc(C(=O)Nc5nc6ccccc6s5)c4C3)cc1;CN(C)CC#Cc1ccc(cc1)OCCCc2c(nc(s2)N3CCc4cccc(c4C3)C(=O)Nc5nc6ccccc6s5)C(=O)O^'[16:20:15] 

SMILES Parse Error: [16:20:15] Failed parsing SMILES 'CN(C)CC#Cc1ccc(OCCCc2sc(nc2C(=O)O)N3CCc4cccc(C(=O)Nc5nc6ccccc6s5)c4C3)cc1;CN(C)CC#Cc1ccc(cc1)OCCCc2c(nc(s2)N3CCc4cccc(c4C3)C(=O)Nc5nc6ccccc6s5)C(=O)O'SMILES for input: ' Parse Error: CN(C)CC#Cc1ccc(OCCCc2sc(nc2C(=O)O)N3CCc4cccc(C(=O)Nc5nc6ccccc6s5)c4C3)cc1;CN(C)CC#Cc1ccc(cc1)OCCCc2c(nc(s2)N3CCc4cccc(c4C3)C(=O)Nc5nc6ccccc6s5)C(=O)OFailed parsing SMILES 'CN(C)CC#Cc1ccc(OCCCc2sc(nc2C(=O)O)N3CCc4cccc(C(=O)Nc5nc6ccccc6s5)c4C3)cc1;CN(C)CC#Cc1ccc(cc1)OCCCc2c(nc(s2)N3CCc4cccc(c4C3)C(=O)Nc5nc6ccccc6s5)C(=O)O'' for input: '
CN(C)CC#Cc1ccc(OCCCc2sc(nc2C(=O)O)N3CCc4cccc(C(=O)Nc5nc6ccccc6s5)c4C3)cc1;CN(C)CC#Cc1ccc(cc1)OCCCc2c(nc(s2)N3CCc4cccc(c4C3)C(=O)Nc5nc6ccccc6s5)C(=O)O'
[16:20:15] SMILES Parse Error: syntax error while parsing: CCCS(=O)(=O)Nc1ccc(F)c(C(=O)c2c[nH]c3ncc(cc23)c4cccc(c4)C(=O)N)c1F;CCCS(=O)(=O)Nc1ccc(c(c1F)C(=O)c2c[nH]c3c2cc(cn3)c4cccc(c4)C(=O)N)F
[16:20:15] SMILES Parse Error: check for mistakes around position 67:
[16:20:15] c4cccc(c4)C(=O)N)c1F;CCCS(=O)(=O)Nc1ccc(c[16:20:15] 
SMILES Parse Error: [16:20:15] [16:20:15] syntax errorSMILES Parse Error: ~~~~~~~~~~~~~~~~~~~~ while parsing: syntax error^CCCS(=O)(=O)Nc1ccc(F)c(C(=O)c2c[nH]c3ncc(cc23)c4cccc(c4)C(=O)N)c1F;CCCS(=O)(=O)Nc1ccc(c(c1F)C(=O)c2c[nH]c3c2cc(cn3)c4cccc(c4)C(=O)N)F while parsing: 

CCCS(=O)(=O)Nc1ccc(F)c(C(=O)c2c[nH]c3ncc(cc23)c4cccc(c4)C(=O)N)c1F;CCCS(=O)(=O)Nc1ccc(c(c1F)C(=O)c2c[nH]c3c2cc(cn3)c4cccc(c4)C(=O)N)F[16:20:15] 
[16:20:15] SMILES Parse Error: check for mistakes around position [16:20:15] SMILES67SMILES Parse Error: check for mistakes around position  Parse Error: :67Failed parsing SMILES 'CCCS(=O)(=O)Nc1ccc(F)c(C(=O)c2c[nH]c3ncc(cc23)c4cccc(c4)C(=O)N)c1F;CCCS(=O)(=O)Nc1ccc(c(c1F)C(=O)c2c[nH]c3c2cc(cn3)c4cccc(c4)C(=O)N)F'
: for input: '[16:20:15] 
CCCS(=O)(=O)Nc1ccc(F)c(C(=O)c2c[nH]c3ncc(cc23)c4cccc(c4)C(=O)N)c1F;CCCS(=O)(=O)Nc1ccc(c(c1F)C(=O)c2c[nH]c3c2cc(cn3)c4cccc(c4)C(=O)N)Fc4cccc(c4)C(=O)N)c1F;CCCS(=O)(=O)Nc1ccc(c[16:20:15] '
c4cccc(c4)C(=O)N)c1F;CCCS(=O)(=O)Nc1ccc(c
[16:20:15] 
~~~~~~~~~~~~~~~~~~~~[16:20:15] ^~~~~~~~~~~~~~~~~~~~~
^
[16:20:15] SMILES[16:20:15]  Parse Error: SMILESFailed parsing SMILES 'CCCS(=O)(=O)Nc1ccc(F)c(C(=O)c2c[nH]c3ncc(cc23)c4cccc(c4)C(=O)N)c1F;CCCS(=O)(=O)Nc1ccc(c(c1F)C(=O)c2c[nH]c3c2cc(cn3)c4cccc(c4)C(=O)N)F' Parse Error:  for input: 'Failed parsing SMILES 'CCCS(=O)(=O)Nc1ccc(F)c(C(=O)c2c[nH]c3ncc(cc23)c4cccc(c4)C(=O)N)c1F;CCCS(=O)(=O)Nc1ccc(c(c1F)C(=O)c2c[nH]c3c2cc(cn3)c4cccc(c4)C(=O)N)F'CCCS(=O)(=O)Nc1ccc(F)c(C(=O)c2c[nH]c3ncc(cc23)c4cccc(c4)C(=O)N)c1F;CCCS(=O)(=O)Nc1ccc(c(c1F)C(=O)c2c[nH]c3c2cc(cn3)c4cccc(c4)C(=O)N)F for input: ''CCCS(=O)(=O)Nc1ccc(F)c(C(=O)c2c[nH]c3ncc(cc23)c4cccc(c4)C(=O)N)c1F;CCCS(=O)(=O)Nc1ccc(c(c1F)C(=O)c2c[nH]c3c2cc(cn3)c4cccc(c4)C(=O)N)F
'
  0%|          | 0/118 [00:00<?, ?it/s][16:20:15] SMILES Parse Error: syntax error while parsing: Antibody
[16:20:15] SMILES Parse Error: check for mistakes around position 1:
[16:20:15] Antibody
[16:20:15] ^
[16:20:15] SMILES Parse Error: Failed parsing SMILES 'Antibody' for input: 'Antibody'
[16:20:15] SMILES Parse Error: syntax error while parsing: CC(=O)N1CCN(CCOc2ccc(cc2)C3CCN(CC3)C4=Nn5c(CC4)nnc5C(F)(F)F)CC1;CC(=O)N1CCN(CC1)CCOc2ccc(cc2)C3CCN(CC3)C4=Nn5c(nnc5C(F)(F)F)CC4
[16:20:15] SMILES Parse Error: check for mistakes around position 64:
[16:20:15] CC4)nnc5C(F)(F)F)CC1;CC(=O)N1CCN(CC1)CCOc
[16:20:15] ~~~~~~~~~~~~~~~~~~~~^[16:20:15] 
SMILES Parse Error: syntax error while parsing: [16:20:15] C[C@@]1(O)C[C@@H](C1)c2nc(c3ccc4ccc(nc4c3)c5ccccc5)c6c(N)nccn26;C[C@]1(C[C@@H](C1)c2n3c(c(ncc3)N)c(n2)c4cc5nc(ccc5cc4)c6ccccc6)OSMILES
 Parse Error: [16:20:15] Failed parsing SMILES 'CC(=O)N1CCN(CCOc2ccc(cc2)C3CCN(CC3)C4=Nn5c(CC4)nnc5C(F)(F)F)CC1;CC(=O)N1CCN(CC1)CCOc2ccc(cc2)C3CCN(CC3)C4=Nn5c(nnc5C(F)(F)F)CC4'SMILES Parse Error: check for mistakes around position  for input: '64CC(=O)N1CCN(CCOc2ccc(cc2)C3CCN(CC3)C4=Nn5c(CC4)nnc5C(F)(F)F)CC1;CC(=O)N1CCN(CC1)CCOc2ccc(cc2)C3CCN(CC3)C4=Nn5c(nnc5C(F)(F)F)CC4:'

[16:20:15] 5ccccc5)c6c(N)nccn26;C[C@]1(C[C@@H](C1)c2
[16:20:15] ~~~~~~~~~~~~~~~~~~~~^
[16:20:15] SMILES Parse Error: Failed parsing SMILES 'C[C@@]1(O)C[C@@H](C1)c2nc(c3ccc4ccc(nc4c3)c5ccccc5)c6c(N)nccn26;C[C@]1(C[C@@H](C1)c2n3c(c(ncc3)N)c(n2)c4cc5nc(ccc5cc4)c6ccccc6)O' for input: 'C[C@@]1(O)C[C@@H](C1)c2nc(c3ccc4ccc(nc4c3)c5ccccc5)c6c(N)nccn26;C[C@]1(C[C@@H](C1)c2n3c(c(ncc3)N)c(n2)c4cc5nc(ccc5cc4)c6ccccc6)O'
 52%|█████▏    | 61/118 [00:00<00:00, 602.24it/s] 44%|████▍     | 52/118 [00:00<00:00, 514.32it/s] 46%|████▌     | 54/118 [00:00<00:00, 533.78it/s] 44%|████▍     | 52/118 [00:00<00:00, 517.65it/s][16:20:15] SMILES Parse Error: syntax error while parsing: OCCONC(=O)c1ccc2cncn2c1Nc3ccc(I)cc3F;c1cc(c(cc1I)F)Nc2c(ccc3n2cnc3)C(=O)NOCCO
[16:20:15] SMILES Parse Error: check for mistakes around position 37:
[16:20:15] cncn2c1Nc3ccc(I)cc3F;c1cc(c(cc1I)F)Nc2c(c
[16:20:15] ~~~~~~~~~~~~~~~~~~~~^
[16:20:15] SMILES Parse Error: Failed parsing SMILES 'OCCONC(=O)c1ccc2cncn2c1Nc3ccc(I)cc3F;c1cc(c(cc1I)F)Nc2c(ccc3n2cnc3)C(=O)NOCCO' for input: 'OCCONC(=O)c1ccc2cncn2c1Nc3ccc(I)cc3F;c1cc(c(cc1I)F)Nc2c(ccc3n2cnc3)C(=O)NOCCO'
[16:20:15] SMILES Parse Error: syntax error while parsing: C[C@@]1(O)C[C@@H](C1)c2nc(c3ccc4ccc(nc4c3)c5ccccc5)c6c(N)nccn26;C[C@]1(C[C@@H](C1)c2n3c(c(ncc3)N)c(n2)c4cc5nc(ccc5cc4)c6ccccc6)O
[16:20:15] SMILES Parse Error: check for mistakes around position 64:
[16:20:15] 5ccccc5)c6c(N)nccn26;C[C@]1(C[C@@H](C1)c2
[16:20:15] ~~~~~~~~~~~~~~~~~~~~^
[16:20:15] SMILES Parse Error: Failed parsing SMILES 'C[C@@]1(O)C[C@@H](C1)c2nc(c3ccc4ccc(nc4c3)c5ccccc5)c6c(N)nccn26;C[C@]1(C[C@@H](C1)c2n3c(c(ncc3)N)c(n2)c4cc5nc(ccc5cc4)c6ccccc6)O' for input: 'C[C@@]1(O)C[C@@H](C1)c2nc(c3ccc4ccc(nc4c3)c5ccccc5)c6c(N)nccn26;C[C@]1(C[C@@H](C1)c2n3c(c(ncc3)N)c(n2)c4cc5nc(ccc5cc4)c6ccccc6)O'
[16:20:15] SMILES Parse Error: syntax error while parsing: C[C@@]1(O)C[C@@H](C1)c2nc(c3ccc4ccc(nc4c3)c5ccccc5)c6c(N)nccn26;C[C@]1(C[C@@H](C1)c2n3c(c(ncc3)N)c(n2)c4cc5nc(ccc5cc4)c6ccccc6)O
[16:20:15] [16:20:15] SMILES Parse Error: SMILES Parse Error: check for mistakes around position syntax error64 while parsing: :[16:20:15] C[C@@]1(O)C[C@@H](C1)c2nc(c3ccc4ccc(nc4c3)c5ccccc5)c6c(N)nccn26;C[C@]1(C[C@@H](C1)c2n3c(c(ncc3)N)c(n2)c4cc5nc(ccc5cc4)c6ccccc6)O
SMILES Parse Error: 
[16:20:15] syntax error[16:20:15] 5ccccc5)c6c(N)nccn26;C[C@]1(C[C@@H](C1)c2 while parsing: SMILES Parse Error: check for mistakes around position 
CN(C)CC#Cc1ccc(OCCCc2sc(nc2C(=O)O)N3CCc4cccc(C(=O)Nc5nc6ccccc6s5)c4C3)cc1;CN(C)CC#Cc1ccc(cc1)OCCCc2c(nc(s2)N3CCc4cccc(c4C3)C(=O)Nc5nc6ccccc6s5)C(=O)O64[16:20:15] 
:~~~~~~~~~~~~~~~~~~~~[16:20:15] 
^SMILES Parse Error: check for mistakes around position [16:20:15] 
745ccccc5)c6c(N)nccn26;C[C@]1(C[C@@H](C1)c2:
[16:20:15] 
[16:20:15] SMILES[16:20:15] ~~~~~~~~~~~~~~~~~~~~ Parse Error: nc6ccccc6s5)c4C3)cc1;CN(C)CC#Cc1ccc(cc1)O^Failed parsing SMILES 'C[C@@]1(O)C[C@@H](C1)c2nc(c3ccc4ccc(nc4c3)c5ccccc5)c6c(N)nccn26;C[C@]1(C[C@@H](C1)c2n3c(c(ncc3)N)c(n2)c4cc5nc(ccc5cc4)c6ccccc6)O'

 for input: '[16:20:15] C[C@@]1(O)C[C@@H](C1)c2nc(c3ccc4ccc(nc4c3)c5ccccc5)c6c(N)nccn26;C[C@]1(C[C@@H](C1)c2n3c(c(ncc3)N)c(n2)c4cc5nc(ccc5cc4)c6ccccc6)O~~~~~~~~~~~~~~~~~~~~[16:20:15] '^SMILES

 Parse Error: Failed parsing SMILES 'C[C@@]1(O)C[C@@H](C1)c2nc(c3ccc4ccc(nc4c3)c5ccccc5)c6c(N)nccn26;C[C@]1(C[C@@H](C1)c2n3c(c(ncc3)N)c(n2)c4cc5nc(ccc5cc4)c6ccccc6)O' for input: '[16:20:15] C[C@@]1(O)C[C@@H](C1)c2nc(c3ccc4ccc(nc4c3)c5ccccc5)c6c(N)nccn26;C[C@]1(C[C@@H](C1)c2n3c(c(ncc3)N)c(n2)c4cc5nc(ccc5cc4)c6ccccc6)OSMILES' Parse Error: 
Failed parsing SMILES 'CN(C)CC#Cc1ccc(OCCCc2sc(nc2C(=O)O)N3CCc4cccc(C(=O)Nc5nc6ccccc6s5)c4C3)cc1;CN(C)CC#Cc1ccc(cc1)OCCCc2c(nc(s2)N3CCc4cccc(c4C3)C(=O)Nc5nc6ccccc6s5)C(=O)O' for input: 'CN(C)CC#Cc1ccc(OCCCc2sc(nc2C(=O)O)N3CCc4cccc(C(=O)Nc5nc6ccccc6s5)c4C3)cc1;CN(C)CC#Cc1ccc(cc1)OCCCc2c(nc(s2)N3CCc4cccc(c4C3)C(=O)Nc5nc6ccccc6s5)C(=O)O'
[16:20:15] SMILES Parse Error: syntax error while parsing: OCCONC(=O)c1ccc2cncn2c1Nc3ccc(I)cc3F;c1cc(c(cc1I)F)Nc2c(ccc3n2cnc3)C(=O)NOCCO
[16:20:15] SMILES Parse Error: check for mistakes around position 37:
[16:20:15] cncn2c1Nc3ccc(I)cc3F;c1cc(c(cc1I)F)Nc2c(c
[16:20:15] ~~~~~~~~~~~~~~~~~~~~^
[16:20:15] SMILES Parse Error: Failed parsing SMILES 'OCCONC(=O)c1ccc2cncn2c1Nc3ccc(I)cc3F;c1cc(c(cc1I)F)Nc2c(ccc3n2cnc3)C(=O)NOCCO' for input: 'OCCONC(=O)c1ccc2cncn2c1Nc3ccc(I)cc3F;c1cc(c(cc1I)F)Nc2c(ccc3n2cnc3)C(=O)NOCCO'
[16:20:15] SMILES Parse Error: syntax error while parsing: CCCS(=O)(=O)Nc1ccc(F)c(C(=O)c2c[nH]c3ncc(cc23)c4cccc(c4)C(=O)N)c1F;CCCS(=O)(=O)Nc1ccc(c(c1F)C(=O)c2c[nH]c3c2cc(cn3)c4cccc(c4)C(=O)N)F
[16:20:15] SMILES Parse Error: check for mistakes around position 67:
[16:20:15] c4cccc(c4)C(=O)N)c1F;CCCS(=O)(=O)Nc1ccc(c
[16:20:15] ~~~~~~~~~~~~~~~~~~~~^
[16:20:15] SMILES Parse Error: Failed parsing SMILES 'CCCS(=O)(=O)Nc1ccc(F)c(C(=O)c2c[nH]c3ncc(cc23)c4cccc(c4)C(=O)N)c1F;CCCS(=O)(=O)Nc1ccc(c(c1F)C(=O)c2c[nH]c3c2cc(cn3)c4cccc(c4)C(=O)N)F' for input: 'CCCS(=O)(=O)Nc1ccc(F)c(C(=O)c2c[nH]c3ncc(cc23)c4cccc(c4)C(=O)N)c1F;CCCS(=O)(=O)Nc1ccc(c(c1F)C(=O)c2c[nH]c3c2cc(cn3)c4cccc(c4)C(=O)N)F'
[16:20:15] SMILES Parse Error: syntax error while parsing: OCCONC(=O)c1ccc2cncn2c1Nc3ccc(I)cc3F;c1cc(c(cc1I)F)Nc2c(ccc3n2cnc3)C(=O)NOCCO
[16:20:15] SMILES Parse Error: check for mistakes around position 37:[16:20:15] 
SMILES Parse Error: [16:20:15] syntax errorcncn2c1Nc3ccc(I)cc3F;c1cc(c(cc1I)F)Nc2c(c while parsing: 
OCCONC(=O)c1ccc2cncn2c1Nc3ccc(I)cc3F;c1cc(c(cc1I)F)Nc2c(ccc3n2cnc3)C(=O)NOCCO[16:20:15] 
~~~~~~~~~~~~~~~~~~~~[16:20:15] ^SMILES Parse Error: check for mistakes around position 
37:
[16:20:15] [16:20:15] SMILEScncn2c1Nc3ccc(I)cc3F;c1cc(c(cc1I)F)Nc2c(c Parse Error: 
Failed parsing SMILES 'OCCONC(=O)c1ccc2cncn2c1Nc3ccc(I)cc3F;c1cc(c(cc1I)F)Nc2c(ccc3n2cnc3)C(=O)NOCCO'[16:20:15]  for input: '~~~~~~~~~~~~~~~~~~~~OCCONC(=O)c1ccc2cncn2c1Nc3ccc(I)cc3F;c1cc(c(cc1I)F)Nc2c(ccc3n2cnc3)C(=O)NOCCO^'

[16:20:15] SMILES Parse Error: Failed parsing SMILES 'OCCONC(=O)c1ccc2cncn2c1Nc3ccc(I)cc3F;c1cc(c(cc1I)F)Nc2c(ccc3n2cnc3)C(=O)NOCCO' for input: 'OCCONC(=O)c1ccc2cncn2c1Nc3ccc(I)cc3F;c1cc(c(cc1I)F)Nc2c(ccc3n2cnc3)C(=O)NOCCO'
[16:20:15] SMILES Parse Error: syntax error while parsing: CS(=O)(=O)c1ccc(Nc2cncc(n2)c3cnc4ccccn34)cc1;CS(=O)(=O)c1ccc(cc1)Nc2cncc(n2)c3cnc4n3cccc4
[16:20:15] SMILES Parse Error: check for mistakes around position 45:
[16:20:15] n2)c3cnc4ccccn34)cc1;CS(=O)(=O)c1ccc(cc1)
[16:20:15] ~~~~~~~~~~~~~~~~~~~~^
[16:20:15] SMILES Parse Error: Failed parsing SMILES 'CS(=O)(=O)c1ccc(Nc2cncc(n2)c3cnc4ccccn34)cc1;CS(=O)(=O)c1ccc(cc1)Nc2cncc(n2)c3cnc4n3cccc4' for input: 'CS(=O)(=O)c1ccc(Nc2cncc(n2)c3cnc4ccccn34)cc1;CS(=O)(=O)c1ccc(cc1)Nc2cncc(n2)c3cnc4n3cccc4'
[16:20:15] SMILES Parse Error: syntax error while parsing: CS(=O)(=O)c1ccc(Nc2cncc(n2)c3cnc4ccccn34)cc1;CS(=O)(=O)c1ccc(cc1)Nc2cncc(n2)c3cnc4n3cccc4
[16:20:15] SMILES Parse Error: check for mistakes around position 45:
[16:20:15] n2)c3cnc4ccccn34)cc1;CS(=O)(=O)c1ccc(cc1)
[16:20:15] ~~~~~~~~~~~~~~~~~~~~^
[16:20:15] SMILES Parse Error: Failed parsing SMILES 'CS(=O)(=O)c1ccc(Nc2cncc(n2)c3cnc4ccccn34)cc1;CS(=O)(=O)c1ccc(cc1)Nc2cncc(n2)c3cnc4n3cccc4' for input: 'CS(=O)(=O)c1ccc(Nc2cncc(n2)c3cnc4ccccn34)cc1;CS(=O)(=O)c1ccc(cc1)Nc2cncc(n2)c3cnc4n3cccc4'
[16:20:15] SMILES Parse Error: syntax error while parsing: CS(=O)(=O)c1ccc(Nc2cncc(n2)c3cnc4ccccn34)cc1;CS(=O)(=O)c1ccc(cc1)Nc2cncc(n2)c3cnc4n3cccc4
[16:20:15] SMILES Parse Error: check for mistakes around position 45:
[16:20:15] n2)c3cnc4ccccn34)cc1;CS(=O)(=O)c1ccc(cc1)
[16:20:15] ~~~~~~~~~~~~~~~~~~~~^[16:20:15] 
SMILES Parse Error: syntax error[16:20:15]  while parsing: SMILESCS(=O)(=O)c1ccc(Nc2cncc(n2)c3cnc4ccccn34)cc1;CS(=O)(=O)c1ccc(cc1)Nc2cncc(n2)c3cnc4n3cccc4 Parse Error: 
Failed parsing SMILES 'CS(=O)(=O)c1ccc(Nc2cncc(n2)c3cnc4ccccn34)cc1;CS(=O)(=O)c1ccc(cc1)Nc2cncc(n2)c3cnc4n3cccc4'[16:20:15]  for input: 'SMILES Parse Error: check for mistakes around position CS(=O)(=O)c1ccc(Nc2cncc(n2)c3cnc4ccccn34)cc1;CS(=O)(=O)c1ccc(cc1)Nc2cncc(n2)c3cnc4n3cccc445':

[16:20:15] n2)c3cnc4ccccn34)cc1;CS(=O)(=O)c1ccc(cc1)
[16:20:15] ~~~~~~~~~~~~~~~~~~~~^
[16:20:15] SMILES Parse Error: Failed parsing SMILES 'CS(=O)(=O)c1ccc(Nc2cncc(n2)c3cnc4ccccn34)cc1;CS(=O)(=O)c1ccc(cc1)Nc2cncc(n2)c3cnc4n3cccc4' for input: 'CS(=O)(=O)c1ccc(Nc2cncc(n2)c3cnc4ccccn34)cc1;CS(=O)(=O)c1ccc(cc1)Nc2cncc(n2)c3cnc4n3cccc4'
[16:20:15] SMILES Parse Error: syntax error while parsing: C[C@@]1(O)C[C@@H](C1)c2nc(c3ccc4ccc(nc4c3)c5ccccc5)c6c(N)nccn26;C[C@]1(C[C@@H](C1)c2n3c(c(ncc3)N)c(n2)c4cc5nc(ccc5cc4)c6ccccc6)O
[16:20:15] SMILES Parse Error: check for mistakes around position 64:
[16:20:15] 5ccccc5)c6c(N)nccn26;C[C@]1(C[C@@H](C1)c2
[16:20:15] ~~~~~~~~~~~~~~~~~~~~^
[16:20:15] SMILES Parse Error: Failed parsing SMILES 'C[C@@]1(O)C[C@@H](C1)c2nc(c3ccc4ccc(nc4c3)c5ccccc5)c6c(N)nccn26;C[C@]1(C[C@@H](C1)c2n3c(c(ncc3)N)c(n2)c4cc5nc(ccc5cc4)c6ccccc6)O' for input: 'C[C@@]1(O)C[C@@H](C1)c2nc(c3ccc4ccc(nc4c3)c5ccccc5)c6c(N)nccn26;C[C@]1(C[C@@H](C1)c2n3c(c(ncc3)N)c(n2)c4cc5nc(ccc5cc4)c6ccccc6)O'
 51%|█████     | 60/118 [00:00<00:00, 587.09it/s]100%|██████████| 118/118 [00:00<00:00, 649.89it/s]
[16:20:15] SMILES Parse Error: syntax error while parsing: OCCONC(=O)c1ccc2cncn2c1Nc3ccc(I)cc3F;c1cc(c(cc1I)F)Nc2c(ccc3n2cnc3)C(=O)NOCCO
[16:20:15] SMILES Parse Error: check for mistakes around position 37:
[16:20:15] cncn2c1Nc3ccc(I)cc3F;c1cc(c(cc1I)F)Nc2c(c
[16:20:15] ~~~~~~~~~~~~~~~~~~~~^
[16:20:15] SMILES Parse Error: Failed parsing SMILES 'OCCONC(=O)c1ccc2cncn2c1Nc3ccc(I)cc3F;c1cc(c(cc1I)F)Nc2c(ccc3n2cnc3)C(=O)NOCCO' for input: 'OCCONC(=O)c1ccc2cncn2c1Nc3ccc(I)cc3F;c1cc(c(cc1I)F)Nc2c(ccc3n2cnc3)C(=O)NOCCO'
100%|██████████| 118/118 [00:00<00:00, 614.17it/s]
 98%|█████████▊| 116/118 [00:00<00:00, 587.24it/s] 99%|█████████▉| 117/118 [00:00<00:00, 589.12it/s]100%|██████████| 118/118 [00:00<00:00, 580.66it/s]
100%|██████████| 118/118 [00:00<00:00, 579.80it/s]
[16:20:15] SMILES Parse Error: syntax error while parsing: CS(=O)(=O)c1ccc(Nc2cncc(n2)c3cnc4ccccn34)cc1;CS(=O)(=O)c1ccc(cc1)Nc2cncc(n2)c3cnc4n3cccc4
[16:20:15] SMILES Parse Error: check for mistakes around position 45:
[16:20:15] n2)c3cnc4ccccn34)cc1;CS(=O)(=O)c1ccc(cc1)
[16:20:15] ~~~~~~~~~~~~~~~~~~~~^
[16:20:15] SMILES Parse Error: Failed parsing SMILES 'CS(=O)(=O)c1ccc(Nc2cncc(n2)c3cnc4ccccn34)cc1;CS(=O)(=O)c1ccc(cc1)Nc2cncc(n2)c3cnc4n3cccc4' for input: 'CS(=O)(=O)c1ccc(Nc2cncc(n2)c3cnc4ccccn34)cc1;CS(=O)(=O)c1ccc(cc1)Nc2cncc(n2)c3cnc4n3cccc4'
100%|██████████| 118/118 [00:00<00:00, 642.72it/s]
/scratch/phys/sin/gonzalm9/tabular_molec/cat_drug_synergy/./src/model/evaluation.py:85: ConstantInputWarning: An input array is constant; the correlation coefficient is not defined.
  rho_i, _ = pearsonr(y_pred[mask], y_true[mask])
/scratch/phys/sin/gonzalm9/tabular_molec/cat_drug_synergy/./src/model/evaluation.py:85: ConstantInputWarning: An input array is constant; the correlation coefficient is not defined.
  rho_i, _ = pearsonr(y_pred[mask], y_true[mask])
/scratch/phys/sin/gonzalm9/tabular_molec/cat_drug_synergy/./src/model/evaluation.py:85: ConstantInputWarning: An input array is constant; the correlation coefficient is not defined.
  rho_i, _ = pearsonr(y_pred[mask], y_true[mask])
/scratch/phys/sin/gonzalm9/tabular_molec/cat_drug_synergy/./src/model/evaluation.py:85: ConstantInputWarning: An input array is constant; the correlation coefficient is not defined.
  rho_i, _ = pearsonr(y_pred[mask], y_true[mask])
/scratch/phys/sin/gonzalm9/tabular_molec/cat_drug_synergy/./src/model/evaluation.py:85: ConstantInputWarning: An input array is constant; the correlation coefficient is not defined.
  rho_i, _ = pearsonr(y_pred[mask], y_true[mask])
/scratch/phys/sin/gonzalm9/tabular_molec/cat_drug_synergy/./src/model/evaluation.py:85: ConstantInputWarning: An input array is constant; the correlation coefficient is not defined.
  rho_i, _ = pearsonr(y_pred[mask], y_true[mask])
/scratch/phys/sin/gonzalm9/tabular_molec/cat_drug_synergy/./src/model/evaluation.py:85: ConstantInputWarning: An input array is constant; the correlation coefficient is not defined.
  rho_i, _ = pearsonr(y_pred[mask], y_true[mask])
/scratch/phys/sin/gonzalm9/tabular_molec/cat_drug_synergy/./src/model/evaluation.py:85: ConstantInputWarning: An input array is constant; the correlation coefficient is not defined.
  rho_i, _ = pearsonr(y_pred[mask], y_true[mask])
/scratch/phys/sin/gonzalm9/tabular_molec/cat_drug_synergy/./src/model/evaluation.py:85: ConstantInputWarning: An input array is constant; the correlation coefficient is not defined.
  rho_i, _ = pearsonr(y_pred[mask], y_true[mask])
/scratch/phys/sin/gonzalm9/tabular_molec/cat_drug_synergy/./src/model/evaluation.py:85: ConstantInputWarning: An input array is constant; the correlation coefficient is not defined.
  rho_i, _ = pearsonr(y_pred[mask], y_true[mask])
/scratch/phys/sin/gonzalm9/tabular_molec/cat_drug_synergy/./src/model/evaluation.py:85: ConstantInputWarning: An input array is constant; the correlation coefficient is not defined.
  rho_i, _ = pearsonr(y_pred[mask], y_true[mask])
/scratch/phys/sin/gonzalm9/tabular_molec/cat_drug_synergy/./src/model/evaluation.py:85: ConstantInputWarning: An input array is constant; the correlation coefficient is not defined.
  rho_i, _ = pearsonr(y_pred[mask], y_true[mask])
/scratch/phys/sin/gonzalm9/tabular_molec/cat_drug_synergy/./src/model/evaluation.py:85: ConstantInputWarning: An input array is constant; the correlation coefficient is not defined.
  rho_i, _ = pearsonr(y_pred[mask], y_true[mask])
/scratch/phys/sin/gonzalm9/tabular_molec/cat_drug_synergy/./src/model/evaluation.py:85: ConstantInputWarning: An input array is constant; the correlation coefficient is not defined.
  rho_i, _ = pearsonr(y_pred[mask], y_true[mask])
/scratch/phys/sin/gonzalm9/tabular_molec/cat_drug_synergy/./src/model/evaluation.py:85: ConstantInputWarning: An input array is constant; the correlation coefficient is not defined.
  rho_i, _ = pearsonr(y_pred[mask], y_true[mask])
/scratch/phys/sin/gonzalm9/tabular_molec/cat_drug_synergy/./src/model/evaluation.py:85: ConstantInputWarning: An input array is constant; the correlation coefficient is not defined.
  rho_i, _ = pearsonr(y_pred[mask], y_true[mask])
/scratch/phys/sin/gonzalm9/tabular_molec/cat_drug_synergy/./src/model/evaluation.py:85: ConstantInputWarning: An input array is constant; the correlation coefficient is not defined.
  rho_i, _ = pearsonr(y_pred[mask], y_true[mask])
