==> Running PyTorch Tabular for seed 0
Failed to convert 17/118 SMILES strings to Morgan fingerprints
Setting them to arrays with NaN values
Dropped 726 rows with missing fingerprints
Training and evaluating Linear Regression...
2025-03-13 15:00:00,427 - {pytorch_tabular.tabular_model:167} - INFO -          
Experiment Tracking is turned off                                               
2025-03-13 15:00:00,434 - {pytorch_tabular.tabular_model:342} - INFO - Preparing
the Trainer                                                                     
Encoding the data... ━━━━━━━━━━━━━━━━━━━━━━━━━━━━━━━━━━━━━━━━ 100% 0:00:00
Encoding the data... ━━━━━━━━━━━━━━━━━━━━━━━━━━━━━━━━━━━━━━━━ 100% 0:00:00
Encoding the data... ━━━━━━━━━━━━━━━━━━━━━━━━━━━━━━━━━━━━━━━━ 100% 0:00:00
Encoding the data... ━━━━━━━━━━━━━━━━━━━━━━━━━━━━━━━━━━━━━━━━ 100% 0:00:00
Linear Regression - Train Weighted Pearson Correlation: 0.2968
Linear Regression - Test Weighted Pearson Correlation: 0.1781
Linear Regression - LB Weighted Pearson Correlation: 0.2289

Training and evaluating Ridge Regression...
2025-03-13 15:00:05,121 - {pytorch_tabular.tabular_model:167} - INFO -          
Experiment Tracking is turned off                                               
2025-03-13 15:00:05,125 - {pytorch_tabular.tabular_model:342} - INFO - Preparing
the Trainer                                                                     
Encoding the data... ━━━━━━━━━━━━━━━━━━━━━━━━━━━━━━━━━━━━━━━━ 100% 0:00:00
Encoding the data... ━━━━━━━━━━━━━━━━━━━━━━━━━━━━━━━━━━━━━━━━ 100% 0:00:00
Encoding the data... ━━━━━━━━━━━━━━━━━━━━━━━━━━━━━━━━━━━━━━━━ 100% 0:00:00
Encoding the data... ━━━━━━━━━━━━━━━━━━━━━━━━━━━━━━━━━━━━━━━━ 100% 0:00:00
Ridge Regression - Train Weighted Pearson Correlation: 0.2953
Ridge Regression - Test Weighted Pearson Correlation: 0.1803
Ridge Regression - LB Weighted Pearson Correlation: 0.2374

Training and evaluating Lasso Regression...
2025-03-13 15:00:09,922 - {pytorch_tabular.tabular_model:167} - INFO -          
Experiment Tracking is turned off                                               
2025-03-13 15:00:09,926 - {pytorch_tabular.tabular_model:342} - INFO - Preparing
the Trainer                                                                     
Encoding the data... ━━━━━━━━━━━━━━━━━━━━━━━━━━━━━━━━━━━━━━━━ 100% 0:00:00
Encoding the data... ━━━━━━━━━━━━━━━━━━━━━━━━━━━━━━━━━━━━━━━━ 100% 0:00:00
Encoding the data... ━━━━━━━━━━━━━━━━━━━━━━━━━━━━━━━━━━━━━━━━ 100% 0:00:00
Encoding the data... ━━━━━━━━━━━━━━━━━━━━━━━━━━━━━━━━━━━━━━━━ 100% 0:00:00
Lasso Regression - Train Weighted Pearson Correlation: 0.1407
Lasso Regression - Test Weighted Pearson Correlation: 0.1460
Lasso Regression - LB Weighted Pearson Correlation: 0.1326

Training and evaluating ElasticNet Regression...
2025-03-13 15:00:14,039 - {pytorch_tabular.tabular_model:167} - INFO -          
Experiment Tracking is turned off                                               
2025-03-13 15:00:14,043 - {pytorch_tabular.tabular_model:342} - INFO - Preparing
the Trainer                                                                     
Encoding the data... ━━━━━━━━━━━━━━━━━━━━━━━━━━━━━━━━━━━━━━━━ 100% 0:00:00
Encoding the data... ━━━━━━━━━━━━━━━━━━━━━━━━━━━━━━━━━━━━━━━━ 100% 0:00:00
Encoding the data... ━━━━━━━━━━━━━━━━━━━━━━━━━━━━━━━━━━━━━━━━ 100% 0:00:00
Encoding the data... ━━━━━━━━━━━━━━━━━━━━━━━━━━━━━━━━━━━━━━━━ 100% 0:00:00
ElasticNet Regression - Train Weighted Pearson Correlation: 0.1464
ElasticNet Regression - Test Weighted Pearson Correlation: 0.1567
ElasticNet Regression - LB Weighted Pearson Correlation: 0.1394

Training and evaluating Bayesian Ridge Regression...
2025-03-13 15:00:18,359 - {pytorch_tabular.tabular_model:167} - INFO -          
Experiment Tracking is turned off                                               
2025-03-13 15:00:18,363 - {pytorch_tabular.tabular_model:342} - INFO - Preparing
the Trainer                                                                     
Encoding the data... ━━━━━━━━━━━━━━━━━━━━━━━━━━━━━━━━━━━━━━━━ 100% 0:00:00
Encoding the data... ━━━━━━━━━━━━━━━━━━━━━━━━━━━━━━━━━━━━━━━━ 100% 0:00:00
Encoding the data... ━━━━━━━━━━━━━━━━━━━━━━━━━━━━━━━━━━━━━━━━ 100% 0:00:00
Encoding the data... ━━━━━━━━━━━━━━━━━━━━━━━━━━━━━━━━━━━━━━━━ 100% 0:00:00
Bayesian Ridge Regression - Train Weighted Pearson Correlation: 0.1675
Bayesian Ridge Regression - Test Weighted Pearson Correlation: 0.1782
Bayesian Ridge Regression - LB Weighted Pearson Correlation: 0.1581

Training and evaluating Stochastic Gradient Descent...
2025-03-13 15:00:23,518 - {pytorch_tabular.tabular_model:167} - INFO -          
Experiment Tracking is turned off                                               
2025-03-13 15:00:23,523 - {pytorch_tabular.tabular_model:342} - INFO - Preparing
the Trainer                                                                     
Encoding the data... ━━━━━━━━━━━━━━━━━━━━━━━━━━━━━━━━━━━━━━━━ 100% 0:00:00
Encoding the data... ━━━━━━━━━━━━━━━━━━━━━━━━━━━━━━━━━━━━━━━━ 100% 0:00:00
Encoding the data... ━━━━━━━━━━━━━━━━━━━━━━━━━━━━━━━━━━━━━━━━ 100% 0:00:00
Encoding the data... ━━━━━━━━━━━━━━━━━━━━━━━━━━━━━━━━━━━━━━━━ 100% 0:00:00
Stochastic Gradient Descent - Train Weighted Pearson Correlation: -0.0568
Stochastic Gradient Descent - Test Weighted Pearson Correlation: -0.1126
Stochastic Gradient Descent - LB Weighted Pearson Correlation: -0.1407

Training and evaluating Decision Tree...
2025-03-13 15:00:27,991 - {pytorch_tabular.tabular_model:167} - INFO -          
Experiment Tracking is turned off                                               
2025-03-13 15:00:27,995 - {pytorch_tabular.tabular_model:342} - INFO - Preparing
the Trainer                                                                     
Encoding the data... ━━━━━━━━━━━━━━━━━━━━━━━━━━━━━━━━━━━━━━━━ 100% 0:00:00
Encoding the data... ━━━━━━━━━━━━━━━━━━━━━━━━━━━━━━━━━━━━━━━━ 100% 0:00:00
Encoding the data... ━━━━━━━━━━━━━━━━━━━━━━━━━━━━━━━━━━━━━━━━ 100% 0:00:00
Encoding the data... ━━━━━━━━━━━━━━━━━━━━━━━━━━━━━━━━━━━━━━━━ 100% 0:00:00
Decision Tree - Train Weighted Pearson Correlation: 1.0000
Decision Tree - Test Weighted Pearson Correlation: 0.0402
Decision Tree - LB Weighted Pearson Correlation: 0.0987

Training and evaluating Random Forest...
2025-03-13 15:00:32,193 - {pytorch_tabular.tabular_model:167} - INFO -          
Experiment Tracking is turned off                                               
2025-03-13 15:00:32,196 - {pytorch_tabular.tabular_model:342} - INFO - Preparing
the Trainer                                                                     
Encoding the data... ━━━━━━━━━━━━━━━━━━━━━━━━━━━━━━━━━━━━━━━━ 100% 0:00:00
Encoding the data... ━━━━━━━━━━━━━━━━━━━━━━━━━━━━━━━━━━━━━━━━ 100% 0:00:00
Encoding the data... ━━━━━━━━━━━━━━━━━━━━━━━━━━━━━━━━━━━━━━━━ 100% 0:00:00
Encoding the data... ━━━━━━━━━━━━━━━━━━━━━━━━━━━━━━━━━━━━━━━━ 100% 0:00:00
Random Forest - Train Weighted Pearson Correlation: 0.9730
Random Forest - Test Weighted Pearson Correlation: 0.2495
Random Forest - LB Weighted Pearson Correlation: 0.2361

Training and evaluating Extra Trees...
2025-03-13 15:00:56,778 - {pytorch_tabular.tabular_model:167} - INFO -          
Experiment Tracking is turned off                                               
2025-03-13 15:00:56,781 - {pytorch_tabular.tabular_model:342} - INFO - Preparing
the Trainer                                                                     
Encoding the data... ━━━━━━━━━━━━━━━━━━━━━━━━━━━━━━━━━━━━━━━━ 100% 0:00:00
Encoding the data... ━━━━━━━━━━━━━━━━━━━━━━━━━━━━━━━━━━━━━━━━ 100% 0:00:00
Encoding the data... ━━━━━━━━━━━━━━━━━━━━━━━━━━━━━━━━━━━━━━━━ 100% 0:00:00
Encoding the data... ━━━━━━━━━━━━━━━━━━━━━━━━━━━━━━━━━━━━━━━━ 100% 0:00:00
Extra Trees - Train Weighted Pearson Correlation: 1.0000
Extra Trees - Test Weighted Pearson Correlation: 0.1947
Extra Trees - LB Weighted Pearson Correlation: 0.1920

Training and evaluating AdaBoost...
2025-03-13 15:01:23,285 - {pytorch_tabular.tabular_model:167} - INFO -          
Experiment Tracking is turned off                                               
2025-03-13 15:01:23,289 - {pytorch_tabular.tabular_model:342} - INFO - Preparing
the Trainer                                                                     
Encoding the data... ━━━━━━━━━━━━━━━━━━━━━━━━━━━━━━━━━━━━━━━━ 100% 0:00:00
Encoding the data... ━━━━━━━━━━━━━━━━━━━━━━━━━━━━━━━━━━━━━━━━ 100% 0:00:00
Encoding the data... ━━━━━━━━━━━━━━━━━━━━━━━━━━━━━━━━━━━━━━━━ 100% 0:00:00
Encoding the data... ━━━━━━━━━━━━━━━━━━━━━━━━━━━━━━━━━━━━━━━━ 100% 0:00:00
AdaBoost - Train Weighted Pearson Correlation: 0.3002
AdaBoost - Test Weighted Pearson Correlation: 0.1342
AdaBoost - LB Weighted Pearson Correlation: 0.1650

Training and evaluating Gradient Boosting...
2025-03-13 15:01:30,877 - {pytorch_tabular.tabular_model:167} - INFO -          
Experiment Tracking is turned off                                               
2025-03-13 15:01:30,881 - {pytorch_tabular.tabular_model:342} - INFO - Preparing
the Trainer                                                                     
Encoding the data... ━━━━━━━━━━━━━━━━━━━━━━━━━━━━━━━━━━━━━━━━ 100% 0:00:00
Encoding the data... ━━━━━━━━━━━━━━━━━━━━━━━━━━━━━━━━━━━━━━━━ 100% 0:00:00
Encoding the data... ━━━━━━━━━━━━━━━━━━━━━━━━━━━━━━━━━━━━━━━━ 100% 0:00:00
Encoding the data... ━━━━━━━━━━━━━━━━━━━━━━━━━━━━━━━━━━━━━━━━ 100% 0:00:00
Gradient Boosting - Train Weighted Pearson Correlation: 0.6951
Gradient Boosting - Test Weighted Pearson Correlation: 0.2495
Gradient Boosting - LB Weighted Pearson Correlation: 0.2399

Training and evaluating XGBRegressor...
2025-03-13 15:01:38,741 - {pytorch_tabular.tabular_model:167} - INFO -          
Experiment Tracking is turned off                                               
2025-03-13 15:01:38,745 - {pytorch_tabular.tabular_model:342} - INFO - Preparing
the Trainer                                                                     
Encoding the data... ━━━━━━━━━━━━━━━━━━━━━━━━━━━━━━━━━━━━━━━━ 100% 0:00:00
Encoding the data... ━━━━━━━━━━━━━━━━━━━━━━━━━━━━━━━━━━━━━━━━ 100% 0:00:00
Encoding the data... ━━━━━━━━━━━━━━━━━━━━━━━━━━━━━━━━━━━━━━━━ 100% 0:00:00
Encoding the data... ━━━━━━━━━━━━━━━━━━━━━━━━━━━━━━━━━━━━━━━━ 100% 0:00:00
XGBRegressor - Train Weighted Pearson Correlation: 0.9988
XGBRegressor - Test Weighted Pearson Correlation: 0.2483
XGBRegressor - LB Weighted Pearson Correlation: 0.2457

Training and evaluating Support Vector Regression...
2025-03-13 15:01:43,071 - {pytorch_tabular.tabular_model:167} - INFO -          
Experiment Tracking is turned off                                               
2025-03-13 15:01:43,075 - {pytorch_tabular.tabular_model:342} - INFO - Preparing
the Trainer                                                                     
Encoding the data... ━━━━━━━━━━━━━━━━━━━━━━━━━━━━━━━━━━━━━━━━ 100% 0:00:00
Encoding the data... ━━━━━━━━━━━━━━━━━━━━━━━━━━━━━━━━━━━━━━━━ 100% 0:00:00
Encoding the data... ━━━━━━━━━━━━━━━━━━━━━━━━━━━━━━━━━━━━━━━━ 100% 0:00:00
Encoding the data... ━━━━━━━━━━━━━━━━━━━━━━━━━━━━━━━━━━━━━━━━ 100% 0:00:00
Support Vector Regression - Train Weighted Pearson Correlation: 0.2022
Support Vector Regression - Test Weighted Pearson Correlation: 0.1325
Support Vector Regression - LB Weighted Pearson Correlation: 0.1458

Training and evaluating Gaussian Process...
2025-03-13 15:01:54,050 - {pytorch_tabular.tabular_model:167} - INFO -          
Experiment Tracking is turned off                                               
2025-03-13 15:01:54,054 - {pytorch_tabular.tabular_model:342} - INFO - Preparing
the Trainer                                                                     
Encoding the data... ━━━━━━━━━━━━━━━━━━━━━━━━━━━━━━━━━━━━━━━━ 100% 0:00:00
Encoding the data... ━━━━━━━━━━━━━━━━━━━━━━━━━━━━━━━━━━━━━━━━ 100% 0:00:00
Encoding the data... ━━━━━━━━━━━━━━━━━━━━━━━━━━━━━━━━━━━━━━━━ 100% 0:00:00
Encoding the data... ━━━━━━━━━━━━━━━━━━━━━━━━━━━━━━━━━━━━━━━━ 100% 0:00:00
Gaussian Process - Train Weighted Pearson Correlation: 1.0000
Gaussian Process - Test Weighted Pearson Correlation: 0.1106
Gaussian Process - LB Weighted Pearson Correlation: 0.0208

Evaluation Results:
                          Model  Train WPC  Test WPC    LB WPC
0             Linear Regression   0.296825  0.178147  0.228928
1              Ridge Regression   0.295343  0.180281  0.237397
2              Lasso Regression   0.140746  0.146002  0.132558
3         ElasticNet Regression   0.146352  0.156692  0.139365
4     Bayesian Ridge Regression   0.167456  0.178243  0.158106
5   Stochastic Gradient Descent  -0.056778 -0.112644 -0.140701
6                 Decision Tree   1.000000  0.040246  0.098683
7                 Random Forest   0.973045  0.249534  0.236060
8                   Extra Trees   1.000000  0.194653  0.192007
9                      AdaBoost   0.300217  0.134241  0.164952
10            Gradient Boosting   0.695123  0.249497  0.239932
11                 XGBRegressor   0.998833  0.248291  0.245738
12    Support Vector Regression   0.202224  0.132513  0.145761
13             Gaussian Process   1.000000  0.110630  0.020779
Results saved to benchmarks_embed_seeds_fingerprints_1024/sklearn_EmbeddingAutoInt_seed_0.csv
