==> Running PyTorch Tabular for seed 3
Failed to convert 23/118 SMILES strings to Morgan fingerprints
Setting them to arrays with NaN values
Dropped 922 rows with missing fingerprints
Training and evaluating CategoryEmbedding...
2025-03-13 16:17:05,795 - {pytorch_tabular.tabular_model:142} - INFO -          
Experiment Tracking is turned off                                               
Modified seed to 3
2025-03-13 16:17:06,006 - {pytorch_tabular.tabular_model:526} - INFO - Preparing
the DataLoaders                                                                 
2025-03-13 16:17:06,040 - {pytorch_tabular.tabular_datamodule:522} - INFO -     
Setting up the datamodule for regression task                                   
2025-03-13 16:17:06,342 - {pytorch_tabular.tabular_model:582} - INFO - Preparing
the Model: CategoryEmbeddingModel                                               
2025-03-13 16:17:07,470 - {pytorch_tabular.tabular_model:342} - INFO - Preparing
the Trainer                                                                     
2025-03-13 16:17:07,497 - {pytorch_tabular.tabular_model:660} - INFO - Training 
Started                                                                         
┏━━━┳━━━━━━━━━━━━━━━━━━┳━━━━━━━━━━━━━━━━━━━━━━━━━━━┳━━━━━━━━┳━━━━━━━┓
┃   ┃ Name             ┃ Type                      ┃ Params ┃ Mode  ┃
┡━━━╇━━━━━━━━━━━━━━━━━━╇━━━━━━━━━━━━━━━━━━━━━━━━━━━╇━━━━━━━━╇━━━━━━━┩
│ 0 │ _backbone        │ CategoryEmbeddingBackbone │  293 K │ train │
│ 1 │ _embedding_layer │ Embedding1dLayer          │ 11.1 K │ train │
│ 2 │ head             │ LinearHead                │     33 │ train │
│ 3 │ loss             │ MSELoss                   │      0 │ train │
└───┴──────────────────┴───────────────────────────┴────────┴───────┘
Trainable params: 304 K                                                         
Non-trainable params: 0                                                         
Total params: 304 K                                                             
Total estimated model params size (MB): 1                                       
Modules in train mode: 28                                                       
Modules in eval mode: 0                                                         
Epoch 5/199 ━━━━━━━━━━━━━━━━ 42/42 0:00:00 • 0:00:00 89.18it/s v_num:           
                                                               6155667.000      
                                                               train_loss:      
                                                               529.593          
                                                               valid_loss:      
                                                               649.763          
                                                               valid_mean_squar…
                                                               649.763          
                                                               train_mean_squar…
                                                               571.918          
2025-03-13 16:17:13,190 - {pytorch_tabular.tabular_model:671} - INFO - Training 
the model completed                                                             
2025-03-13 16:17:13,192 - {pytorch_tabular.tabular_model:1495} - INFO - Loading 
the best model                                                                  
CategoryEmbedding - Training Time: 7.22 seconds
CategoryEmbedding - Train Weighted Pearson Correlation: 0.3411
CategoryEmbedding - Test Weighted Pearson Correlation: 0.0880
CategoryEmbedding - LB Weighted Pearson Correlation: 0.1963

Training and evaluating AutoInt...
2025-03-13 16:17:15,563 - {pytorch_tabular.tabular_model:142} - INFO -          
Experiment Tracking is turned off                                               
Modified seed to 3
2025-03-13 16:17:15,770 - {pytorch_tabular.tabular_model:526} - INFO - Preparing
the DataLoaders                                                                 
2025-03-13 16:17:15,804 - {pytorch_tabular.tabular_datamodule:522} - INFO -     
Setting up the datamodule for regression task                                   
2025-03-13 16:17:16,119 - {pytorch_tabular.tabular_model:582} - INFO - Preparing
the Model: AutoIntModel                                                         
2025-03-13 16:17:17,213 - {pytorch_tabular.tabular_model:342} - INFO - Preparing
the Trainer                                                                     
2025-03-13 16:17:17,235 - {pytorch_tabular.tabular_model:660} - INFO - Training 
Started                                                                         
┏━━━┳━━━━━━━━━━━━━━━━━━┳━━━━━━━━━━━━━━━━━━┳━━━━━━━━┳━━━━━━━┓
┃   ┃ Name             ┃ Type             ┃ Params ┃ Mode  ┃
┡━━━╇━━━━━━━━━━━━━━━━━━╇━━━━━━━━━━━━━━━━━━╇━━━━━━━━╇━━━━━━━┩
│ 0 │ _backbone        │ AutoIntBackbone  │ 13.8 K │ train │
│ 1 │ _embedding_layer │ Embedding2dLayer │ 74.9 K │ train │
│ 2 │ _head            │ LinearHead       │ 66.2 K │ train │
│ 3 │ loss             │ MSELoss          │      0 │ train │
└───┴──────────────────┴──────────────────┴────────┴───────┘
Trainable params: 154 K                                                         
Non-trainable params: 0                                                         
Total params: 154 K                                                             
Total estimated model params size (MB): 0                                       
Modules in train mode: 43                                                       
Modules in eval mode: 0                                                         
Epoch 9/199 ━━━━━━━━━━━━━━━━━ 42/42 0:00:04 • 0:00:00 9.57it/s v_num:           
                                                               6155667.000      
                                                               train_loss:      
                                                               449.641          
                                                               valid_loss:      
                                                               645.107          
                                                               valid_mean_squar…
                                                               645.107          
                                                               train_mean_squar…
                                                               625.349          
2025-03-13 16:18:11,211 - {pytorch_tabular.tabular_model:671} - INFO - Training 
the model completed                                                             
2025-03-13 16:18:11,212 - {pytorch_tabular.tabular_model:1495} - INFO - Loading 
the best model                                                                  
AutoInt - Training Time: 55.48 seconds
AutoInt - Train Weighted Pearson Correlation: 0.2283
AutoInt - Test Weighted Pearson Correlation: 0.1665
AutoInt - LB Weighted Pearson Correlation: 0.1917

Training and evaluating TabTransformer...
2025-03-13 16:19:20,751 - {pytorch_tabular.tabular_model:142} - INFO -          
Experiment Tracking is turned off                                               
Modified seed to 3
2025-03-13 16:19:20,950 - {pytorch_tabular.tabular_model:526} - INFO - Preparing
the DataLoaders                                                                 
2025-03-13 16:19:20,976 - {pytorch_tabular.tabular_datamodule:522} - INFO -     
Setting up the datamodule for regression task                                   
2025-03-13 16:19:21,258 - {pytorch_tabular.tabular_model:582} - INFO - Preparing
the Model: TabTransformerModel                                                  
2025-03-13 16:19:22,300 - {pytorch_tabular.tabular_model:342} - INFO - Preparing
the Trainer                                                                     
2025-03-13 16:19:22,323 - {pytorch_tabular.tabular_model:660} - INFO - Training 
Started                                                                         
┏━━━┳━━━━━━━━━━━━━━━━━━┳━━━━━━━━━━━━━━━━━━━━━━━━┳━━━━━━━━┳━━━━━━━┓
┃   ┃ Name             ┃ Type                   ┃ Params ┃ Mode  ┃
┡━━━╇━━━━━━━━━━━━━━━━━━╇━━━━━━━━━━━━━━━━━━━━━━━━╇━━━━━━━━╇━━━━━━━┩
│ 0 │ _backbone        │ TabTransformerBackbone │  275 K │ train │
│ 1 │ _embedding_layer │ Embedding2dLayer       │  9.7 K │ train │
│ 2 │ _head            │ LinearHead             │  2.4 K │ train │
│ 3 │ loss             │ MSELoss                │      0 │ train │
└───┴──────────────────┴────────────────────────┴────────┴───────┘
Trainable params: 287 K                                                         
Non-trainable params: 0                                                         
Total params: 287 K                                                             
Total estimated model params size (MB): 1                                       
Modules in train mode: 143                                                      
Modules in eval mode: 0                                                         
Epoch 16/199 ━━━━━━━━━━━━━━━━ 42/42 0:00:02 •        20.89it/s v_num:           
                                    0:00:00                    6155667.000      
                                                               train_loss:      
                                                               316.669          
                                                               valid_loss:      
                                                               672.539          
                                                               valid_mean_squar…
                                                               672.539          
                                                               train_mean_squar…
                                                               412.185          
2025-03-13 16:20:04,669 - {pytorch_tabular.tabular_model:671} - INFO - Training 
the model completed                                                             
2025-03-13 16:20:04,670 - {pytorch_tabular.tabular_model:1495} - INFO - Loading 
the best model                                                                  
TabTransformer - Training Time: 44.03 seconds
TabTransformer - Train Weighted Pearson Correlation: 0.5052
TabTransformer - Test Weighted Pearson Correlation: 0.2097
TabTransformer - LB Weighted Pearson Correlation: 0.1363

Evaluation Results:
               Model  Train WPC  Test WPC    LB WPC
0  CategoryEmbedding   0.341084  0.088000  0.196287
1            AutoInt   0.228262  0.166539  0.191724
2     TabTransformer   0.505169  0.209704  0.136292
Results saved to benchmarks_embed_seeds_fingerprints_1024_drop_tautomers/pytorch_tabular_seed_3.csv
==> Running classical ML models for seed 3
Failed to convert 23/118 SMILES strings to Morgan fingerprints
Setting them to arrays with NaN values
Dropped 922 rows with missing fingerprints
Training and evaluating Linear Regression...
2025-03-13 16:20:30,064 - {pytorch_tabular.tabular_model:167} - INFO -          
Experiment Tracking is turned off                                               
2025-03-13 16:20:30,089 - {pytorch_tabular.tabular_model:342} - INFO - Preparing
the Trainer                                                                     
Failed to convert 23/118 SMILES strings to Morgan fingerprints
Setting them to arrays with NaN values
Dropped 922 rows with missing fingerprints
Training and evaluating Linear Regression...
2025-03-13 16:20:30,277 - {pytorch_tabular.tabular_model:167} - INFO -          
Experiment Tracking is turned off                                               
2025-03-13 16:20:30,311 - {pytorch_tabular.tabular_model:342} - INFO - Preparing
the Trainer                                                                     
Failed to convert 23/118 SMILES strings to Morgan fingerprints
Setting them to arrays with NaN values
Dropped 922 rows with missing fingerprints
Training and evaluating Linear Regression...
2025-03-13 16:20:30,604 - {pytorch_tabular.tabular_model:167} - INFO -          
Experiment Tracking is turned off                                               
2025-03-13 16:20:30,633 - {pytorch_tabular.tabular_model:342} - INFO - Preparing
the Trainer                                                                     
Encoding the data... ━━━━━━━━━━━━━━━━━━━━━━━━━━━━━━━━━━━━━━━━ 100% 0:00:00
Encoding the data... ━━━━━━━━━━━━━━━━━━━━━━━━━━━━━━━━━━━━━━━━ 100% 0:00:01
Encoding the data... ━━━━━━━━━━━━━━━━━━━━━━━━━━━━━━━━━━━━━━━━ 100% 0:00:02
Encoding the data... ━━━━━━━━━━━━━━━━━━━━━━━━━━━━━━━━━━━━━━━━ 100% 0:00:00
Encoding the data... ━━━━━━━━━━━━━━━━━━━━━━━━━━━━━━━━━━━━━━━━ 100% 0:00:00
Encoding the data... ━━━━━━━━━━━━━━━━━━━━━━━━━━━━━━━━━━━━━━━━ 100% 0:00:00
Encoding the data... ━━━━━━━━━━━━━━━━━━━━━━━━━━━━━━━━━━━━━━━━ 100% 0:00:00
Encoding the data... ━━━━━━━━━━━━━━━━━━━━━━━━━━━━━━━━━━━━━━━━ 100% 0:00:00
Encoding the data... ━━━━━━━━━━━━━━━━━━━━━━━━━━━━━━━━━━━━━━━━ 100% 0:00:00
Encoding the data... ━━━━━━━━━━━━━━━━━━━━━━━━━━━━━━━━━━━━━━━━ 100% 0:00:00
Encoding the data... ━━━━━━━━━━━━━━━━━━━━━━━━━━━━━━━━━━━━━━━━ 100% 0:00:01
Encoding the data... ━━━━━━━━━━━━━━━━━━━━━━━━━━━━━━━━━━━━━━━━ 100% 0:00:00
Linear Regression - Train Weighted Pearson Correlation: 0.3501
Linear Regression - Test Weighted Pearson Correlation: 0.2079
Linear Regression - LB Weighted Pearson Correlation: 0.1914

Training and evaluating Ridge Regression...
2025-03-13 16:22:37,766 - {pytorch_tabular.tabular_model:167} - INFO -          
Experiment Tracking is turned off                                               
2025-03-13 16:22:37,784 - {pytorch_tabular.tabular_model:342} - INFO - Preparing
the Trainer                                                                     
Linear Regression - Train Weighted Pearson Correlation: 0.3592
Linear Regression - Test Weighted Pearson Correlation: 0.2412
Linear Regression - LB Weighted Pearson Correlation: 0.1989

Training and evaluating Ridge Regression...
2025-03-13 16:22:38,475 - {pytorch_tabular.tabular_model:167} - INFO -          
Experiment Tracking is turned off                                               
2025-03-13 16:22:38,484 - {pytorch_tabular.tabular_model:342} - INFO - Preparing
the Trainer                                                                     
Encoding the data... ━━━━━━━━━━━━━━━━━━━━━━━━━━━━━━━━━━━━━━━━ 100% 0:00:00
Encoding the data... ━━━━━━━━━━━━━━━━━━━━━━━━━━━━━━━━━━━━━━━━ 100% 0:00:00
Linear Regression - Train Weighted Pearson Correlation: 0.3736
Linear Regression - Test Weighted Pearson Correlation: 0.2590
Linear Regression - LB Weighted Pearson Correlation: 0.1700

Training and evaluating Ridge Regression...
2025-03-13 16:22:41,804 - {pytorch_tabular.tabular_model:167} - INFO -          
Experiment Tracking is turned off                                               
2025-03-13 16:22:41,833 - {pytorch_tabular.tabular_model:342} - INFO - Preparing
the Trainer                                                                     
Encoding the data... ━━━━━━━━━━━━━━━━━━━━━━━━━━━━━━━━━━━━━━━━ 100% 0:00:00
Encoding the data... ━━━━━━━━━━━━━━━━━━━━━━━━━━━━━━━━━━━━━━━━ 100% 0:00:00
Encoding the data... ━━━━━━━━━━━━━━━━━━━━━━━━━━━━━━━━━━━━━━━━ 100% 0:00:00
Encoding the data... ━━━━━━━━━━━━━━━━━━━━━━━━━━━━━━━━━━━━━━━━ 100% 0:00:00
Encoding the data... ━━━━━━━━━━━━━━━━━━━━━━━━━━━━━━━━━━━━━━━━ 100% 0:00:00
Encoding the data... ━━━━━━━━━━━━━━━━━━━━━━━━━━━━━━━━━━━━━━━━ 100% 0:00:00
Encoding the data... ━━━━━━━━━━━━━━━━━━━━━━━━━━━━━━━━━━━━━━━━ 100% 0:00:02
Encoding the data... ━━━━━━━━━━━━━━━━━━━━━━━━━━━━━━━━━━━━━━━━ 100% 0:00:01
Encoding the data... ━━━━━━━━━━━━━━━━━━━━━━━━━━━━━━━━━━━━━━━━ 100% 0:00:01
Encoding the data... ━━━━━━━━━━━━━━━━━━━━━━━━━━━━━━━━━━━━━━━━ 100% 0:00:01
Ridge Regression - Train Weighted Pearson Correlation: 0.3517
Ridge Regression - Test Weighted Pearson Correlation: 0.2079
Ridge Regression - LB Weighted Pearson Correlation: 0.1882

Training and evaluating Lasso Regression...
2025-03-13 16:22:53,801 - {pytorch_tabular.tabular_model:167} - INFO -          
Experiment Tracking is turned off                                               
2025-03-13 16:22:53,816 - {pytorch_tabular.tabular_model:342} - INFO - Preparing
the Trainer                                                                     
Ridge Regression - Train Weighted Pearson Correlation: 0.3566
Ridge Regression - Test Weighted Pearson Correlation: 0.2445
Ridge Regression - LB Weighted Pearson Correlation: 0.2090

Training and evaluating Lasso Regression...
2025-03-13 16:22:54,235 - {pytorch_tabular.tabular_model:167} - INFO -          
Experiment Tracking is turned off                                               
2025-03-13 16:22:54,241 - {pytorch_tabular.tabular_model:342} - INFO - Preparing
the Trainer                                                                     
Encoding the data... ━━━━━━━━━━━━━━━━━━━━━━━━━━━━━━━━━━━━━━━━ 100% 0:00:00
Encoding the data... ━━━━━━━━━━━━━━━━━━━━━━━━━━━━━━━━━━━━━━━━ 100% 0:00:00
Encoding the data... ━━━━━━━━━━━━━━━━━━━━━━━━━━━━━━━━━━━━━━━━ 100% 0:00:00
Encoding the data... ━━━━━━━━━━━━━━━━━━━━━━━━━━━━━━━━━━━━━━━━ 100% 0:00:00
Encoding the data... ━━━━━━━━━━━━━━━━━━━━━━━━━━━━━━━━━━━━━━━━ 100% 0:00:00
Encoding the data... ━━━━━━━━━━━━━━━━━━━━━━━━━━━━━━━━━━━━━━━━ 100% 0:00:00
Encoding the data... ━━━━━━━━━━━━━━━━━━━━━━━━━━━━━━━━━━━━━━━━ 100% 0:00:00
Encoding the data... ━━━━━━━━━━━━━━━━━━━━━━━━━━━━━━━━━━━━━━━━ 100% 0:00:00
Ridge Regression - Train Weighted Pearson Correlation: 0.3741
Ridge Regression - Test Weighted Pearson Correlation: 0.2653
Ridge Regression - LB Weighted Pearson Correlation: 0.1878

Training and evaluating Lasso Regression...
2025-03-13 16:23:02,105 - {pytorch_tabular.tabular_model:167} - INFO -          
Experiment Tracking is turned off                                               
2025-03-13 16:23:02,122 - {pytorch_tabular.tabular_model:342} - INFO - Preparing
the Trainer                                                                     
Encoding the data... ━━━━━━━━━━━━━━━━━━━━━━━━━━━━━━━━━━━━━━━━ 100% 0:00:01
Encoding the data... ━━━━━━━━━━━━━━━━━━━━━━━━━━━━━━━━━━━━━━━━ 100% 0:00:00
Lasso Regression - Train Weighted Pearson Correlation: 0.2448
Lasso Regression - Test Weighted Pearson Correlation: 0.1463
Lasso Regression - LB Weighted Pearson Correlation: 0.1744

Training and evaluating ElasticNet Regression...
2025-03-13 16:23:05,788 - {pytorch_tabular.tabular_model:167} - INFO -          
Experiment Tracking is turned off                                               
2025-03-13 16:23:05,803 - {pytorch_tabular.tabular_model:342} - INFO - Preparing
the Trainer                                                                     
Encoding the data... ━━━━━━━━━━━━━━━━━━━━━━━━━━━━━━━━━━━━━━━━ 100% 0:00:00
Encoding the data... ━━━━━━━━━━━━━━━━━━━━━━━━━━━━━━━━━━━━━━━━ 100% 0:00:01
Lasso Regression - Train Weighted Pearson Correlation: 0.1404
Lasso Regression - Test Weighted Pearson Correlation: 0.1474
Lasso Regression - LB Weighted Pearson Correlation: 0.1559

Training and evaluating ElasticNet Regression...
2025-03-13 16:23:07,763 - {pytorch_tabular.tabular_model:167} - INFO -          
Experiment Tracking is turned off                                               
2025-03-13 16:23:07,795 - {pytorch_tabular.tabular_model:342} - INFO - Preparing
the Trainer                                                                     
Encoding the data... ━━━━━━━━━━━━━━━━━━━━━━━━━━━━━━━━━━━━━━━━ 100% 0:00:00
Encoding the data... ━━━━━━━━━━━━━━━━━━━━━━━━━━━━━━━━━━━━━━━━ 100% 0:00:00
Encoding the data... ━━━━━━━━━━━━━━━━━━━━━━━━━━━━━━━━━━━━━━━━ 100% 0:00:00
Encoding the data... ━━━━━━━━━━━━━━━━━━━━━━━━━━━━━━━━━━━━━━━━ 100% 0:00:00
Encoding the data... ━━━━━━━━━━━━━━━━━━━━━━━━━━━━━━━━━━━━━━━━ 100% 0:00:00
Encoding the data... ━━━━━━━━━━━━━━━━━━━━━━━━━━━━━━━━━━━━━━━━ 100% 0:00:00
Encoding the data... ━━━━━━━━━━━━━━━━━━━━━━━━━━━━━━━━━━━━━━━━ 100% 0:00:00
Encoding the data... ━━━━━━━━━━━━━━━━━━━━━━━━━━━━━━━━━━━━━━━━ 100% 0:00:00
Lasso Regression - Train Weighted Pearson Correlation: 0.1404
Lasso Regression - Test Weighted Pearson Correlation: 0.1474
Lasso Regression - LB Weighted Pearson Correlation: 0.1559

Training and evaluating ElasticNet Regression...
2025-03-13 16:23:19,247 - {pytorch_tabular.tabular_model:167} - INFO -          
Experiment Tracking is turned off                                               
2025-03-13 16:23:19,265 - {pytorch_tabular.tabular_model:342} - INFO - Preparing
the Trainer                                                                     
ElasticNet Regression - Train Weighted Pearson Correlation: 0.2769
ElasticNet Regression - Test Weighted Pearson Correlation: 0.1663
ElasticNet Regression - LB Weighted Pearson Correlation: 0.1404

Training and evaluating Bayesian Ridge Regression...
2025-03-13 16:23:21,113 - {pytorch_tabular.tabular_model:167} - INFO -          
Experiment Tracking is turned off                                               
2025-03-13 16:23:21,130 - {pytorch_tabular.tabular_model:342} - INFO - Preparing
the Trainer                                                                     
Encoding the data... ━━━━━━━━━━━━━━━━━━━━━━━━━━━━━━━━━━━━━━━━ 100% 0:00:01
Encoding the data... ━━━━━━━━━━━━━━━━━━━━━━━━━━━━━━━━━━━━━━━━ 100% 0:00:00
ElasticNet Regression - Train Weighted Pearson Correlation: 0.1860
ElasticNet Regression - Test Weighted Pearson Correlation: 0.1790
ElasticNet Regression - LB Weighted Pearson Correlation: 0.2027

Training and evaluating Bayesian Ridge Regression...
2025-03-13 16:23:23,376 - {pytorch_tabular.tabular_model:167} - INFO -          
Experiment Tracking is turned off                                               
2025-03-13 16:23:23,396 - {pytorch_tabular.tabular_model:342} - INFO - Preparing
the Trainer                                                                     
Encoding the data... ━━━━━━━━━━━━━━━━━━━━━━━━━━━━━━━━━━━━━━━━ 100% 0:00:01
Encoding the data... ━━━━━━━━━━━━━━━━━━━━━━━━━━━━━━━━━━━━━━━━ 100% 0:00:00
Encoding the data... ━━━━━━━━━━━━━━━━━━━━━━━━━━━━━━━━━━━━━━━━ 100% 0:00:01
Encoding the data... ━━━━━━━━━━━━━━━━━━━━━━━━━━━━━━━━━━━━━━━━ 100% 0:00:01
ElasticNet Regression - Train Weighted Pearson Correlation: 0.1724
ElasticNet Regression - Test Weighted Pearson Correlation: 0.1838
ElasticNet Regression - LB Weighted Pearson Correlation: 0.1933

Training and evaluating Bayesian Ridge Regression...
2025-03-13 16:23:42,192 - {pytorch_tabular.tabular_model:167} - INFO -          
Experiment Tracking is turned off                                               
2025-03-13 16:23:42,243 - {pytorch_tabular.tabular_model:342} - INFO - Preparing
the Trainer                                                                     
Encoding the data... ━━━━━━━━━━━━━━━━━━━━━━━━━━━━━━━━━━━━━━━━ 100% 0:00:01
Encoding the data... ━━━━━━━━━━━━━━━━━━━━━━━━━━━━━━━━━━━━━━━━ 100% 0:00:00
Encoding the data... ━━━━━━━━━━━━━━━━━━━━━━━━━━━━━━━━━━━━━━━━ 100% 0:00:00
Encoding the data... ━━━━━━━━━━━━━━━━━━━━━━━━━━━━━━━━━━━━━━━━ 100% 0:00:00
Encoding the data... ━━━━━━━━━━━━━━━━━━━━━━━━━━━━━━━━━━━━━━━━ 100% 0:00:00
Encoding the data... ━━━━━━━━━━━━━━━━━━━━━━━━━━━━━━━━━━━━━━━━ 100% 0:00:00
Encoding the data... ━━━━━━━━━━━━━━━━━━━━━━━━━━━━━━━━━━━━━━━━ 100% 0:00:00
Bayesian Ridge Regression - Train Weighted Pearson Correlation: 0.2596
Bayesian Ridge Regression - Test Weighted Pearson Correlation: 0.1333
Bayesian Ridge Regression - LB Weighted Pearson Correlation: 0.1823

Training and evaluating Stochastic Gradient Descent...
2025-03-13 16:25:09,513 - {pytorch_tabular.tabular_model:167} - INFO -          
Experiment Tracking is turned off                                               
2025-03-13 16:25:09,519 - {pytorch_tabular.tabular_model:342} - INFO - Preparing
the Trainer                                                                     
Encoding the data... ━━━━━━━━━━━━━━━━━━━━━━━━━━━━━━━━━━━━━━━━ 100% 0:00:00
Bayesian Ridge Regression - Train Weighted Pearson Correlation: 0.1951
Bayesian Ridge Regression - Test Weighted Pearson Correlation: 0.1822
Bayesian Ridge Regression - LB Weighted Pearson Correlation: 0.2009

Training and evaluating Stochastic Gradient Descent...
2025-03-13 16:25:11,279 - {pytorch_tabular.tabular_model:167} - INFO -          
Experiment Tracking is turned off                                               
2025-03-13 16:25:11,297 - {pytorch_tabular.tabular_model:342} - INFO - Preparing
the Trainer                                                                     
Encoding the data... ━━━━━━━━━━━━━━━━━━━━━━━━━━━━━━━━━━━━━━━━ 100% 0:00:00
Encoding the data... ━━━━━━━━━━━━━━━━━━━━━━━━━━━━━━━━━━━━━━━━ 100% 0:00:00
Encoding the data... ━━━━━━━━━━━━━━━━━━━━━━━━━━━━━━━━━━━━━━━━ 100% 0:00:00
Encoding the data... ━━━━━━━━━━━━━━━━━━━━━━━━━━━━━━━━━━━━━━━━ 100% 0:00:00
Encoding the data... ━━━━━━━━━━━━━━━━━━━━━━━━━━━━━━━━━━━━━━━━ 100% 0:00:00
Encoding the data... ━━━━━━━━━━━━━━━━━━━━━━━━━━━━━━━━━━━━━━━━ 100% 0:00:00
Encoding the data... ━━━━━━━━━━━━━━━━━━━━━━━━━━━━━━━━━━━━━━━━ 100% 0:00:00
Stochastic Gradient Descent - Train Weighted Pearson Correlation: -0.0030
Stochastic Gradient Descent - Test Weighted Pearson Correlation: -0.0856
Stochastic Gradient Descent - LB Weighted Pearson Correlation: 0.0619

Training and evaluating Decision Tree...
2025-03-13 16:25:20,464 - {pytorch_tabular.tabular_model:167} - INFO -          
Experiment Tracking is turned off                                               
2025-03-13 16:25:20,479 - {pytorch_tabular.tabular_model:342} - INFO - Preparing
the Trainer                                                                     
Stochastic Gradient Descent - Train Weighted Pearson Correlation: 0.0150
Stochastic Gradient Descent - Test Weighted Pearson Correlation: 0.0054
Stochastic Gradient Descent - LB Weighted Pearson Correlation: 0.0961

Training and evaluating Decision Tree...
2025-03-13 16:25:21,202 - {pytorch_tabular.tabular_model:167} - INFO -          
Experiment Tracking is turned off                                               
2025-03-13 16:25:21,208 - {pytorch_tabular.tabular_model:342} - INFO - Preparing
the Trainer                                                                     
Encoding the data... ━━━━━━━━━━━━━━━━━━━━━━━━━━━━━━━━━━━━━━━━ 100% 0:00:00
Encoding the data... ━━━━━━━━━━━━━━━━━━━━━━━━━━━━━━━━━━━━━━━━ 100% 0:00:00
Encoding the data... ━━━━━━━━━━━━━━━━━━━━━━━━━━━━━━━━━━━━━━━━ 100% 0:00:00
Encoding the data... ━━━━━━━━━━━━━━━━━━━━━━━━━━━━━━━━━━━━━━━━ 100% 0:00:00
Encoding the data... ━━━━━━━━━━━━━━━━━━━━━━━━━━━━━━━━━━━━━━━━ 100% 0:00:00
Encoding the data... ━━━━━━━━━━━━━━━━━━━━━━━━━━━━━━━━━━━━━━━━ 100% 0:00:00
Encoding the data... ━━━━━━━━━━━━━━━━━━━━━━━━━━━━━━━━━━━━━━━━ 100% 0:00:00
Encoding the data... ━━━━━━━━━━━━━━━━━━━━━━━━━━━━━━━━━━━━━━━━ 100% 0:00:00
Decision Tree - Train Weighted Pearson Correlation: 1.0000
Decision Tree - Test Weighted Pearson Correlation: 0.0472
Decision Tree - LB Weighted Pearson Correlation: 0.1357

Training and evaluating Random Forest...
2025-03-13 16:25:29,360 - {pytorch_tabular.tabular_model:167} - INFO -          
Experiment Tracking is turned off                                               
2025-03-13 16:25:29,365 - {pytorch_tabular.tabular_model:342} - INFO - Preparing
the Trainer                                                                     
Encoding the data... ━━━━━━━━━━━━━━━━━━━━━━━━━━━━━━━━━━━━━━━━ 100% 0:00:00
Decision Tree - Train Weighted Pearson Correlation: 1.0000
Decision Tree - Test Weighted Pearson Correlation: 0.0300
Decision Tree - LB Weighted Pearson Correlation: 0.1025

Training and evaluating Random Forest...
2025-03-13 16:25:30,909 - {pytorch_tabular.tabular_model:167} - INFO -          
Experiment Tracking is turned off                                               
2025-03-13 16:25:30,928 - {pytorch_tabular.tabular_model:342} - INFO - Preparing
the Trainer                                                                     
Encoding the data... ━━━━━━━━━━━━━━━━━━━━━━━━━━━━━━━━━━━━━━━━ 100% 0:00:00
Encoding the data... ━━━━━━━━━━━━━━━━━━━━━━━━━━━━━━━━━━━━━━━━ 100% 0:00:00
Encoding the data... ━━━━━━━━━━━━━━━━━━━━━━━━━━━━━━━━━━━━━━━━ 100% 0:00:00
Encoding the data... ━━━━━━━━━━━━━━━━━━━━━━━━━━━━━━━━━━━━━━━━ 100% 0:00:00
Bayesian Ridge Regression - Train Weighted Pearson Correlation: 0.2025
Bayesian Ridge Regression - Test Weighted Pearson Correlation: 0.2151
Bayesian Ridge Regression - LB Weighted Pearson Correlation: 0.2063

Training and evaluating Stochastic Gradient Descent...
2025-03-13 16:25:48,108 - {pytorch_tabular.tabular_model:167} - INFO -          
Experiment Tracking is turned off                                               
2025-03-13 16:25:48,112 - {pytorch_tabular.tabular_model:342} - INFO - Preparing
the Trainer                                                                     
Encoding the data... ━━━━━━━━━━━━━━━━━━━━━━━━━━━━━━━━━━━━━━━━ 100% 0:00:00
Encoding the data... ━━━━━━━━━━━━━━━━━━━━━━━━━━━━━━━━━━━━━━━━ 100% 0:00:00
Encoding the data... ━━━━━━━━━━━━━━━━━━━━━━━━━━━━━━━━━━━━━━━━ 100% 0:00:00
Encoding the data... ━━━━━━━━━━━━━━━━━━━━━━━━━━━━━━━━━━━━━━━━ 100% 0:00:00
Stochastic Gradient Descent - Train Weighted Pearson Correlation: -0.1058
Stochastic Gradient Descent - Test Weighted Pearson Correlation: -0.1250
Stochastic Gradient Descent - LB Weighted Pearson Correlation: -0.1151

Training and evaluating Decision Tree...
2025-03-13 16:25:56,095 - {pytorch_tabular.tabular_model:167} - INFO -          
Experiment Tracking is turned off                                               
2025-03-13 16:25:56,105 - {pytorch_tabular.tabular_model:342} - INFO - Preparing
the Trainer                                                                     
Encoding the data... ━━━━━━━━━━━━━━━━━━━━━━━━━━━━━━━━━━━━━━━━ 100% 0:00:00
Encoding the data... ━━━━━━━━━━━━━━━━━━━━━━━━━━━━━━━━━━━━━━━━ 100% 0:00:00
Encoding the data... ━━━━━━━━━━━━━━━━━━━━━━━━━━━━━━━━━━━━━━━━ 100% 0:00:00
Encoding the data... ━━━━━━━━━━━━━━━━━━━━━━━━━━━━━━━━━━━━━━━━ 100% 0:00:00
Decision Tree - Train Weighted Pearson Correlation: 1.0000
Decision Tree - Test Weighted Pearson Correlation: 0.0798
Decision Tree - LB Weighted Pearson Correlation: 0.1270

Training and evaluating Random Forest...
2025-03-13 16:26:05,258 - {pytorch_tabular.tabular_model:167} - INFO -          
Experiment Tracking is turned off                                               
2025-03-13 16:26:05,269 - {pytorch_tabular.tabular_model:342} - INFO - Preparing
the Trainer                                                                     
Encoding the data... ━━━━━━━━━━━━━━━━━━━━━━━━━━━━━━━━━━━━━━━━ 100% 0:00:00
Encoding the data... ━━━━━━━━━━━━━━━━━━━━━━━━━━━━━━━━━━━━━━━━ 100% 0:00:00
Encoding the data... ━━━━━━━━━━━━━━━━━━━━━━━━━━━━━━━━━━━━━━━━ 100% 0:00:00
Encoding the data... ━━━━━━━━━━━━━━━━━━━━━━━━━━━━━━━━━━━━━━━━ 100% 0:00:00
Encoding the data... ━━━━━━━━━━━━━━━━━━━━━━━━━━━━━━━━━━━━━━━━ 100% 0:00:00
Encoding the data... ━━━━━━━━━━━━━━━━━━━━━━━━━━━━━━━━━━━━━━━━ 100% 0:00:00
Encoding the data... ━━━━━━━━━━━━━━━━━━━━━━━━━━━━━━━━━━━━━━━━ 100% 0:00:00
Random Forest - Train Weighted Pearson Correlation: 0.9673
Random Forest - Test Weighted Pearson Correlation: 0.2624
Random Forest - LB Weighted Pearson Correlation: 0.2551

Training and evaluating Extra Trees...
2025-03-13 16:26:10,221 - {pytorch_tabular.tabular_model:167} - INFO -          
Experiment Tracking is turned off                                               
2025-03-13 16:26:10,225 - {pytorch_tabular.tabular_model:342} - INFO - Preparing
the Trainer                                                                     
Encoding the data... ━━━━━━━━━━━━━━━━━━━━━━━━━━━━━━━━━━━━━━━━ 100% 0:00:00
Random Forest - Train Weighted Pearson Correlation: 0.9653
Random Forest - Test Weighted Pearson Correlation: 0.2590
Random Forest - LB Weighted Pearson Correlation: 0.2138

Training and evaluating Extra Trees...
2025-03-13 16:26:12,774 - {pytorch_tabular.tabular_model:167} - INFO -          
Experiment Tracking is turned off                                               
2025-03-13 16:26:12,779 - {pytorch_tabular.tabular_model:342} - INFO - Preparing
the Trainer                                                                     
Encoding the data... ━━━━━━━━━━━━━━━━━━━━━━━━━━━━━━━━━━━━━━━━ 100% 0:00:00
Failed to convert 23/118 SMILES strings to Morgan fingerprints
Setting them to arrays with NaN values
Dropped 922 rows with missing fingerprints
Training and evaluating Linear Regression...
Linear Regression - Train Weighted Pearson Correlation: 0.1531
Linear Regression - Test Weighted Pearson Correlation: 0.1883
Linear Regression - LB Weighted Pearson Correlation: 0.1430

Training and evaluating Ridge Regression...
Ridge Regression - Train Weighted Pearson Correlation: 0.1532
Ridge Regression - Test Weighted Pearson Correlation: 0.1882
Ridge Regression - LB Weighted Pearson Correlation: 0.1536

Training and evaluating Lasso Regression...
Lasso Regression - Train Weighted Pearson Correlation: 0.1372
Lasso Regression - Test Weighted Pearson Correlation: 0.1419
Lasso Regression - LB Weighted Pearson Correlation: 0.1416

Training and evaluating ElasticNet Regression...
ElasticNet Regression - Train Weighted Pearson Correlation: 0.1487
ElasticNet Regression - Test Weighted Pearson Correlation: 0.1706
ElasticNet Regression - LB Weighted Pearson Correlation: 0.1704

Training and evaluating Bayesian Ridge Regression...
Bayesian Ridge Regression - Train Weighted Pearson Correlation: 0.1361
Bayesian Ridge Regression - Test Weighted Pearson Correlation: 0.1611
Bayesian Ridge Regression - LB Weighted Pearson Correlation: 0.1691

Training and evaluating Stochastic Gradient Descent...
Stochastic Gradient Descent - Train Weighted Pearson Correlation: -0.0111
Stochastic Gradient Descent - Test Weighted Pearson Correlation: -0.0661
Stochastic Gradient Descent - LB Weighted Pearson Correlation: -0.1214

Training and evaluating Decision Tree...
Decision Tree - Train Weighted Pearson Correlation: 1.0000
Decision Tree - Test Weighted Pearson Correlation: 0.0707
Decision Tree - LB Weighted Pearson Correlation: -0.0065

Training and evaluating Random Forest...
Random Forest - Train Weighted Pearson Correlation: 0.9745
Random Forest - Test Weighted Pearson Correlation: 0.2475
Random Forest - LB Weighted Pearson Correlation: 0.2027

Training and evaluating Extra Trees...
Extra Trees - Train Weighted Pearson Correlation: 1.0000
Extra Trees - Test Weighted Pearson Correlation: 0.2007
Extra Trees - LB Weighted Pearson Correlation: 0.1254

Training and evaluating AdaBoost...
AdaBoost - Train Weighted Pearson Correlation: 0.1977
AdaBoost - Test Weighted Pearson Correlation: 0.1019
AdaBoost - LB Weighted Pearson Correlation: 0.0885

Training and evaluating Gradient Boosting...
Gradient Boosting - Train Weighted Pearson Correlation: 0.6513
Gradient Boosting - Test Weighted Pearson Correlation: 0.2131
Gradient Boosting - LB Weighted Pearson Correlation: 0.1786

Training and evaluating XGBRegressor...
XGBRegressor - Train Weighted Pearson Correlation: 0.9970
XGBRegressor - Test Weighted Pearson Correlation: 0.1842
XGBRegressor - LB Weighted Pearson Correlation: 0.1535

Training and evaluating Support Vector Regression...
Support Vector Regression - Train Weighted Pearson Correlation: 0.0933
Support Vector Regression - Test Weighted Pearson Correlation: 0.1121
Support Vector Regression - LB Weighted Pearson Correlation: 0.1637

Training and evaluating Gaussian Process...
Gaussian Process - Train Weighted Pearson Correlation: 1.0000
Gaussian Process - Test Weighted Pearson Correlation: -0.0508
Gaussian Process - LB Weighted Pearson Correlation: 0.0627

Evaluation Results:
                          Model  Train WPC  Test WPC    LB WPC
0             Linear Regression   0.153062  0.188319  0.143006
1              Ridge Regression   0.153218  0.188188  0.153610
2              Lasso Regression   0.137205  0.141851  0.141622
3         ElasticNet Regression   0.148676  0.170635  0.170359
4     Bayesian Ridge Regression   0.136060  0.161050  0.169140
5   Stochastic Gradient Descent  -0.011094 -0.066120 -0.121352
6                 Decision Tree   1.000000  0.070651 -0.006461
7                 Random Forest   0.974539  0.247520  0.202673
8                   Extra Trees   1.000000  0.200736  0.125447
9                      AdaBoost   0.197680  0.101901  0.088546
10            Gradient Boosting   0.651336  0.213077  0.178583
11                 XGBRegressor   0.996968  0.184164  0.153479
12    Support Vector Regression   0.093290  0.112054  0.163684
13             Gaussian Process   1.000000 -0.050831  0.062667
Results saved to benchmarks_embed_seeds_fingerprints_1024_drop_tautomers/sklearn_LabelEncoder_seed_3.csv
Encoding the data... ━━━━━━━━━━━━━━━━━━━━━━━━━━━━━━━━━━━━━━━━ 100% 0:00:00
Encoding the data... ━━━━━━━━━━━━━━━━━━━━━━━━━━━━━━━━━━━━━━━━ 100% 0:00:00
Encoding the data... ━━━━━━━━━━━━━━━━━━━━━━━━━━━━━━━━━━━━━━━━ 100% 0:00:00
Encoding the data... ━━━━━━━━━━━━━━━━━━━━━━━━━━━━━━━━━━━━━━━━ 100% 0:00:00
Encoding the data... ━━━━━━━━━━━━━━━━━━━━━━━━━━━━━━━━━━━━━━━━ 100% 0:00:00
Encoding the data... ━━━━━━━━━━━━━━━━━━━━━━━━━━━━━━━━━━━━━━━━ 100% 0:00:00
Random Forest - Train Weighted Pearson Correlation: 0.9636
Random Forest - Test Weighted Pearson Correlation: 0.2841
Random Forest - LB Weighted Pearson Correlation: 0.2056

Training and evaluating Extra Trees...
2025-03-13 16:26:46,918 - {pytorch_tabular.tabular_model:167} - INFO -          
Experiment Tracking is turned off                                               
2025-03-13 16:26:46,923 - {pytorch_tabular.tabular_model:342} - INFO - Preparing
the Trainer                                                                     
Encoding the data... ━━━━━━━━━━━━━━━━━━━━━━━━━━━━━━━━━━━━━━━━ 100% 0:00:00
Encoding the data... ━━━━━━━━━━━━━━━━━━━━━━━━━━━━━━━━━━━━━━━━ 100% 0:00:00
Encoding the data... ━━━━━━━━━━━━━━━━━━━━━━━━━━━━━━━━━━━━━━━━ 100% 0:00:00
Encoding the data... ━━━━━━━━━━━━━━━━━━━━━━━━━━━━━━━━━━━━━━━━ 100% 0:00:00
Extra Trees - Train Weighted Pearson Correlation: 1.0000
Extra Trees - Test Weighted Pearson Correlation: 0.2409
Extra Trees - LB Weighted Pearson Correlation: 0.1726

Training and evaluating AdaBoost...
2025-03-13 16:26:48,140 - {pytorch_tabular.tabular_model:167} - INFO -          
Experiment Tracking is turned off                                               
2025-03-13 16:26:48,145 - {pytorch_tabular.tabular_model:342} - INFO - Preparing
the Trainer                                                                     
Encoding the data... ━━━━━━━━━━━━━━━━━━━━━━━━━━━━━━━━━━━━━━━━ 100% 0:00:00
Extra Trees - Train Weighted Pearson Correlation: 1.0000
Extra Trees - Test Weighted Pearson Correlation: 0.2157
Extra Trees - LB Weighted Pearson Correlation: 0.2236

Training and evaluating AdaBoost...
2025-03-13 16:26:50,953 - {pytorch_tabular.tabular_model:167} - INFO -          
Experiment Tracking is turned off                                               
2025-03-13 16:26:50,957 - {pytorch_tabular.tabular_model:342} - INFO - Preparing
the Trainer                                                                     
Encoding the data... ━━━━━━━━━━━━━━━━━━━━━━━━━━━━━━━━━━━━━━━━ 100% 0:00:00
Encoding the data... ━━━━━━━━━━━━━━━━━━━━━━━━━━━━━━━━━━━━━━━━ 100% 0:00:00
Encoding the data... ━━━━━━━━━━━━━━━━━━━━━━━━━━━━━━━━━━━━━━━━ 100% 0:00:00
Encoding the data... ━━━━━━━━━━━━━━━━━━━━━━━━━━━━━━━━━━━━━━━━ 100% 0:00:00
Encoding the data... ━━━━━━━━━━━━━━━━━━━━━━━━━━━━━━━━━━━━━━━━ 100% 0:00:00
Encoding the data... ━━━━━━━━━━━━━━━━━━━━━━━━━━━━━━━━━━━━━━━━ 100% 0:00:00
Encoding the data... ━━━━━━━━━━━━━━━━━━━━━━━━━━━━━━━━━━━━━━━━ 100% 0:00:00
AdaBoost - Train Weighted Pearson Correlation: 0.3217
AdaBoost - Test Weighted Pearson Correlation: 0.1785
AdaBoost - LB Weighted Pearson Correlation: 0.1971

Training and evaluating Gradient Boosting...
2025-03-13 16:26:57,127 - {pytorch_tabular.tabular_model:167} - INFO -          
Experiment Tracking is turned off                                               
2025-03-13 16:26:57,131 - {pytorch_tabular.tabular_model:342} - INFO - Preparing
the Trainer                                                                     
Encoding the data... ━━━━━━━━━━━━━━━━━━━━━━━━━━━━━━━━━━━━━━━━ 100% 0:00:00
Failed to convert 23/118 SMILES strings to Morgan fingerprints
Setting them to arrays with NaN values
Dropped 922 rows with missing fingerprints
Training and evaluating Linear Regression...
Linear Regression - Train Weighted Pearson Correlation: 0.3959
Linear Regression - Test Weighted Pearson Correlation: 0.2465
Linear Regression - LB Weighted Pearson Correlation: 0.2759

Training and evaluating Ridge Regression...
Ridge Regression - Train Weighted Pearson Correlation: 0.3949
Ridge Regression - Test Weighted Pearson Correlation: 0.2504
Ridge Regression - LB Weighted Pearson Correlation: 0.2814

Training and evaluating Lasso Regression...
Lasso Regression - Train Weighted Pearson Correlation: 0.1404
Lasso Regression - Test Weighted Pearson Correlation: 0.1474
Lasso Regression - LB Weighted Pearson Correlation: 0.1559

Training and evaluating ElasticNet Regression...
ElasticNet Regression - Train Weighted Pearson Correlation: 0.1495
ElasticNet Regression - Test Weighted Pearson Correlation: 0.1711
ElasticNet Regression - LB Weighted Pearson Correlation: 0.1834

Training and evaluating Bayesian Ridge Regression...
Bayesian Ridge Regression - Train Weighted Pearson Correlation: 0.1654
Bayesian Ridge Regression - Test Weighted Pearson Correlation: 0.1888
Bayesian Ridge Regression - LB Weighted Pearson Correlation: 0.1888

Training and evaluating Stochastic Gradient Descent...
Stochastic Gradient Descent - Train Weighted Pearson Correlation: -0.0041
Stochastic Gradient Descent - Test Weighted Pearson Correlation: -0.0272
Stochastic Gradient Descent - LB Weighted Pearson Correlation: 0.0378

Training and evaluating Decision Tree...
Decision Tree - Train Weighted Pearson Correlation: 1.0000
Decision Tree - Test Weighted Pearson Correlation: 0.1022
Decision Tree - LB Weighted Pearson Correlation: 0.1165

Training and evaluating Random Forest...
Random Forest - Train Weighted Pearson Correlation: 0.9724
Random Forest - Test Weighted Pearson Correlation: 0.2491
Random Forest - LB Weighted Pearson Correlation: 0.2386

Training and evaluating Extra Trees...
Extra Trees - Train Weighted Pearson Correlation: 1.0000
Extra Trees - Test Weighted Pearson Correlation: 0.1771
Extra Trees - LB Weighted Pearson Correlation: 0.1430

Training and evaluating AdaBoost...
AdaBoost - Train Weighted Pearson Correlation: 0.1849
AdaBoost - Test Weighted Pearson Correlation: 0.1593
AdaBoost - LB Weighted Pearson Correlation: 0.1825

Training and evaluating Gradient Boosting...
Gradient Boosting - Train Weighted Pearson Correlation: 0.6405
Gradient Boosting - Test Weighted Pearson Correlation: 0.2500
Gradient Boosting - LB Weighted Pearson Correlation: 0.2001

Training and evaluating XGBRegressor...
XGBRegressor - Train Weighted Pearson Correlation: 0.9789
XGBRegressor - Test Weighted Pearson Correlation: 0.2276
XGBRegressor - LB Weighted Pearson Correlation: 0.2211

Training and evaluating Support Vector Regression...
Support Vector Regression - Train Weighted Pearson Correlation: 0.2322
Support Vector Regression - Test Weighted Pearson Correlation: 0.1362
Support Vector Regression - LB Weighted Pearson Correlation: 0.1787

Training and evaluating Gaussian Process...
Gaussian Process - Train Weighted Pearson Correlation: 1.0000
Gaussian Process - Test Weighted Pearson Correlation: 0.1073
Gaussian Process - LB Weighted Pearson Correlation: 0.1042

Evaluation Results:
                          Model  Train WPC  Test WPC    LB WPC
0             Linear Regression   0.395859  0.246539  0.275869
1              Ridge Regression   0.394873  0.250390  0.281417
2              Lasso Regression   0.140394  0.147375  0.155946
3         ElasticNet Regression   0.149517  0.171105  0.183429
4     Bayesian Ridge Regression   0.165423  0.188839  0.188761
5   Stochastic Gradient Descent  -0.004074 -0.027218  0.037793
6                 Decision Tree   1.000000  0.102188  0.116465
7                 Random Forest   0.972365  0.249124  0.238558
8                   Extra Trees   1.000000  0.177085  0.142984
9                      AdaBoost   0.184885  0.159254  0.182543
10            Gradient Boosting   0.640495  0.249960  0.200137
11                 XGBRegressor   0.978926  0.227626  0.221087
12    Support Vector Regression   0.232240  0.136156  0.178686
13             Gaussian Process   1.000000  0.107317  0.104187
Results saved to benchmarks_embed_seeds_fingerprints_1024_drop_tautomers/sklearn_OneHotEncoder_seed_3.csv
AdaBoost - Train Weighted Pearson Correlation: 0.2748
AdaBoost - Test Weighted Pearson Correlation: 0.0683
AdaBoost - LB Weighted Pearson Correlation: 0.1343

Training and evaluating Gradient Boosting...
2025-03-13 16:26:59,743 - {pytorch_tabular.tabular_model:167} - INFO -          
Experiment Tracking is turned off                                               
2025-03-13 16:26:59,750 - {pytorch_tabular.tabular_model:342} - INFO - Preparing
the Trainer                                                                     
Encoding the data... ━━━━━━━━━━━━━━━━━━━━━━━━━━━━━━━━━━━━━━━━ 100% 0:00:00
Encoding the data... ━━━━━━━━━━━━━━━━━━━━━━━━━━━━━━━━━━━━━━━━ 100% 0:00:00
Encoding the data... ━━━━━━━━━━━━━━━━━━━━━━━━━━━━━━━━━━━━━━━━ 100% 0:00:00
Encoding the data... ━━━━━━━━━━━━━━━━━━━━━━━━━━━━━━━━━━━━━━━━ 100% 0:00:00
Encoding the data... ━━━━━━━━━━━━━━━━━━━━━━━━━━━━━━━━━━━━━━━━ 100% 0:00:00
Encoding the data... ━━━━━━━━━━━━━━━━━━━━━━━━━━━━━━━━━━━━━━━━ 100% 0:00:00
Gradient Boosting - Train Weighted Pearson Correlation: 0.7089
Gradient Boosting - Test Weighted Pearson Correlation: 0.2116
Gradient Boosting - LB Weighted Pearson Correlation: 0.2156

Training and evaluating XGBRegressor...
2025-03-13 16:27:05,752 - {pytorch_tabular.tabular_model:167} - INFO -          
Experiment Tracking is turned off                                               
2025-03-13 16:27:05,756 - {pytorch_tabular.tabular_model:342} - INFO - Preparing
the Trainer                                                                     
Encoding the data... ━━━━━━━━━━━━━━━━━━━━━━━━━━━━━━━━━━━━━━━━ 100% 0:00:00
Encoding the data... ━━━━━━━━━━━━━━━━━━━━━━━━━━━━━━━━━━━━━━━━ 100% 0:00:00
Gradient Boosting - Train Weighted Pearson Correlation: 0.7256
Gradient Boosting - Test Weighted Pearson Correlation: 0.2323
Gradient Boosting - LB Weighted Pearson Correlation: 0.1849

Training and evaluating XGBRegressor...
2025-03-13 16:27:09,998 - {pytorch_tabular.tabular_model:167} - INFO -          
Experiment Tracking is turned off                                               
2025-03-13 16:27:10,010 - {pytorch_tabular.tabular_model:342} - INFO - Preparing
the Trainer                                                                     
Encoding the data... ━━━━━━━━━━━━━━━━━━━━━━━━━━━━━━━━━━━━━━━━ 100% 0:00:00
Encoding the data... ━━━━━━━━━━━━━━━━━━━━━━━━━━━━━━━━━━━━━━━━ 100% 0:00:00
Encoding the data... ━━━━━━━━━━━━━━━━━━━━━━━━━━━━━━━━━━━━━━━━ 100% 0:00:00
Encoding the data... ━━━━━━━━━━━━━━━━━━━━━━━━━━━━━━━━━━━━━━━━ 100% 0:00:00
Encoding the data... ━━━━━━━━━━━━━━━━━━━━━━━━━━━━━━━━━━━━━━━━ 100% 0:00:00
Encoding the data... ━━━━━━━━━━━━━━━━━━━━━━━━━━━━━━━━━━━━━━━━ 100% 0:00:00
Encoding the data... ━━━━━━━━━━━━━━━━━━━━━━━━━━━━━━━━━━━━━━━━ 100% 0:00:00
Extra Trees - Train Weighted Pearson Correlation: 1.0000
Extra Trees - Test Weighted Pearson Correlation: 0.2548
Extra Trees - LB Weighted Pearson Correlation: 0.1976

Training and evaluating AdaBoost...
2025-03-13 16:27:34,323 - {pytorch_tabular.tabular_model:167} - INFO -          
Experiment Tracking is turned off                                               
2025-03-13 16:27:34,327 - {pytorch_tabular.tabular_model:342} - INFO - Preparing
the Trainer                                                                     
Encoding the data... ━━━━━━━━━━━━━━━━━━━━━━━━━━━━━━━━━━━━━━━━ 100% 0:00:00
Encoding the data... ━━━━━━━━━━━━━━━━━━━━━━━━━━━━━━━━━━━━━━━━ 100% 0:00:00
Encoding the data... ━━━━━━━━━━━━━━━━━━━━━━━━━━━━━━━━━━━━━━━━ 100% 0:00:00
XGBRegressor - Train Weighted Pearson Correlation: 0.9995
XGBRegressor - Test Weighted Pearson Correlation: 0.1527
XGBRegressor - LB Weighted Pearson Correlation: 0.2106

Training and evaluating Support Vector Regression...
2025-03-13 16:27:35,056 - {pytorch_tabular.tabular_model:167} - INFO -          
Experiment Tracking is turned off                                               
2025-03-13 16:27:35,060 - {pytorch_tabular.tabular_model:342} - INFO - Preparing
the Trainer                                                                     
Encoding the data... ━━━━━━━━━━━━━━━━━━━━━━━━━━━━━━━━━━━━━━━━ 100% 0:00:00
Encoding the data... ━━━━━━━━━━━━━━━━━━━━━━━━━━━━━━━━━━━━━━━━ 100% 0:00:00
Encoding the data... ━━━━━━━━━━━━━━━━━━━━━━━━━━━━━━━━━━━━━━━━ 100% 0:00:00
XGBRegressor - Train Weighted Pearson Correlation: 0.9993
XGBRegressor - Test Weighted Pearson Correlation: 0.1865
XGBRegressor - LB Weighted Pearson Correlation: 0.1743

Training and evaluating Support Vector Regression...
2025-03-13 16:27:37,629 - {pytorch_tabular.tabular_model:167} - INFO -          
Experiment Tracking is turned off                                               
2025-03-13 16:27:37,634 - {pytorch_tabular.tabular_model:342} - INFO - Preparing
the Trainer                                                                     
Encoding the data... ━━━━━━━━━━━━━━━━━━━━━━━━━━━━━━━━━━━━━━━━ 100% 0:00:00
Encoding the data... ━━━━━━━━━━━━━━━━━━━━━━━━━━━━━━━━━━━━━━━━ 100% 0:00:00
Encoding the data... ━━━━━━━━━━━━━━━━━━━━━━━━━━━━━━━━━━━━━━━━ 100% 0:00:00
Encoding the data... ━━━━━━━━━━━━━━━━━━━━━━━━━━━━━━━━━━━━━━━━ 100% 0:00:00
Encoding the data... ━━━━━━━━━━━━━━━━━━━━━━━━━━━━━━━━━━━━━━━━ 100% 0:00:00
Encoding the data... ━━━━━━━━━━━━━━━━━━━━━━━━━━━━━━━━━━━━━━━━ 100% 0:00:00
Encoding the data... ━━━━━━━━━━━━━━━━━━━━━━━━━━━━━━━━━━━━━━━━ 100% 0:00:00
Encoding the data... ━━━━━━━━━━━━━━━━━━━━━━━━━━━━━━━━━━━━━━━━ 100% 0:00:00
AdaBoost - Train Weighted Pearson Correlation: 0.3520
AdaBoost - Test Weighted Pearson Correlation: 0.1900
AdaBoost - LB Weighted Pearson Correlation: 0.1016

Training and evaluating Gradient Boosting...
2025-03-13 16:27:44,588 - {pytorch_tabular.tabular_model:167} - INFO -          
Experiment Tracking is turned off                                               
2025-03-13 16:27:44,592 - {pytorch_tabular.tabular_model:342} - INFO - Preparing
the Trainer                                                                     
Encoding the data... ━━━━━━━━━━━━━━━━━━━━━━━━━━━━━━━━━━━━━━━━ 100% 0:00:00
Encoding the data... ━━━━━━━━━━━━━━━━━━━━━━━━━━━━━━━━━━━━━━━━ 100% 0:00:00
Support Vector Regression - Train Weighted Pearson Correlation: 0.2334
Support Vector Regression - Test Weighted Pearson Correlation: 0.1419
Support Vector Regression - LB Weighted Pearson Correlation: 0.1817

Training and evaluating Gaussian Process...
2025-03-13 16:27:47,247 - {pytorch_tabular.tabular_model:167} - INFO -          
Experiment Tracking is turned off                                               
2025-03-13 16:27:47,252 - {pytorch_tabular.tabular_model:342} - INFO - Preparing
the Trainer                                                                     
Encoding the data... ━━━━━━━━━━━━━━━━━━━━━━━━━━━━━━━━━━━━━━━━ 100% 0:00:00
Support Vector Regression - Train Weighted Pearson Correlation: 0.4275
Support Vector Regression - Test Weighted Pearson Correlation: 0.1443
Support Vector Regression - LB Weighted Pearson Correlation: 0.1383

Training and evaluating Gaussian Process...
2025-03-13 16:27:48,688 - {pytorch_tabular.tabular_model:167} - INFO -          
Experiment Tracking is turned off                                               
2025-03-13 16:27:48,693 - {pytorch_tabular.tabular_model:342} - INFO - Preparing
the Trainer                                                                     
Encoding the data... ━━━━━━━━━━━━━━━━━━━━━━━━━━━━━━━━━━━━━━━━ 100% 0:00:00
Encoding the data... ━━━━━━━━━━━━━━━━━━━━━━━━━━━━━━━━━━━━━━━━ 100% 0:00:00
Encoding the data... ━━━━━━━━━━━━━━━━━━━━━━━━━━━━━━━━━━━━━━━━ 100% 0:00:00
Encoding the data... ━━━━━━━━━━━━━━━━━━━━━━━━━━━━━━━━━━━━━━━━ 100% 0:00:00
Encoding the data... ━━━━━━━━━━━━━━━━━━━━━━━━━━━━━━━━━━━━━━━━ 100% 0:00:00
Gradient Boosting - Train Weighted Pearson Correlation: 0.7046
Gradient Boosting - Test Weighted Pearson Correlation: 0.2298
Gradient Boosting - LB Weighted Pearson Correlation: 0.1964

Training and evaluating XGBRegressor...
2025-03-13 16:27:55,307 - {pytorch_tabular.tabular_model:167} - INFO -          
Experiment Tracking is turned off                                               
2025-03-13 16:27:55,312 - {pytorch_tabular.tabular_model:342} - INFO - Preparing
the Trainer                                                                     
Encoding the data... ━━━━━━━━━━━━━━━━━━━━━━━━━━━━━━━━━━━━━━━━ 100% 0:00:00
Encoding the data... ━━━━━━━━━━━━━━━━━━━━━━━━━━━━━━━━━━━━━━━━ 100% 0:00:00
Encoding the data... ━━━━━━━━━━━━━━━━━━━━━━━━━━━━━━━━━━━━━━━━ 100% 0:00:00
Encoding the data... ━━━━━━━━━━━━━━━━━━━━━━━━━━━━━━━━━━━━━━━━ 100% 0:00:00
Encoding the data... ━━━━━━━━━━━━━━━━━━━━━━━━━━━━━━━━━━━━━━━━ 100% 0:00:00
Encoding the data... ━━━━━━━━━━━━━━━━━━━━━━━━━━━━━━━━━━━━━━━━ 100% 0:00:00
Encoding the data... ━━━━━━━━━━━━━━━━━━━━━━━━━━━━━━━━━━━━━━━━ 100% 0:00:00
XGBRegressor - Train Weighted Pearson Correlation: 0.9996
XGBRegressor - Test Weighted Pearson Correlation: 0.2262
XGBRegressor - LB Weighted Pearson Correlation: 0.2117

Training and evaluating Support Vector Regression...
2025-03-13 16:28:17,198 - {pytorch_tabular.tabular_model:167} - INFO -          
Experiment Tracking is turned off                                               
2025-03-13 16:28:17,202 - {pytorch_tabular.tabular_model:342} - INFO - Preparing
the Trainer                                                                     
Encoding the data... ━━━━━━━━━━━━━━━━━━━━━━━━━━━━━━━━━━━━━━━━ 100% 0:00:00
Encoding the data... ━━━━━━━━━━━━━━━━━━━━━━━━━━━━━━━━━━━━━━━━ 100% 0:00:00
Encoding the data... ━━━━━━━━━━━━━━━━━━━━━━━━━━━━━━━━━━━━━━━━ 100% 0:00:00
Encoding the data... ━━━━━━━━━━━━━━━━━━━━━━━━━━━━━━━━━━━━━━━━ 100% 0:00:00
Gaussian Process - Train Weighted Pearson Correlation: 1.0000
Gaussian Process - Test Weighted Pearson Correlation: 0.1261
Gaussian Process - LB Weighted Pearson Correlation: 0.0785

Evaluation Results:
                          Model  Train WPC  Test WPC    LB WPC
0             Linear Regression   0.350110  0.207890  0.191365
1              Ridge Regression   0.351689  0.207915  0.188216
2              Lasso Regression   0.140394  0.147375  0.155946
3         ElasticNet Regression   0.186005  0.179007  0.202664
4     Bayesian Ridge Regression   0.195060  0.182191  0.200935
5   Stochastic Gradient Descent   0.014960  0.005376  0.096111
6                 Decision Tree   1.000000  0.030011  0.102531
7                 Random Forest   0.967262  0.262355  0.255133
8                   Extra Trees   1.000000  0.240928  0.172630
9                      AdaBoost   0.321655  0.178466  0.197081
10            Gradient Boosting   0.708932  0.211624  0.215592
11                 XGBRegressor   0.999514  0.152661  0.210600
12    Support Vector Regression   0.233362  0.141946  0.181687
13             Gaussian Process   1.000000  0.126138  0.078456
Results saved to benchmarks_embed_seeds_fingerprints_1024_drop_tautomers/sklearn_EmbeddingAutoInt_seed_3.csv
Gaussian Process - Train Weighted Pearson Correlation: 1.0000
Gaussian Process - Test Weighted Pearson Correlation: 0.0064
Gaussian Process - LB Weighted Pearson Correlation: 0.0251

Evaluation Results:
                          Model  Train WPC  Test WPC    LB WPC
0             Linear Regression   0.359207  0.241190  0.198935
1              Ridge Regression   0.356563  0.244534  0.208957
2              Lasso Regression   0.244765  0.146276  0.174449
3         ElasticNet Regression   0.276904  0.166322  0.140420
4     Bayesian Ridge Regression   0.259598  0.133259  0.182331
5   Stochastic Gradient Descent  -0.003027 -0.085561  0.061883
6                 Decision Tree   1.000000  0.047193  0.135714
7                 Random Forest   0.965284  0.258989  0.213793
8                   Extra Trees   1.000000  0.215734  0.223597
9                      AdaBoost   0.274771  0.068285  0.134253
10            Gradient Boosting   0.725634  0.232310  0.184884
11                 XGBRegressor   0.999260  0.186465  0.174339
12    Support Vector Regression   0.427469  0.144298  0.138320
13             Gaussian Process   1.000000  0.006402  0.025126
Results saved to benchmarks_embed_seeds_fingerprints_1024_drop_tautomers/sklearn_EmbeddingCategoryEmbedding_seed_3.csv
Encoding the data... ━━━━━━━━━━━━━━━━━━━━━━━━━━━━━━━━━━━━━━━━ 100% 0:00:00
Encoding the data... ━━━━━━━━━━━━━━━━━━━━━━━━━━━━━━━━━━━━━━━━ 100% 0:00:00
Support Vector Regression - Train Weighted Pearson Correlation: 0.2376
Support Vector Regression - Test Weighted Pearson Correlation: 0.1601
Support Vector Regression - LB Weighted Pearson Correlation: 0.1972

Training and evaluating Gaussian Process...
2025-03-13 16:28:29,721 - {pytorch_tabular.tabular_model:167} - INFO -          
Experiment Tracking is turned off                                               
2025-03-13 16:28:29,724 - {pytorch_tabular.tabular_model:342} - INFO - Preparing
the Trainer                                                                     
Encoding the data... ━━━━━━━━━━━━━━━━━━━━━━━━━━━━━━━━━━━━━━━━ 100% 0:00:00
Encoding the data... ━━━━━━━━━━━━━━━━━━━━━━━━━━━━━━━━━━━━━━━━ 100% 0:00:00
Encoding the data... ━━━━━━━━━━━━━━━━━━━━━━━━━━━━━━━━━━━━━━━━ 100% 0:00:00
Encoding the data... ━━━━━━━━━━━━━━━━━━━━━━━━━━━━━━━━━━━━━━━━ 100% 0:00:00
Gaussian Process - Train Weighted Pearson Correlation: 1.0000
Gaussian Process - Test Weighted Pearson Correlation: 0.1402
Gaussian Process - LB Weighted Pearson Correlation: 0.0457

Evaluation Results:
                          Model  Train WPC  Test WPC    LB WPC
0             Linear Regression   0.373561  0.258995  0.169982
1              Ridge Regression   0.374127  0.265320  0.187762
2              Lasso Regression   0.140394  0.147375  0.155946
3         ElasticNet Regression   0.172442  0.183807  0.193345
4     Bayesian Ridge Regression   0.202480  0.215111  0.206295
5   Stochastic Gradient Descent  -0.105802 -0.125049 -0.115092
6                 Decision Tree   1.000000  0.079755  0.126985
7                 Random Forest   0.963614  0.284071  0.205638
8                   Extra Trees   1.000000  0.254754  0.197605
9                      AdaBoost   0.351978  0.190048  0.101585
10            Gradient Boosting   0.704562  0.229758  0.196353
11                 XGBRegressor   0.999573  0.226237  0.211704
12    Support Vector Regression   0.237623  0.160087  0.197215
13             Gaussian Process   1.000000  0.140212  0.045656
Results saved to benchmarks_embed_seeds_fingerprints_1024_drop_tautomers/sklearn_EmbeddingTabTransformer_seed_3.csv
