[rank: 0] Seed set to 5
  0%|          | 0/118 [00:00<?, ?it/s][16:17:55] SMILES Parse Error: syntax error while parsing: Antibody
[16:17:55] SMILES Parse Error: check for mistakes around position 1:
[16:17:55] Antibody
[16:17:55] ^
[16:17:55] SMILES Parse Error: Failed parsing SMILES 'Antibody' for input: 'Antibody'
[16:17:55] SMILES Parse Error: syntax error while parsing: CC(=O)N1CCN(CCOc2ccc(cc2)C3CCN(CC3)C4=Nn5c(CC4)nnc5C(F)(F)F)CC1;CC(=O)N1CCN(CC1)CCOc2ccc(cc2)C3CCN(CC3)C4=Nn5c(nnc5C(F)(F)F)CC4
[16:17:55] SMILES Parse Error: check for mistakes around position 64:
[16:17:55] CC4)nnc5C(F)(F)F)CC1;CC(=O)N1CCN(CC1)CCOc
[16:17:55] ~~~~~~~~~~~~~~~~~~~~^
[16:17:55] SMILES Parse Error: Failed parsing SMILES 'CC(=O)N1CCN(CCOc2ccc(cc2)C3CCN(CC3)C4=Nn5c(CC4)nnc5C(F)(F)F)CC1;CC(=O)N1CCN(CC1)CCOc2ccc(cc2)C3CCN(CC3)C4=Nn5c(nnc5C(F)(F)F)CC4' for input: 'CC(=O)N1CCN(CCOc2ccc(cc2)C3CCN(CC3)C4=Nn5c(CC4)nnc5C(F)(F)F)CC1;CC(=O)N1CCN(CC1)CCOc2ccc(cc2)C3CCN(CC3)C4=Nn5c(nnc5C(F)(F)F)CC4'
[16:17:55] SMILES Parse Error: syntax error while parsing: CN(C)CC#Cc1ccc(OCCCc2sc(nc2C(=O)O)N3CCc4cccc(C(=O)Nc5nc6ccccc6s5)c4C3)cc1;CN(C)CC#Cc1ccc(cc1)OCCCc2c(nc(s2)N3CCc4cccc(c4C3)C(=O)Nc5nc6ccccc6s5)C(=O)O
[16:17:55] SMILES Parse Error: check for mistakes around position 74:
[16:17:55] nc6ccccc6s5)c4C3)cc1;CN(C)CC#Cc1ccc(cc1)O
[16:17:55] ~~~~~~~~~~~~~~~~~~~~^
[16:17:55] SMILES Parse Error: Failed parsing SMILES 'CN(C)CC#Cc1ccc(OCCCc2sc(nc2C(=O)O)N3CCc4cccc(C(=O)Nc5nc6ccccc6s5)c4C3)cc1;CN(C)CC#Cc1ccc(cc1)OCCCc2c(nc(s2)N3CCc4cccc(c4C3)C(=O)Nc5nc6ccccc6s5)C(=O)O' for input: 'CN(C)CC#Cc1ccc(OCCCc2sc(nc2C(=O)O)N3CCc4cccc(C(=O)Nc5nc6ccccc6s5)c4C3)cc1;CN(C)CC#Cc1ccc(cc1)OCCCc2c(nc(s2)N3CCc4cccc(c4C3)C(=O)Nc5nc6ccccc6s5)C(=O)O'
[16:17:55] SMILES Parse Error: syntax error while parsing: CCCS(=O)(=O)Nc1ccc(F)c(C(=O)c2c[nH]c3ncc(cc23)c4cccc(c4)C(=O)N)c1F;CCCS(=O)(=O)Nc1ccc(c(c1F)C(=O)c2c[nH]c3c2cc(cn3)c4cccc(c4)C(=O)N)F
[16:17:55] SMILES Parse Error: check for mistakes around position 67:
[16:17:55] c4cccc(c4)C(=O)N)c1F;CCCS(=O)(=O)Nc1ccc(c
[16:17:55] ~~~~~~~~~~~~~~~~~~~~^
[16:17:55] SMILES Parse Error: Failed parsing SMILES 'CCCS(=O)(=O)Nc1ccc(F)c(C(=O)c2c[nH]c3ncc(cc23)c4cccc(c4)C(=O)N)c1F;CCCS(=O)(=O)Nc1ccc(c(c1F)C(=O)c2c[nH]c3c2cc(cn3)c4cccc(c4)C(=O)N)F' for input: 'CCCS(=O)(=O)Nc1ccc(F)c(C(=O)c2c[nH]c3ncc(cc23)c4cccc(c4)C(=O)N)c1F;CCCS(=O)(=O)Nc1ccc(c(c1F)C(=O)c2c[nH]c3c2cc(cn3)c4cccc(c4)C(=O)N)F'
 26%|██▋       | 31/118 [00:00<00:00, 309.02it/s][16:17:55] SMILES Parse Error: syntax error while parsing: C[C@@]1(O)C[C@@H](C1)c2nc(c3ccc4ccc(nc4c3)c5ccccc5)c6c(N)nccn26;C[C@]1(C[C@@H](C1)c2n3c(c(ncc3)N)c(n2)c4cc5nc(ccc5cc4)c6ccccc6)O
[16:17:55] SMILES Parse Error: check for mistakes around position 64:
[16:17:55] 5ccccc5)c6c(N)nccn26;C[C@]1(C[C@@H](C1)c2
[16:17:55] ~~~~~~~~~~~~~~~~~~~~^
[16:17:55] SMILES Parse Error: Failed parsing SMILES 'C[C@@]1(O)C[C@@H](C1)c2nc(c3ccc4ccc(nc4c3)c5ccccc5)c6c(N)nccn26;C[C@]1(C[C@@H](C1)c2n3c(c(ncc3)N)c(n2)c4cc5nc(ccc5cc4)c6ccccc6)O' for input: 'C[C@@]1(O)C[C@@H](C1)c2nc(c3ccc4ccc(nc4c3)c5ccccc5)c6c(N)nccn26;C[C@]1(C[C@@H](C1)c2n3c(c(ncc3)N)c(n2)c4cc5nc(ccc5cc4)c6ccccc6)O'
[16:17:55] SMILES Parse Error: syntax error while parsing: OCCONC(=O)c1ccc2cncn2c1Nc3ccc(I)cc3F;c1cc(c(cc1I)F)Nc2c(ccc3n2cnc3)C(=O)NOCCO
[16:17:55] SMILES Parse Error: check for mistakes around position 37:
[16:17:55] cncn2c1Nc3ccc(I)cc3F;c1cc(c(cc1I)F)Nc2c(c
[16:17:55] ~~~~~~~~~~~~~~~~~~~~^
[16:17:55] SMILES Parse Error: Failed parsing SMILES 'OCCONC(=O)c1ccc2cncn2c1Nc3ccc(I)cc3F;c1cc(c(cc1I)F)Nc2c(ccc3n2cnc3)C(=O)NOCCO' for input: 'OCCONC(=O)c1ccc2cncn2c1Nc3ccc(I)cc3F;c1cc(c(cc1I)F)Nc2c(ccc3n2cnc3)C(=O)NOCCO'
[16:17:55] SMILES Parse Error: syntax error while parsing: CS(=O)(=O)c1ccc(Nc2cncc(n2)c3cnc4ccccn34)cc1;CS(=O)(=O)c1ccc(cc1)Nc2cncc(n2)c3cnc4n3cccc4
[16:17:55] SMILES Parse Error: check for mistakes around position 45:
[16:17:55] n2)c3cnc4ccccn34)cc1;CS(=O)(=O)c1ccc(cc1)
[16:17:55] ~~~~~~~~~~~~~~~~~~~~^
[16:17:55] SMILES Parse Error: Failed parsing SMILES 'CS(=O)(=O)c1ccc(Nc2cncc(n2)c3cnc4ccccn34)cc1;CS(=O)(=O)c1ccc(cc1)Nc2cncc(n2)c3cnc4n3cccc4' for input: 'CS(=O)(=O)c1ccc(Nc2cncc(n2)c3cnc4ccccn34)cc1;CS(=O)(=O)c1ccc(cc1)Nc2cncc(n2)c3cnc4n3cccc4'
 98%|█████████▊| 116/118 [00:00<00:00, 625.78it/s]100%|██████████| 118/118 [00:00<00:00, 582.73it/s]
[rank: 0] Seed set to 5
[rank: 0] Seed set to 5
[rank: 0] Seed set to 5
[rank: 0] Seed set to 5
[rank: 0] Seed set to 5
[rank: 0] Seed set to 5
[rank: 0] Seed set to 5
[rank: 0] Seed set to 5
[rank: 0] Seed set to 5
  0%|          | 0/118 [00:00<?, ?it/s][16:20:17] SMILES Parse Error: syntax error while parsing: Antibody
[16:20:17] SMILES Parse Error: check for mistakes around position 1:
[16:20:17] Antibody
[16:20:17] ^
[16:20:17] SMILES Parse Error: Failed parsing SMILES 'Antibody' for input: 'Antibody'
[16:20:17] SMILES Parse Error: syntax error while parsing: CC(=O)N1CCN(CCOc2ccc(cc2)C3CCN(CC3)C4=Nn5c(CC4)nnc5C(F)(F)F)CC1;CC(=O)N1CCN(CC1)CCOc2ccc(cc2)C3CCN(CC3)C4=Nn5c(nnc5C(F)(F)F)CC4
[16:20:17] SMILES Parse Error: check for mistakes around position 64:
[16:20:17] CC4)nnc5C(F)(F)F)CC1;CC(=O)N1CCN(CC1)CCOc
[16:20:17] ~~~~~~~~~~~~~~~~~~~~^
[16:20:17] SMILES Parse Error: Failed parsing SMILES 'CC(=O)N1CCN(CCOc2ccc(cc2)C3CCN(CC3)C4=Nn5c(CC4)nnc5C(F)(F)F)CC1;CC(=O)N1CCN(CC1)CCOc2ccc(cc2)C3CCN(CC3)C4=Nn5c(nnc5C(F)(F)F)CC4' for input: 'CC(=O)N1CCN(CCOc2ccc(cc2)C3CCN(CC3)C4=Nn5c(CC4)nnc5C(F)(F)F)CC1;CC(=O)N1CCN(CC1)CCOc2ccc(cc2)C3CCN(CC3)C4=Nn5c(nnc5C(F)(F)F)CC4'
[16:20:17] SMILES Parse Error: syntax error while parsing: CN(C)CC#Cc1ccc(OCCCc2sc(nc2C(=O)O)N3CCc4cccc(C(=O)Nc5nc6ccccc6s5)c4C3)cc1;CN(C)CC#Cc1ccc(cc1)OCCCc2c(nc(s2)N3CCc4cccc(c4C3)C(=O)Nc5nc6ccccc6s5)C(=O)O
[16:20:17] SMILES Parse Error: check for mistakes around position 74:
[16:20:17] nc6ccccc6s5)c4C3)cc1;CN(C)CC#Cc1ccc(cc1)O
[16:20:17] ~~~~~~~~~~~~~~~~~~~~^
[16:20:17] SMILES Parse Error: Failed parsing SMILES 'CN(C)CC#Cc1ccc(OCCCc2sc(nc2C(=O)O)N3CCc4cccc(C(=O)Nc5nc6ccccc6s5)c4C3)cc1;CN(C)CC#Cc1ccc(cc1)OCCCc2c(nc(s2)N3CCc4cccc(c4C3)C(=O)Nc5nc6ccccc6s5)C(=O)O' for input: 'CN(C)CC#Cc1ccc(OCCCc2sc(nc2C(=O)O)N3CCc4cccc(C(=O)Nc5nc6ccccc6s5)c4C3)cc1;CN(C)CC#Cc1ccc(cc1)OCCCc2c(nc(s2)N3CCc4cccc(c4C3)C(=O)Nc5nc6ccccc6s5)C(=O)O'
[16:20:17] SMILES Parse Error: syntax error while parsing: CCCS(=O)(=O)Nc1ccc(F)c(C(=O)c2c[nH]c3ncc(cc23)c4cccc(c4)C(=O)N)c1F;CCCS(=O)(=O)Nc1ccc(c(c1F)C(=O)c2c[nH]c3c2cc(cn3)c4cccc(c4)C(=O)N)F
[16:20:17] SMILES Parse Error: check for mistakes around position 67:
[16:20:17] c4cccc(c4)C(=O)N)c1F;CCCS(=O)(=O)Nc1ccc(c
[16:20:17] ~~~~~~~~~~~~~~~~~~~~^
[16:20:17] SMILES Parse Error: Failed parsing SMILES 'CCCS(=O)(=O)Nc1ccc(F)c(C(=O)c2c[nH]c3ncc(cc23)c4cccc(c4)C(=O)N)c1F;CCCS(=O)(=O)Nc1ccc(c(c1F)C(=O)c2c[nH]c3c2cc(cn3)c4cccc(c4)C(=O)N)F' for input: 'CCCS(=O)(=O)Nc1ccc(F)c(C(=O)c2c[nH]c3ncc(cc23)c4cccc(c4)C(=O)N)c1F;CCCS(=O)(=O)Nc1ccc(c(c1F)C(=O)c2c[nH]c3c2cc(cn3)c4cccc(c4)C(=O)N)F'
[16:20:17] SMILES Parse Error: syntax error while parsing: C[C@@]1(O)C[C@@H](C1)c2nc(c3ccc4ccc(nc4c3)c5ccccc5)c6c(N)nccn26;C[C@]1(C[C@@H](C1)c2n3c(c(ncc3)N)c(n2)c4cc5nc(ccc5cc4)c6ccccc6)O
[16:20:17] SMILES Parse Error: check for mistakes around position 64:
[16:20:17] 5ccccc5)c6c(N)nccn26;C[C@]1(C[C@@H](C1)c2
[16:20:17] ~~~~~~~~~~~~~~~~~~~~^
[16:20:17] SMILES Parse Error: Failed parsing SMILES 'C[C@@]1(O)C[C@@H](C1)c2nc(c3ccc4ccc(nc4c3)c5ccccc5)c6c(N)nccn26;C[C@]1(C[C@@H](C1)c2n3c(c(ncc3)N)c(n2)c4cc5nc(ccc5cc4)c6ccccc6)O' for input: 'C[C@@]1(O)C[C@@H](C1)c2nc(c3ccc4ccc(nc4c3)c5ccccc5)c6c(N)nccn26;C[C@]1(C[C@@H](C1)c2n3c(c(ncc3)N)c(n2)c4cc5nc(ccc5cc4)c6ccccc6)O'
 54%|█████▍    | 64/118 [00:00<00:00, 637.27it/s][16:20:17] SMILES Parse Error: syntax error while parsing: OCCONC(=O)c1ccc2cncn2c1Nc3ccc(I)cc3F;c1cc(c(cc1I)F)Nc2c(ccc3n2cnc3)C(=O)NOCCO
[16:20:17] SMILES Parse Error: check for mistakes around position 37:
[16:20:17] cncn2c1Nc3ccc(I)cc3F;c1cc(c(cc1I)F)Nc2c(c
[16:20:17] ~~~~~~~~~~~~~~~~~~~~^
[16:20:17] SMILES Parse Error: Failed parsing SMILES 'OCCONC(=O)c1ccc2cncn2c1Nc3ccc(I)cc3F;c1cc(c(cc1I)F)Nc2c(ccc3n2cnc3)C(=O)NOCCO' for input: 'OCCONC(=O)c1ccc2cncn2c1Nc3ccc(I)cc3F;c1cc(c(cc1I)F)Nc2c(ccc3n2cnc3)C(=O)NOCCO'
[16:20:17] SMILES Parse Error: syntax error while parsing: CS(=O)(=O)c1ccc(Nc2cncc(n2)c3cnc4ccccn34)cc1;CS(=O)(=O)c1ccc(cc1)Nc2cncc(n2)c3cnc4n3cccc4
[16:20:17] SMILES Parse Error: check for mistakes around position 45:
[16:20:17] n2)c3cnc4ccccn34)cc1;CS(=O)(=O)c1ccc(cc1)
[16:20:17] ~~~~~~~~~~~~~~~~~~~~^
[16:20:17] SMILES Parse Error: Failed parsing SMILES 'CS(=O)(=O)c1ccc(Nc2cncc(n2)c3cnc4ccccn34)cc1;CS(=O)(=O)c1ccc(cc1)Nc2cncc(n2)c3cnc4n3cccc4' for input: 'CS(=O)(=O)c1ccc(Nc2cncc(n2)c3cnc4ccccn34)cc1;CS(=O)(=O)c1ccc(cc1)Nc2cncc(n2)c3cnc4n3cccc4'
100%|██████████| 118/118 [00:00<00:00, 677.56it/s]
  0%|          | 0/118 [00:00<?, ?it/s]  0%|          | 0/118 [00:00<?, ?it/s][16:20:17] SMILES Parse Error: syntax error while parsing: Antibody[16:20:17] 
SMILES Parse Error: [16:20:17] syntax errorSMILES Parse Error: check for mistakes around position  while parsing: 1Antibody:

[16:20:17] [16:20:17] SMILES Parse Error: check for mistakes around position Antibody1
:[16:20:17] 
^[16:20:17] 
Antibody
[16:20:17] ^
[16:20:17] SMILES Parse Error: Failed parsing SMILES 'Antibody'[16:20:17]  for input: 'SMILESAntibody Parse Error: 'Failed parsing SMILES 'Antibody'
 for input: 'Antibody'
[16:20:17] SMILES Parse Error: syntax error while parsing: CC(=O)N1CCN(CCOc2ccc(cc2)C3CCN(CC3)C4=Nn5c(CC4)nnc5C(F)(F)F)CC1;CC(=O)N1CCN(CC1)CCOc2ccc(cc2)C3CCN(CC3)C4=Nn5c(nnc5C(F)(F)F)CC4
[16:20:17] SMILES Parse Error: check for mistakes around position 64:
[16:20:17] CC4)nnc5C(F)(F)F)CC1;CC(=O)N1CCN(CC1)CCOc
[16:20:17] ~~~~~~~~~~~~~~~~~~~~^
[16:20:17] SMILES Parse Error: [16:20:17] syntax errorSMILES while parsing:  Parse Error: CC(=O)N1CCN(CCOc2ccc(cc2)C3CCN(CC3)C4=Nn5c(CC4)nnc5C(F)(F)F)CC1;CC(=O)N1CCN(CC1)CCOc2ccc(cc2)C3CCN(CC3)C4=Nn5c(nnc5C(F)(F)F)CC4Failed parsing SMILES 'CC(=O)N1CCN(CCOc2ccc(cc2)C3CCN(CC3)C4=Nn5c(CC4)nnc5C(F)(F)F)CC1;CC(=O)N1CCN(CC1)CCOc2ccc(cc2)C3CCN(CC3)C4=Nn5c(nnc5C(F)(F)F)CC4'
 for input: '[16:20:17] CC(=O)N1CCN(CCOc2ccc(cc2)C3CCN(CC3)C4=Nn5c(CC4)nnc5C(F)(F)F)CC1;CC(=O)N1CCN(CC1)CCOc2ccc(cc2)C3CCN(CC3)C4=Nn5c(nnc5C(F)(F)F)CC4SMILES Parse Error: check for mistakes around position '64
:
[16:20:17] CC4)nnc5C(F)(F)F)CC1;CC(=O)N1CCN(CC1)CCOc
[16:20:17] ~~~~~~~~~~~~~~~~~~~~^
[16:20:17] SMILES Parse Error: Failed parsing SMILES 'CC(=O)N1CCN(CCOc2ccc(cc2)C3CCN(CC3)C4=Nn5c(CC4)nnc5C(F)(F)F)CC1;CC(=O)N1CCN(CC1)CCOc2ccc(cc2)C3CCN(CC3)C4=Nn5c(nnc5C(F)(F)F)CC4' for input: 'CC(=O)N1CCN(CCOc2ccc(cc2)C3CCN(CC3)C4=Nn5c(CC4)nnc5C(F)(F)F)CC1;CC(=O)N1CCN(CC1)CCOc2ccc(cc2)C3CCN(CC3)C4=Nn5c(nnc5C(F)(F)F)CC4'
[16:20:17] SMILES Parse Error: syntax error while parsing: CN(C)CC#Cc1ccc(OCCCc2sc(nc2C(=O)O)N3CCc4cccc(C(=O)Nc5nc6ccccc6s5)c4C3)cc1;CN(C)CC#Cc1ccc(cc1)OCCCc2c(nc(s2)N3CCc4cccc(c4C3)C(=O)Nc5nc6ccccc6s5)C(=O)O
[16:20:17] SMILES Parse Error: check for mistakes around position 74:
[16:20:17] nc6ccccc6s5)c4C3)cc1;CN(C)CC#Cc1ccc(cc1)O
[16:20:17] ~~~~~~~~~~~~~~~~~~~~^
[16:20:17] SMILES[16:20:17]  Parse Error: SMILES Parse Error: Failed parsing SMILES 'CN(C)CC#Cc1ccc(OCCCc2sc(nc2C(=O)O)N3CCc4cccc(C(=O)Nc5nc6ccccc6s5)c4C3)cc1;CN(C)CC#Cc1ccc(cc1)OCCCc2c(nc(s2)N3CCc4cccc(c4C3)C(=O)Nc5nc6ccccc6s5)C(=O)O'syntax error for input: ' while parsing: CN(C)CC#Cc1ccc(OCCCc2sc(nc2C(=O)O)N3CCc4cccc(C(=O)Nc5nc6ccccc6s5)c4C3)cc1;CN(C)CC#Cc1ccc(cc1)OCCCc2c(nc(s2)N3CCc4cccc(c4C3)C(=O)Nc5nc6ccccc6s5)C(=O)OCN(C)CC#Cc1ccc(OCCCc2sc(nc2C(=O)O)N3CCc4cccc(C(=O)Nc5nc6ccccc6s5)c4C3)cc1;CN(C)CC#Cc1ccc(cc1)OCCCc2c(nc(s2)N3CCc4cccc(c4C3)C(=O)Nc5nc6ccccc6s5)C(=O)O'

[16:20:17] SMILES Parse Error: check for mistakes around position 74:
[16:20:17] nc6ccccc6s5)c4C3)cc1;CN(C)CC#Cc1ccc(cc1)O
[16:20:17] ~~~~~~~~~~~~~~~~~~~~^
[16:20:17] SMILES Parse Error: Failed parsing SMILES 'CN(C)CC#Cc1ccc(OCCCc2sc(nc2C(=O)O)N3CCc4cccc(C(=O)Nc5nc6ccccc6s5)c4C3)cc1;CN(C)CC#Cc1ccc(cc1)OCCCc2c(nc(s2)N3CCc4cccc(c4C3)C(=O)Nc5nc6ccccc6s5)C(=O)O' for input: 'CN(C)CC#Cc1ccc(OCCCc2sc(nc2C(=O)O)N3CCc4cccc(C(=O)Nc5nc6ccccc6s5)c4C3)cc1;CN(C)CC#Cc1ccc(cc1)OCCCc2c(nc(s2)N3CCc4cccc(c4C3)C(=O)Nc5nc6ccccc6s5)C(=O)O'
[16:20:17] SMILES Parse Error: syntax error while parsing: CCCS(=O)(=O)Nc1ccc(F)c(C(=O)c2c[nH]c3ncc(cc23)c4cccc(c4)C(=O)N)c1F;CCCS(=O)(=O)Nc1ccc(c(c1F)C(=O)c2c[nH]c3c2cc(cn3)c4cccc(c4)C(=O)N)F
[16:20:17] SMILES Parse Error: check for mistakes around position 67:
[16:20:17] c4cccc(c4)C(=O)N)c1F;CCCS(=O)(=O)Nc1ccc(c
[16:20:17] ~~~~~~~~~~~~~~~~~~~~^
[16:20:17] SMILES[16:20:17]  Parse Error: SMILES Parse Error: Failed parsing SMILES 'CCCS(=O)(=O)Nc1ccc(F)c(C(=O)c2c[nH]c3ncc(cc23)c4cccc(c4)C(=O)N)c1F;CCCS(=O)(=O)Nc1ccc(c(c1F)C(=O)c2c[nH]c3c2cc(cn3)c4cccc(c4)C(=O)N)F'syntax error for input: ' while parsing: CCCS(=O)(=O)Nc1ccc(F)c(C(=O)c2c[nH]c3ncc(cc23)c4cccc(c4)C(=O)N)c1F;CCCS(=O)(=O)Nc1ccc(c(c1F)C(=O)c2c[nH]c3c2cc(cn3)c4cccc(c4)C(=O)N)FCCCS(=O)(=O)Nc1ccc(F)c(C(=O)c2c[nH]c3ncc(cc23)c4cccc(c4)C(=O)N)c1F;CCCS(=O)(=O)Nc1ccc(c(c1F)C(=O)c2c[nH]c3c2cc(cn3)c4cccc(c4)C(=O)N)F'

[16:20:17] SMILES Parse Error: check for mistakes around position 67:
[16:20:17] c4cccc(c4)C(=O)N)c1F;CCCS(=O)(=O)Nc1ccc(c
[16:20:17] ~~~~~~~~~~~~~~~~~~~~^
[16:20:17] SMILES Parse Error: Failed parsing SMILES 'CCCS(=O)(=O)Nc1ccc(F)c(C(=O)c2c[nH]c3ncc(cc23)c4cccc(c4)C(=O)N)c1F;CCCS(=O)(=O)Nc1ccc(c(c1F)C(=O)c2c[nH]c3c2cc(cn3)c4cccc(c4)C(=O)N)F' for input: 'CCCS(=O)(=O)Nc1ccc(F)c(C(=O)c2c[nH]c3ncc(cc23)c4cccc(c4)C(=O)N)c1F;CCCS(=O)(=O)Nc1ccc(c(c1F)C(=O)c2c[nH]c3c2cc(cn3)c4cccc(c4)C(=O)N)F'
[16:20:17] SMILES Parse Error: syntax error while parsing: C[C@@]1(O)C[C@@H](C1)c2nc(c3ccc4ccc(nc4c3)c5ccccc5)c6c(N)nccn26;C[C@]1(C[C@@H](C1)c2n3c(c(ncc3)N)c(n2)c4cc5nc(ccc5cc4)c6ccccc6)O
[16:20:17] SMILES Parse Error: check for mistakes around position 64:
[16:20:17] 5ccccc5)c6c(N)nccn26;C[C@]1(C[C@@H](C1)c2
[16:20:17] ~~~~~~~~~~~~~~~~~~~~^
[16:20:17] SMILES Parse Error: Failed parsing SMILES 'C[C@@]1(O)C[C@@H](C1)c2nc(c3ccc4ccc(nc4c3)c5ccccc5)c6c(N)nccn26;C[C@]1(C[C@@H](C1)c2n3c(c(ncc3)N)c(n2)c4cc5nc(ccc5cc4)c6ccccc6)O' for input: 'C[C@@]1(O)C[C@@H](C1)c2nc(c3ccc4ccc(nc4c3)c5ccccc5)c6c(N)nccn26;C[C@]1(C[C@@H](C1)c2n3c(c(ncc3)N)c(n2)c4cc5nc(ccc5cc4)c6ccccc6)O'
[16:20:17] SMILES Parse Error: syntax error while parsing: C[C@@]1(O)C[C@@H](C1)c2nc(c3ccc4ccc(nc4c3)c5ccccc5)c6c(N)nccn26;C[C@]1(C[C@@H](C1)c2n3c(c(ncc3)N)c(n2)c4cc5nc(ccc5cc4)c6ccccc6)O
[16:20:17] SMILES Parse Error: check for mistakes around position 64:
[16:20:17] 5ccccc5)c6c(N)nccn26;C[C@]1(C[C@@H](C1)c2
[16:20:17] ~~~~~~~~~~~~~~~~~~~~^
[16:20:17] SMILES Parse Error: Failed parsing SMILES 'C[C@@]1(O)C[C@@H](C1)c2nc(c3ccc4ccc(nc4c3)c5ccccc5)c6c(N)nccn26;C[C@]1(C[C@@H](C1)c2n3c(c(ncc3)N)c(n2)c4cc5nc(ccc5cc4)c6ccccc6)O' for input: 'C[C@@]1(O)C[C@@H](C1)c2nc(c3ccc4ccc(nc4c3)c5ccccc5)c6c(N)nccn26;C[C@]1(C[C@@H](C1)c2n3c(c(ncc3)N)c(n2)c4cc5nc(ccc5cc4)c6ccccc6)O'
 54%|█████▍    | 64/118 [00:00<00:00, 633.23it/s] 53%|█████▎    | 63/118 [00:00<00:00, 621.89it/s][16:20:17] SMILES Parse Error: syntax error while parsing: OCCONC(=O)c1ccc2cncn2c1Nc3ccc(I)cc3F;c1cc(c(cc1I)F)Nc2c(ccc3n2cnc3)C(=O)NOCCO
[16:20:17] SMILES Parse Error: check for mistakes around position 37:
[16:20:17] cncn2c1Nc3ccc(I)cc3F;c1cc(c(cc1I)F)Nc2c(c
[16:20:17] ~~~~~~~~~~~~~~~~~~~~^
[16:20:17] SMILES Parse Error: Failed parsing SMILES 'OCCONC(=O)c1ccc2cncn2c1Nc3ccc(I)cc3F;c1cc(c(cc1I)F)Nc2c(ccc3n2cnc3)C(=O)NOCCO' for input: 'OCCONC(=O)c1ccc2cncn2c1Nc3ccc(I)cc3F;c1cc(c(cc1I)F)Nc2c(ccc3n2cnc3)C(=O)NOCCO'
[16:20:17] SMILES Parse Error: syntax error while parsing: OCCONC(=O)c1ccc2cncn2c1Nc3ccc(I)cc3F;c1cc(c(cc1I)F)Nc2c(ccc3n2cnc3)C(=O)NOCCO
[16:20:17] SMILES Parse Error: check for mistakes around position 37:
[16:20:17] cncn2c1Nc3ccc(I)cc3F;c1cc(c(cc1I)F)Nc2c(c
[16:20:17] ~~~~~~~~~~~~~~~~~~~~^
[16:20:17] SMILES Parse Error: Failed parsing SMILES 'OCCONC(=O)c1ccc2cncn2c1Nc3ccc(I)cc3F;c1cc(c(cc1I)F)Nc2c(ccc3n2cnc3)C(=O)NOCCO' for input: 'OCCONC(=O)c1ccc2cncn2c1Nc3ccc(I)cc3F;c1cc(c(cc1I)F)Nc2c(ccc3n2cnc3)C(=O)NOCCO'
[16:20:17] SMILES Parse Error: syntax error while parsing: CS(=O)(=O)c1ccc(Nc2cncc(n2)c3cnc4ccccn34)cc1;CS(=O)(=O)c1ccc(cc1)Nc2cncc(n2)c3cnc4n3cccc4
[16:20:17] SMILES Parse Error: check for mistakes around position 45:
[16:20:17] n2)c3cnc4ccccn34)cc1;CS(=O)(=O)c1ccc(cc1)
[16:20:17] ~~~~~~~~~~~~~~~~~~~~^
[16:20:17] SMILES Parse Error: Failed parsing SMILES 'CS(=O)(=O)c1ccc(Nc2cncc(n2)c3cnc4ccccn34)cc1;CS(=O)(=O)c1ccc(cc1)Nc2cncc(n2)c3cnc4n3cccc4' for input: 'CS(=O)(=O)c1ccc(Nc2cncc(n2)c3cnc4ccccn34)cc1;CS(=O)(=O)c1ccc(cc1)Nc2cncc(n2)c3cnc4n3cccc4'
[16:20:17] SMILES Parse Error: syntax error while parsing: CS(=O)(=O)c1ccc(Nc2cncc(n2)c3cnc4ccccn34)cc1;CS(=O)(=O)c1ccc(cc1)Nc2cncc(n2)c3cnc4n3cccc4
[16:20:17] SMILES Parse Error: check for mistakes around position 45:
[16:20:17] n2)c3cnc4ccccn34)cc1;CS(=O)(=O)c1ccc(cc1)
[16:20:17] ~~~~~~~~~~~~~~~~~~~~^
[16:20:17] SMILES Parse Error: Failed parsing SMILES 'CS(=O)(=O)c1ccc(Nc2cncc(n2)c3cnc4ccccn34)cc1;CS(=O)(=O)c1ccc(cc1)Nc2cncc(n2)c3cnc4n3cccc4' for input: 'CS(=O)(=O)c1ccc(Nc2cncc(n2)c3cnc4ccccn34)cc1;CS(=O)(=O)c1ccc(cc1)Nc2cncc(n2)c3cnc4n3cccc4'
  0%|          | 0/118 [00:00<?, ?it/s]  0%|          | 0/118 [00:00<?, ?it/s][16:20:17] SMILES Parse Error: syntax error while parsing: [16:20:17] AntibodySMILES Parse Error: 
syntax error[16:20:17]  while parsing: SMILES Parse Error: check for mistakes around position Antibody1
:[16:20:17] 
SMILES Parse Error: check for mistakes around position [16:20:17] 1Antibody:

[16:20:17] [16:20:17] ^Antibody

[16:20:17] ^
100%|██████████| 118/118 [00:00<00:00, 668.67it/s][16:20:17] 
SMILES[16:20:17]  Parse Error: SMILESFailed parsing SMILES 'Antibody' Parse Error:  for input: 'Failed parsing SMILES 'Antibody'Antibody for input: ''Antibody
'
100%|██████████| 118/118 [00:00<00:00, 658.56it/s]
[16:20:17] [16:20:17] SMILES Parse Error: SMILES Parse Error: syntax errorsyntax error while parsing:  while parsing: CC(=O)N1CCN(CCOc2ccc(cc2)C3CCN(CC3)C4=Nn5c(CC4)nnc5C(F)(F)F)CC1;CC(=O)N1CCN(CC1)CCOc2ccc(cc2)C3CCN(CC3)C4=Nn5c(nnc5C(F)(F)F)CC4CC(=O)N1CCN(CCOc2ccc(cc2)C3CCN(CC3)C4=Nn5c(CC4)nnc5C(F)(F)F)CC1;CC(=O)N1CCN(CC1)CCOc2ccc(cc2)C3CCN(CC3)C4=Nn5c(nnc5C(F)(F)F)CC4

[16:20:17] [16:20:17] SMILES Parse Error: check for mistakes around position SMILES Parse Error: check for mistakes around position 6464::

[16:20:17] [16:20:17] CC4)nnc5C(F)(F)F)CC1;CC(=O)N1CCN(CC1)CCOcCC4)nnc5C(F)(F)F)CC1;CC(=O)N1CCN(CC1)CCOc

[16:20:17] [16:20:17] ~~~~~~~~~~~~~~~~~~~~~~~~~~~~~~~~~~~~~~~~^^

[16:20:17] [16:20:17] SMILESSMILES Parse Error:  Parse Error: Failed parsing SMILES 'CC(=O)N1CCN(CCOc2ccc(cc2)C3CCN(CC3)C4=Nn5c(CC4)nnc5C(F)(F)F)CC1;CC(=O)N1CCN(CC1)CCOc2ccc(cc2)C3CCN(CC3)C4=Nn5c(nnc5C(F)(F)F)CC4'Failed parsing SMILES 'CC(=O)N1CCN(CCOc2ccc(cc2)C3CCN(CC3)C4=Nn5c(CC4)nnc5C(F)(F)F)CC1;CC(=O)N1CCN(CC1)CCOc2ccc(cc2)C3CCN(CC3)C4=Nn5c(nnc5C(F)(F)F)CC4' for input: ' for input: 'CC(=O)N1CCN(CCOc2ccc(cc2)C3CCN(CC3)C4=Nn5c(CC4)nnc5C(F)(F)F)CC1;CC(=O)N1CCN(CC1)CCOc2ccc(cc2)C3CCN(CC3)C4=Nn5c(nnc5C(F)(F)F)CC4CC(=O)N1CCN(CCOc2ccc(cc2)C3CCN(CC3)C4=Nn5c(CC4)nnc5C(F)(F)F)CC1;CC(=O)N1CCN(CC1)CCOc2ccc(cc2)C3CCN(CC3)C4=Nn5c(nnc5C(F)(F)F)CC4''

[16:20:17] [16:20:17] SMILES Parse Error: SMILES Parse Error: syntax errorsyntax error while parsing:  while parsing: CN(C)CC#Cc1ccc(OCCCc2sc(nc2C(=O)O)N3CCc4cccc(C(=O)Nc5nc6ccccc6s5)c4C3)cc1;CN(C)CC#Cc1ccc(cc1)OCCCc2c(nc(s2)N3CCc4cccc(c4C3)C(=O)Nc5nc6ccccc6s5)C(=O)OCN(C)CC#Cc1ccc(OCCCc2sc(nc2C(=O)O)N3CCc4cccc(C(=O)Nc5nc6ccccc6s5)c4C3)cc1;CN(C)CC#Cc1ccc(cc1)OCCCc2c(nc(s2)N3CCc4cccc(c4C3)C(=O)Nc5nc6ccccc6s5)C(=O)O

[16:20:17] [16:20:17] SMILES Parse Error: check for mistakes around position SMILES Parse Error: check for mistakes around position 7474::

[16:20:17] [16:20:17] nc6ccccc6s5)c4C3)cc1;CN(C)CC#Cc1ccc(cc1)Onc6ccccc6s5)c4C3)cc1;CN(C)CC#Cc1ccc(cc1)O

[16:20:17] [16:20:17] ~~~~~~~~~~~~~~~~~~~~~~~~~~~~~~~~~~~~~~~~^^

[16:20:17] [16:20:17] SMILESSMILES Parse Error:  Parse Error: Failed parsing SMILES 'CN(C)CC#Cc1ccc(OCCCc2sc(nc2C(=O)O)N3CCc4cccc(C(=O)Nc5nc6ccccc6s5)c4C3)cc1;CN(C)CC#Cc1ccc(cc1)OCCCc2c(nc(s2)N3CCc4cccc(c4C3)C(=O)Nc5nc6ccccc6s5)C(=O)O'Failed parsing SMILES 'CN(C)CC#Cc1ccc(OCCCc2sc(nc2C(=O)O)N3CCc4cccc(C(=O)Nc5nc6ccccc6s5)c4C3)cc1;CN(C)CC#Cc1ccc(cc1)OCCCc2c(nc(s2)N3CCc4cccc(c4C3)C(=O)Nc5nc6ccccc6s5)C(=O)O' for input: ' for input: 'CN(C)CC#Cc1ccc(OCCCc2sc(nc2C(=O)O)N3CCc4cccc(C(=O)Nc5nc6ccccc6s5)c4C3)cc1;CN(C)CC#Cc1ccc(cc1)OCCCc2c(nc(s2)N3CCc4cccc(c4C3)C(=O)Nc5nc6ccccc6s5)C(=O)OCN(C)CC#Cc1ccc(OCCCc2sc(nc2C(=O)O)N3CCc4cccc(C(=O)Nc5nc6ccccc6s5)c4C3)cc1;CN(C)CC#Cc1ccc(cc1)OCCCc2c(nc(s2)N3CCc4cccc(c4C3)C(=O)Nc5nc6ccccc6s5)C(=O)O''

[16:20:17] [16:20:17] SMILES Parse Error: SMILES Parse Error: syntax errorsyntax error while parsing:  while parsing: CCCS(=O)(=O)Nc1ccc(F)c(C(=O)c2c[nH]c3ncc(cc23)c4cccc(c4)C(=O)N)c1F;CCCS(=O)(=O)Nc1ccc(c(c1F)C(=O)c2c[nH]c3c2cc(cn3)c4cccc(c4)C(=O)N)FCCCS(=O)(=O)Nc1ccc(F)c(C(=O)c2c[nH]c3ncc(cc23)c4cccc(c4)C(=O)N)c1F;CCCS(=O)(=O)Nc1ccc(c(c1F)C(=O)c2c[nH]c3c2cc(cn3)c4cccc(c4)C(=O)N)F

[16:20:17] [16:20:17] SMILES Parse Error: check for mistakes around position SMILES Parse Error: check for mistakes around position 6767::

[16:20:17] [16:20:17] c4cccc(c4)C(=O)N)c1F;CCCS(=O)(=O)Nc1ccc(cc4cccc(c4)C(=O)N)c1F;CCCS(=O)(=O)Nc1ccc(c

[16:20:17] [16:20:17] ~~~~~~~~~~~~~~~~~~~~~~~~~~~~~~~~~~~~~~~~^^

[16:20:17] [16:20:17] SMILESSMILES Parse Error:  Parse Error: Failed parsing SMILES 'CCCS(=O)(=O)Nc1ccc(F)c(C(=O)c2c[nH]c3ncc(cc23)c4cccc(c4)C(=O)N)c1F;CCCS(=O)(=O)Nc1ccc(c(c1F)C(=O)c2c[nH]c3c2cc(cn3)c4cccc(c4)C(=O)N)F'Failed parsing SMILES 'CCCS(=O)(=O)Nc1ccc(F)c(C(=O)c2c[nH]c3ncc(cc23)c4cccc(c4)C(=O)N)c1F;CCCS(=O)(=O)Nc1ccc(c(c1F)C(=O)c2c[nH]c3c2cc(cn3)c4cccc(c4)C(=O)N)F' for input: ' for input: 'CCCS(=O)(=O)Nc1ccc(F)c(C(=O)c2c[nH]c3ncc(cc23)c4cccc(c4)C(=O)N)c1F;CCCS(=O)(=O)Nc1ccc(c(c1F)C(=O)c2c[nH]c3c2cc(cn3)c4cccc(c4)C(=O)N)FCCCS(=O)(=O)Nc1ccc(F)c(C(=O)c2c[nH]c3ncc(cc23)c4cccc(c4)C(=O)N)c1F;CCCS(=O)(=O)Nc1ccc(c(c1F)C(=O)c2c[nH]c3c2cc(cn3)c4cccc(c4)C(=O)N)F''

 47%|████▋     | 55/118 [00:00<00:00, 548.01it/s] 47%|████▋     | 56/118 [00:00<00:00, 551.71it/s][16:20:17] [16:20:17] SMILES Parse Error: SMILES Parse Error: syntax errorsyntax error while parsing:  while parsing: C[C@@]1(O)C[C@@H](C1)c2nc(c3ccc4ccc(nc4c3)c5ccccc5)c6c(N)nccn26;C[C@]1(C[C@@H](C1)c2n3c(c(ncc3)N)c(n2)c4cc5nc(ccc5cc4)c6ccccc6)OC[C@@]1(O)C[C@@H](C1)c2nc(c3ccc4ccc(nc4c3)c5ccccc5)c6c(N)nccn26;C[C@]1(C[C@@H](C1)c2n3c(c(ncc3)N)c(n2)c4cc5nc(ccc5cc4)c6ccccc6)O

[16:20:17] [16:20:17] SMILES Parse Error: check for mistakes around position SMILES Parse Error: check for mistakes around position 6464::

[16:20:17] [16:20:17] 5ccccc5)c6c(N)nccn26;C[C@]1(C[C@@H](C1)c25ccccc5)c6c(N)nccn26;C[C@]1(C[C@@H](C1)c2

[16:20:17] [16:20:17] ~~~~~~~~~~~~~~~~~~~~~~~~~~~~~~~~~~~~~~~~^^

[16:20:17] [16:20:17] SMILESSMILES Parse Error:  Parse Error: Failed parsing SMILES 'C[C@@]1(O)C[C@@H](C1)c2nc(c3ccc4ccc(nc4c3)c5ccccc5)c6c(N)nccn26;C[C@]1(C[C@@H](C1)c2n3c(c(ncc3)N)c(n2)c4cc5nc(ccc5cc4)c6ccccc6)O'Failed parsing SMILES 'C[C@@]1(O)C[C@@H](C1)c2nc(c3ccc4ccc(nc4c3)c5ccccc5)c6c(N)nccn26;C[C@]1(C[C@@H](C1)c2n3c(c(ncc3)N)c(n2)c4cc5nc(ccc5cc4)c6ccccc6)O' for input: ' for input: 'C[C@@]1(O)C[C@@H](C1)c2nc(c3ccc4ccc(nc4c3)c5ccccc5)c6c(N)nccn26;C[C@]1(C[C@@H](C1)c2n3c(c(ncc3)N)c(n2)c4cc5nc(ccc5cc4)c6ccccc6)OC[C@@]1(O)C[C@@H](C1)c2nc(c3ccc4ccc(nc4c3)c5ccccc5)c6c(N)nccn26;C[C@]1(C[C@@H](C1)c2n3c(c(ncc3)N)c(n2)c4cc5nc(ccc5cc4)c6ccccc6)O''

[16:20:17] [16:20:17] SMILES Parse Error: SMILES Parse Error: syntax errorsyntax error while parsing:  while parsing: OCCONC(=O)c1ccc2cncn2c1Nc3ccc(I)cc3F;c1cc(c(cc1I)F)Nc2c(ccc3n2cnc3)C(=O)NOCCOOCCONC(=O)c1ccc2cncn2c1Nc3ccc(I)cc3F;c1cc(c(cc1I)F)Nc2c(ccc3n2cnc3)C(=O)NOCCO

[16:20:17] [16:20:17] SMILES Parse Error: check for mistakes around position SMILES Parse Error: check for mistakes around position 3737::

[16:20:17] [16:20:17] cncn2c1Nc3ccc(I)cc3F;c1cc(c(cc1I)F)Nc2c(ccncn2c1Nc3ccc(I)cc3F;c1cc(c(cc1I)F)Nc2c(c

[16:20:17] [16:20:17] ~~~~~~~~~~~~~~~~~~~~~~~~~~~~~~~~~~~~~~~~^^

[16:20:17] [16:20:17] SMILESSMILES Parse Error:  Parse Error: Failed parsing SMILES 'OCCONC(=O)c1ccc2cncn2c1Nc3ccc(I)cc3F;c1cc(c(cc1I)F)Nc2c(ccc3n2cnc3)C(=O)NOCCO'Failed parsing SMILES 'OCCONC(=O)c1ccc2cncn2c1Nc3ccc(I)cc3F;c1cc(c(cc1I)F)Nc2c(ccc3n2cnc3)C(=O)NOCCO' for input: ' for input: 'OCCONC(=O)c1ccc2cncn2c1Nc3ccc(I)cc3F;c1cc(c(cc1I)F)Nc2c(ccc3n2cnc3)C(=O)NOCCOOCCONC(=O)c1ccc2cncn2c1Nc3ccc(I)cc3F;c1cc(c(cc1I)F)Nc2c(ccc3n2cnc3)C(=O)NOCCO''

[16:20:17] [16:20:17] SMILES Parse Error: SMILES Parse Error: syntax errorsyntax error while parsing:  while parsing: CS(=O)(=O)c1ccc(Nc2cncc(n2)c3cnc4ccccn34)cc1;CS(=O)(=O)c1ccc(cc1)Nc2cncc(n2)c3cnc4n3cccc4CS(=O)(=O)c1ccc(Nc2cncc(n2)c3cnc4ccccn34)cc1;CS(=O)(=O)c1ccc(cc1)Nc2cncc(n2)c3cnc4n3cccc4

[16:20:17] [16:20:17] SMILES Parse Error: check for mistakes around position SMILES Parse Error: check for mistakes around position 4545::

[16:20:17] [16:20:17] n2)c3cnc4ccccn34)cc1;CS(=O)(=O)c1ccc(cc1)n2)c3cnc4ccccn34)cc1;CS(=O)(=O)c1ccc(cc1)

[16:20:17] [16:20:17] ~~~~~~~~~~~~~~~~~~~~~~~~~~~~~~~~~~~~~~~~^^

[16:20:17] [16:20:17] SMILESSMILES Parse Error:  Parse Error: Failed parsing SMILES 'CS(=O)(=O)c1ccc(Nc2cncc(n2)c3cnc4ccccn34)cc1;CS(=O)(=O)c1ccc(cc1)Nc2cncc(n2)c3cnc4n3cccc4'Failed parsing SMILES 'CS(=O)(=O)c1ccc(Nc2cncc(n2)c3cnc4ccccn34)cc1;CS(=O)(=O)c1ccc(cc1)Nc2cncc(n2)c3cnc4n3cccc4' for input: ' for input: 'CS(=O)(=O)c1ccc(Nc2cncc(n2)c3cnc4ccccn34)cc1;CS(=O)(=O)c1ccc(cc1)Nc2cncc(n2)c3cnc4n3cccc4CS(=O)(=O)c1ccc(Nc2cncc(n2)c3cnc4ccccn34)cc1;CS(=O)(=O)c1ccc(cc1)Nc2cncc(n2)c3cnc4n3cccc4''

100%|██████████| 118/118 [00:00<00:00, 595.00it/s]100%|██████████| 118/118 [00:00<00:00, 595.74it/s]

/scratch/phys/sin/gonzalm9/tabular_molec/cat_drug_synergy/./src/model/evaluation.py:85: ConstantInputWarning: An input array is constant; the correlation coefficient is not defined.
  rho_i, _ = pearsonr(y_pred[mask], y_true[mask])
/scratch/phys/sin/gonzalm9/tabular_molec/cat_drug_synergy/./src/model/evaluation.py:85: ConstantInputWarning: An input array is constant; the correlation coefficient is not defined.
  rho_i, _ = pearsonr(y_pred[mask], y_true[mask])
/scratch/phys/sin/gonzalm9/tabular_molec/cat_drug_synergy/./src/model/evaluation.py:85: ConstantInputWarning: An input array is constant; the correlation coefficient is not defined.
  rho_i, _ = pearsonr(y_pred[mask], y_true[mask])
/scratch/phys/sin/gonzalm9/tabular_molec/cat_drug_synergy/./src/model/evaluation.py:85: ConstantInputWarning: An input array is constant; the correlation coefficient is not defined.
  rho_i, _ = pearsonr(y_pred[mask], y_true[mask])
/scratch/phys/sin/gonzalm9/tabular_molec/cat_drug_synergy/./src/model/evaluation.py:85: ConstantInputWarning: An input array is constant; the correlation coefficient is not defined.
  rho_i, _ = pearsonr(y_pred[mask], y_true[mask])
/scratch/phys/sin/gonzalm9/tabular_molec/cat_drug_synergy/./src/model/evaluation.py:85: ConstantInputWarning: An input array is constant; the correlation coefficient is not defined.
  rho_i, _ = pearsonr(y_pred[mask], y_true[mask])
/scratch/phys/sin/gonzalm9/tabular_molec/cat_drug_synergy/./src/model/evaluation.py:85: ConstantInputWarning: An input array is constant; the correlation coefficient is not defined.
  rho_i, _ = pearsonr(y_pred[mask], y_true[mask])
/scratch/phys/sin/gonzalm9/tabular_molec/cat_drug_synergy/./src/model/evaluation.py:85: ConstantInputWarning: An input array is constant; the correlation coefficient is not defined.
  rho_i, _ = pearsonr(y_pred[mask], y_true[mask])
/scratch/phys/sin/gonzalm9/tabular_molec/cat_drug_synergy/./src/model/evaluation.py:85: ConstantInputWarning: An input array is constant; the correlation coefficient is not defined.
  rho_i, _ = pearsonr(y_pred[mask], y_true[mask])
/scratch/phys/sin/gonzalm9/tabular_molec/cat_drug_synergy/./src/model/evaluation.py:85: ConstantInputWarning: An input array is constant; the correlation coefficient is not defined.
  rho_i, _ = pearsonr(y_pred[mask], y_true[mask])
/scratch/phys/sin/gonzalm9/tabular_molec/cat_drug_synergy/./src/model/evaluation.py:85: ConstantInputWarning: An input array is constant; the correlation coefficient is not defined.
  rho_i, _ = pearsonr(y_pred[mask], y_true[mask])
/scratch/phys/sin/gonzalm9/tabular_molec/cat_drug_synergy/./src/model/evaluation.py:85: ConstantInputWarning: An input array is constant; the correlation coefficient is not defined.
  rho_i, _ = pearsonr(y_pred[mask], y_true[mask])
/scratch/phys/sin/gonzalm9/tabular_molec/cat_drug_synergy/./src/model/evaluation.py:85: ConstantInputWarning: An input array is constant; the correlation coefficient is not defined.
  rho_i, _ = pearsonr(y_pred[mask], y_true[mask])
/scratch/phys/sin/gonzalm9/tabular_molec/cat_drug_synergy/./src/model/evaluation.py:85: ConstantInputWarning: An input array is constant; the correlation coefficient is not defined.
  rho_i, _ = pearsonr(y_pred[mask], y_true[mask])
/scratch/phys/sin/gonzalm9/tabular_molec/cat_drug_synergy/./src/model/evaluation.py:85: ConstantInputWarning: An input array is constant; the correlation coefficient is not defined.
  rho_i, _ = pearsonr(y_pred[mask], y_true[mask])
/scratch/phys/sin/gonzalm9/tabular_molec/cat_drug_synergy/./src/model/evaluation.py:85: ConstantInputWarning: An input array is constant; the correlation coefficient is not defined.
  rho_i, _ = pearsonr(y_pred[mask], y_true[mask])
/scratch/phys/sin/gonzalm9/tabular_molec/cat_drug_synergy/./src/model/evaluation.py:85: ConstantInputWarning: An input array is constant; the correlation coefficient is not defined.
  rho_i, _ = pearsonr(y_pred[mask], y_true[mask])
/scratch/phys/sin/gonzalm9/tabular_molec/cat_drug_synergy/./src/model/evaluation.py:85: ConstantInputWarning: An input array is constant; the correlation coefficient is not defined.
  rho_i, _ = pearsonr(y_pred[mask], y_true[mask])
