==> Running PyTorch Tabular for seed 1
Failed to convert 23/118 SMILES strings to Morgan fingerprints
Setting them to arrays with NaN values
Dropped 922 rows with missing fingerprints
Training and evaluating CategoryEmbedding...
2025-03-13 16:05:20,997 - {pytorch_tabular.tabular_model:142} - INFO -          
Experiment Tracking is turned off                                               
Modified seed to 1
2025-03-13 16:05:21,210 - {pytorch_tabular.tabular_model:526} - INFO - Preparing
the DataLoaders                                                                 
2025-03-13 16:05:21,248 - {pytorch_tabular.tabular_datamodule:522} - INFO -     
Setting up the datamodule for regression task                                   
2025-03-13 16:05:21,548 - {pytorch_tabular.tabular_model:582} - INFO - Preparing
the Model: CategoryEmbeddingModel                                               
2025-03-13 16:05:22,660 - {pytorch_tabular.tabular_model:342} - INFO - Preparing
the Trainer                                                                     
2025-03-13 16:05:22,685 - {pytorch_tabular.tabular_model:660} - INFO - Training 
Started                                                                         
┏━━━┳━━━━━━━━━━━━━━━━━━┳━━━━━━━━━━━━━━━━━━━━━━━━━━━┳━━━━━━━━┳━━━━━━━┓
┃   ┃ Name             ┃ Type                      ┃ Params ┃ Mode  ┃
┡━━━╇━━━━━━━━━━━━━━━━━━╇━━━━━━━━━━━━━━━━━━━━━━━━━━━╇━━━━━━━━╇━━━━━━━┩
│ 0 │ _backbone        │ CategoryEmbeddingBackbone │  293 K │ train │
│ 1 │ _embedding_layer │ Embedding1dLayer          │ 11.1 K │ train │
│ 2 │ head             │ LinearHead                │     33 │ train │
│ 3 │ loss             │ MSELoss                   │      0 │ train │
└───┴──────────────────┴───────────────────────────┴────────┴───────┘
Trainable params: 304 K                                                         
Non-trainable params: 0                                                         
Total params: 304 K                                                             
Total estimated model params size (MB): 1                                       
Modules in train mode: 28                                                       
Modules in eval mode: 0                                                         
Epoch 6/199 ━━━━━━━━━━━━━━━━ 42/42 0:00:00 • 0:00:00 91.54it/s v_num:           
                                                               6155501.000      
                                                               train_loss:      
                                                               657.381          
                                                               valid_loss:      
                                                               643.782          
                                                               valid_mean_squar…
                                                               643.782          
                                                               train_mean_squar…
                                                               579.565          
2025-03-13 16:05:32,159 - {pytorch_tabular.tabular_model:671} - INFO - Training 
the model completed                                                             
2025-03-13 16:05:32,160 - {pytorch_tabular.tabular_model:1495} - INFO - Loading 
the best model                                                                  
CategoryEmbedding - Training Time: 10.98 seconds
CategoryEmbedding - Train Weighted Pearson Correlation: 0.3751
CategoryEmbedding - Test Weighted Pearson Correlation: 0.2097
CategoryEmbedding - LB Weighted Pearson Correlation: 0.0774

Training and evaluating AutoInt...
2025-03-13 16:05:34,389 - {pytorch_tabular.tabular_model:142} - INFO -          
Experiment Tracking is turned off                                               
Modified seed to 1
2025-03-13 16:05:34,600 - {pytorch_tabular.tabular_model:526} - INFO - Preparing
the DataLoaders                                                                 
2025-03-13 16:05:34,628 - {pytorch_tabular.tabular_datamodule:522} - INFO -     
Setting up the datamodule for regression task                                   
2025-03-13 16:05:34,934 - {pytorch_tabular.tabular_model:582} - INFO - Preparing
the Model: AutoIntModel                                                         
2025-03-13 16:05:35,997 - {pytorch_tabular.tabular_model:342} - INFO - Preparing
the Trainer                                                                     
2025-03-13 16:05:36,018 - {pytorch_tabular.tabular_model:660} - INFO - Training 
Started                                                                         
┏━━━┳━━━━━━━━━━━━━━━━━━┳━━━━━━━━━━━━━━━━━━┳━━━━━━━━┳━━━━━━━┓
┃   ┃ Name             ┃ Type             ┃ Params ┃ Mode  ┃
┡━━━╇━━━━━━━━━━━━━━━━━━╇━━━━━━━━━━━━━━━━━━╇━━━━━━━━╇━━━━━━━┩
│ 0 │ _backbone        │ AutoIntBackbone  │ 13.8 K │ train │
│ 1 │ _embedding_layer │ Embedding2dLayer │ 74.9 K │ train │
│ 2 │ _head            │ LinearHead       │ 66.2 K │ train │
│ 3 │ loss             │ MSELoss          │      0 │ train │
└───┴──────────────────┴──────────────────┴────────┴───────┘
Trainable params: 154 K                                                         
Non-trainable params: 0                                                         
Total params: 154 K                                                             
Total estimated model params size (MB): 0                                       
Modules in train mode: 43                                                       
Modules in eval mode: 0                                                         
Epoch 9/199 ━━━━━━━━━━━━━━━━━ 42/42 0:00:04 • 0:00:00 9.57it/s v_num:           
                                                               6155501.000      
                                                               train_loss:      
                                                               958.178          
                                                               valid_loss:      
                                                               662.631          
                                                               valid_mean_squar…
                                                               662.631          
                                                               train_mean_squar…
                                                               618.214          
2025-03-13 16:06:29,931 - {pytorch_tabular.tabular_model:671} - INFO - Training 
the model completed                                                             
2025-03-13 16:06:29,933 - {pytorch_tabular.tabular_model:1495} - INFO - Loading 
the best model                                                                  
AutoInt - Training Time: 55.37 seconds
AutoInt - Train Weighted Pearson Correlation: 0.2010
AutoInt - Test Weighted Pearson Correlation: 0.1592
AutoInt - LB Weighted Pearson Correlation: 0.1992

Training and evaluating TabTransformer...
2025-03-13 16:07:37,299 - {pytorch_tabular.tabular_model:142} - INFO -          
Experiment Tracking is turned off                                               
Modified seed to 1
2025-03-13 16:07:37,506 - {pytorch_tabular.tabular_model:526} - INFO - Preparing
the DataLoaders                                                                 
2025-03-13 16:07:37,537 - {pytorch_tabular.tabular_datamodule:522} - INFO -     
Setting up the datamodule for regression task                                   
2025-03-13 16:07:37,827 - {pytorch_tabular.tabular_model:582} - INFO - Preparing
the Model: TabTransformerModel                                                  
2025-03-13 16:07:38,902 - {pytorch_tabular.tabular_model:342} - INFO - Preparing
the Trainer                                                                     
2025-03-13 16:07:38,924 - {pytorch_tabular.tabular_model:660} - INFO - Training 
Started                                                                         
┏━━━┳━━━━━━━━━━━━━━━━━━┳━━━━━━━━━━━━━━━━━━━━━━━━┳━━━━━━━━┳━━━━━━━┓
┃   ┃ Name             ┃ Type                   ┃ Params ┃ Mode  ┃
┡━━━╇━━━━━━━━━━━━━━━━━━╇━━━━━━━━━━━━━━━━━━━━━━━━╇━━━━━━━━╇━━━━━━━┩
│ 0 │ _backbone        │ TabTransformerBackbone │  275 K │ train │
│ 1 │ _embedding_layer │ Embedding2dLayer       │  9.7 K │ train │
│ 2 │ _head            │ LinearHead             │  2.4 K │ train │
│ 3 │ loss             │ MSELoss                │      0 │ train │
└───┴──────────────────┴────────────────────────┴────────┴───────┘
Trainable params: 287 K                                                         
Non-trainable params: 0                                                         
Total params: 287 K                                                             
Total estimated model params size (MB): 1                                       
Modules in train mode: 143                                                      
Modules in eval mode: 0                                                         
Epoch 14/199 ━━━━━━━━━━━━━━━━ 42/42 0:00:01 •        21.34it/s v_num:           
                                    0:00:00                    6155501.000      
                                                               train_loss:      
                                                               296.576          
                                                               valid_loss:      
                                                               634.007          
                                                               valid_mean_squar…
                                                               634.007          
                                                               train_mean_squar…
                                                               551.164          
2025-03-13 16:08:16,505 - {pytorch_tabular.tabular_model:671} - INFO - Training 
the model completed                                                             
2025-03-13 16:08:16,506 - {pytorch_tabular.tabular_model:1495} - INFO - Loading 
the best model                                                                  
TabTransformer - Training Time: 39.30 seconds
TabTransformer - Train Weighted Pearson Correlation: 0.3338
TabTransformer - Test Weighted Pearson Correlation: 0.1345
TabTransformer - LB Weighted Pearson Correlation: 0.1959

Evaluation Results:
               Model  Train WPC  Test WPC    LB WPC
0            AutoInt   0.200959  0.159160  0.199185
1     TabTransformer   0.333761  0.134549  0.195925
2  CategoryEmbedding   0.375111  0.209671  0.077356
Results saved to benchmarks_embed_seeds_fingerprints_1024_drop_tautomers/pytorch_tabular_seed_1.csv
==> Running classical ML models for seed 1
Failed to convert 23/118 SMILES strings to Morgan fingerprints
Setting them to arrays with NaN values
Dropped 922 rows with missing fingerprints
Training and evaluating Linear Regression...
2025-03-13 16:08:41,012 - {pytorch_tabular.tabular_model:167} - INFO -          
Experiment Tracking is turned off                                               
2025-03-13 16:08:41,031 - {pytorch_tabular.tabular_model:342} - INFO - Preparing
the Trainer                                                                     
Failed to convert 23/118 SMILES strings to Morgan fingerprints
Setting them to arrays with NaN values
Dropped 922 rows with missing fingerprints
Training and evaluating Linear Regression...
2025-03-13 16:08:41,767 - {pytorch_tabular.tabular_model:167} - INFO -          
Experiment Tracking is turned off                                               
2025-03-13 16:08:41,795 - {pytorch_tabular.tabular_model:342} - INFO - Preparing
the Trainer                                                                     
Encoding the data... ━━━━━━━━━━━━━━━━━━━━━━━━━━━━━━━━━━━━━━━━ 100% 0:00:00
Encoding the data... ━━━━━━━━━━━━━━━━━━━━━━━━━━━━━━━━━━━━━━━━ 100% 0:00:00
Failed to convert 23/118 SMILES strings to Morgan fingerprints
Setting them to arrays with NaN values
Dropped 922 rows with missing fingerprints
Training and evaluating Linear Regression...
2025-03-13 16:08:44,059 - {pytorch_tabular.tabular_model:167} - INFO -          
Experiment Tracking is turned off                                               
2025-03-13 16:08:44,127 - {pytorch_tabular.tabular_model:342} - INFO - Preparing
the Trainer                                                                     
Encoding the data... ━━━━━━━━━━━━━━━━━━━━━━━━━━━━━━━━━━━━━━━━ 100% 0:00:00
Encoding the data... ━━━━━━━━━━━━━━━━━━━━━━━━━━━━━━━━━━━━━━━━ 100% 0:00:00
Encoding the data... ━━━━━━━━━━━━━━━━━━━━━━━━━━━━━━━━━━━━━━━━ 100% 0:00:00
Encoding the data... ━━━━━━━━━━━━━━━━━━━━━━━━━━━━━━━━━━━━━━━━ 100% 0:00:00
Encoding the data... ━━━━━━━━━━━━━━━━━━━━━━━━━━━━━━━━━━━━━━━━ 100% 0:00:00
Encoding the data... ━━━━━━━━━━━━━━━━━━━━━━━━━━━━━━━━━━━━━━━━ 100% 0:00:00
Encoding the data... ━━━━━━━━━━━━━━━━━━━━━━━━━━━━━━━━━━━━━━━━ 100% 0:00:00
Encoding the data... ━━━━━━━━━━━━━━━━━━━━━━━━━━━━━━━━━━━━━━━━ 100% 0:00:00
Encoding the data... ━━━━━━━━━━━━━━━━━━━━━━━━━━━━━━━━━━━━━━━━ 100% 0:00:00
Encoding the data... ━━━━━━━━━━━━━━━━━━━━━━━━━━━━━━━━━━━━━━━━ 100% 0:00:01
Linear Regression - Train Weighted Pearson Correlation: 0.3353
Linear Regression - Test Weighted Pearson Correlation: 0.2174
Linear Regression - LB Weighted Pearson Correlation: 0.1940

Training and evaluating Ridge Regression...
2025-03-13 16:10:47,316 - {pytorch_tabular.tabular_model:167} - INFO -          
Experiment Tracking is turned off                                               
2025-03-13 16:10:47,322 - {pytorch_tabular.tabular_model:342} - INFO - Preparing
the Trainer                                                                     
Encoding the data... ━━━━━━━━━━━━━━━━━━━━━━━━━━━━━━━━━━━━━━━━ 100% 0:00:00
Encoding the data... ━━━━━━━━━━━━━━━━━━━━━━━━━━━━━━━━━━━━━━━━ 100% 0:00:00
Encoding the data... ━━━━━━━━━━━━━━━━━━━━━━━━━━━━━━━━━━━━━━━━ 100% 0:00:00
Encoding the data... ━━━━━━━━━━━━━━━━━━━━━━━━━━━━━━━━━━━━━━━━ 100% 0:00:00
Linear Regression - Train Weighted Pearson Correlation: 0.3246
Linear Regression - Test Weighted Pearson Correlation: 0.2532
Linear Regression - LB Weighted Pearson Correlation: 0.2080

Training and evaluating Ridge Regression...
2025-03-13 16:10:53,789 - {pytorch_tabular.tabular_model:167} - INFO -          
Experiment Tracking is turned off                                               
2025-03-13 16:10:53,795 - {pytorch_tabular.tabular_model:342} - INFO - Preparing
the Trainer                                                                     
Encoding the data... ━━━━━━━━━━━━━━━━━━━━━━━━━━━━━━━━━━━━━━━━ 100% 0:00:00
Linear Regression - Train Weighted Pearson Correlation: 0.3411
Linear Regression - Test Weighted Pearson Correlation: 0.2375
Linear Regression - LB Weighted Pearson Correlation: 0.1952

Training and evaluating Ridge Regression...
2025-03-13 16:10:56,527 - {pytorch_tabular.tabular_model:167} - INFO -          
Experiment Tracking is turned off                                               
2025-03-13 16:10:56,542 - {pytorch_tabular.tabular_model:342} - INFO - Preparing
the Trainer                                                                     
Encoding the data... ━━━━━━━━━━━━━━━━━━━━━━━━━━━━━━━━━━━━━━━━ 100% 0:00:00
Encoding the data... ━━━━━━━━━━━━━━━━━━━━━━━━━━━━━━━━━━━━━━━━ 100% 0:00:01
Encoding the data... ━━━━━━━━━━━━━━━━━━━━━━━━━━━━━━━━━━━━━━━━ 100% 0:00:00
Encoding the data... ━━━━━━━━━━━━━━━━━━━━━━━━━━━━━━━━━━━━━━━━ 100% 0:00:00
Encoding the data... ━━━━━━━━━━━━━━━━━━━━━━━━━━━━━━━━━━━━━━━━ 100% 0:00:01
Encoding the data... ━━━━━━━━━━━━━━━━━━━━━━━━━━━━━━━━━━━━━━━━ 100% 0:00:00
Ridge Regression - Train Weighted Pearson Correlation: 0.3216
Ridge Regression - Test Weighted Pearson Correlation: 0.2162
Ridge Regression - LB Weighted Pearson Correlation: 0.1912

Training and evaluating Lasso Regression...
2025-03-13 16:11:03,927 - {pytorch_tabular.tabular_model:167} - INFO -          
Experiment Tracking is turned off                                               
2025-03-13 16:11:03,933 - {pytorch_tabular.tabular_model:342} - INFO - Preparing
the Trainer                                                                     
Encoding the data... ━━━━━━━━━━━━━━━━━━━━━━━━━━━━━━━━━━━━━━━━ 100% 0:00:01
Encoding the data... ━━━━━━━━━━━━━━━━━━━━━━━━━━━━━━━━━━━━━━━━ 100% 0:00:00
Encoding the data... ━━━━━━━━━━━━━━━━━━━━━━━━━━━━━━━━━━━━━━━━ 100% 0:00:00
Encoding the data... ━━━━━━━━━━━━━━━━━━━━━━━━━━━━━━━━━━━━━━━━ 100% 0:00:00
Encoding the data... ━━━━━━━━━━━━━━━━━━━━━━━━━━━━━━━━━━━━━━━━ 100% 0:00:00
Ridge Regression - Train Weighted Pearson Correlation: 0.3255
Ridge Regression - Test Weighted Pearson Correlation: 0.2528
Ridge Regression - LB Weighted Pearson Correlation: 0.2077

Training and evaluating Lasso Regression...
2025-03-13 16:11:08,367 - {pytorch_tabular.tabular_model:167} - INFO -          
Experiment Tracking is turned off                                               
2025-03-13 16:11:08,373 - {pytorch_tabular.tabular_model:342} - INFO - Preparing
the Trainer                                                                     
Encoding the data... ━━━━━━━━━━━━━━━━━━━━━━━━━━━━━━━━━━━━━━━━ 100% 0:00:00
Encoding the data... ━━━━━━━━━━━━━━━━━━━━━━━━━━━━━━━━━━━━━━━━ 100% 0:00:00
Encoding the data... ━━━━━━━━━━━━━━━━━━━━━━━━━━━━━━━━━━━━━━━━ 100% 0:00:00
Encoding the data... ━━━━━━━━━━━━━━━━━━━━━━━━━━━━━━━━━━━━━━━━ 100% 0:00:00
Ridge Regression - Train Weighted Pearson Correlation: 0.3440
Ridge Regression - Test Weighted Pearson Correlation: 0.2365
Ridge Regression - LB Weighted Pearson Correlation: 0.1984

Training and evaluating Lasso Regression...
2025-03-13 16:11:13,199 - {pytorch_tabular.tabular_model:167} - INFO -          
Experiment Tracking is turned off                                               
2025-03-13 16:11:13,215 - {pytorch_tabular.tabular_model:342} - INFO - Preparing
the Trainer                                                                     
Encoding the data... ━━━━━━━━━━━━━━━━━━━━━━━━━━━━━━━━━━━━━━━━ 100% 0:00:01
Encoding the data... ━━━━━━━━━━━━━━━━━━━━━━━━━━━━━━━━━━━━━━━━ 100% 0:00:00
Encoding the data... ━━━━━━━━━━━━━━━━━━━━━━━━━━━━━━━━━━━━━━━━ 100% 0:00:01
Encoding the data... ━━━━━━━━━━━━━━━━━━━━━━━━━━━━━━━━━━━━━━━━ 100% 0:00:01
Lasso Regression - Train Weighted Pearson Correlation: 0.2357
Lasso Regression - Test Weighted Pearson Correlation: 0.1946
Lasso Regression - LB Weighted Pearson Correlation: 0.0871

Training and evaluating ElasticNet Regression...
2025-03-13 16:11:21,544 - {pytorch_tabular.tabular_model:167} - INFO -          
Experiment Tracking is turned off                                               
2025-03-13 16:11:21,550 - {pytorch_tabular.tabular_model:342} - INFO - Preparing
the Trainer                                                                     
Lasso Regression - Train Weighted Pearson Correlation: 0.1404
Lasso Regression - Test Weighted Pearson Correlation: 0.1474
Lasso Regression - LB Weighted Pearson Correlation: 0.1559

Training and evaluating ElasticNet Regression...
2025-03-13 16:11:21,859 - {pytorch_tabular.tabular_model:167} - INFO -          
Experiment Tracking is turned off                                               
2025-03-13 16:11:21,865 - {pytorch_tabular.tabular_model:342} - INFO - Preparing
the Trainer                                                                     
Encoding the data... ━━━━━━━━━━━━━━━━━━━━━━━━━━━━━━━━━━━━━━━━ 100% 0:00:00
Encoding the data... ━━━━━━━━━━━━━━━━━━━━━━━━━━━━━━━━━━━━━━━━ 100% 0:00:00
Encoding the data... ━━━━━━━━━━━━━━━━━━━━━━━━━━━━━━━━━━━━━━━━ 100% 0:00:00
Encoding the data... ━━━━━━━━━━━━━━━━━━━━━━━━━━━━━━━━━━━━━━━━ 100% 0:00:00
Encoding the data... ━━━━━━━━━━━━━━━━━━━━━━━━━━━━━━━━━━━━━━━━ 100% 0:00:00
Encoding the data... ━━━━━━━━━━━━━━━━━━━━━━━━━━━━━━━━━━━━━━━━ 100% 0:00:00
Encoding the data... ━━━━━━━━━━━━━━━━━━━━━━━━━━━━━━━━━━━━━━━━ 100% 0:00:00
Encoding the data... ━━━━━━━━━━━━━━━━━━━━━━━━━━━━━━━━━━━━━━━━ 100% 0:00:00
Lasso Regression - Train Weighted Pearson Correlation: 0.1404
Lasso Regression - Test Weighted Pearson Correlation: 0.1474
Lasso Regression - LB Weighted Pearson Correlation: 0.1559

Training and evaluating ElasticNet Regression...
2025-03-13 16:11:28,277 - {pytorch_tabular.tabular_model:167} - INFO -          
Experiment Tracking is turned off                                               
2025-03-13 16:11:28,284 - {pytorch_tabular.tabular_model:342} - INFO - Preparing
the Trainer                                                                     
Encoding the data... ━━━━━━━━━━━━━━━━━━━━━━━━━━━━━━━━━━━━━━━━ 100% 0:00:00
Encoding the data... ━━━━━━━━━━━━━━━━━━━━━━━━━━━━━━━━━━━━━━━━ 100% 0:00:01
Encoding the data... ━━━━━━━━━━━━━━━━━━━━━━━━━━━━━━━━━━━━━━━━ 100% 0:00:01
ElasticNet Regression - Train Weighted Pearson Correlation: 0.1657
ElasticNet Regression - Test Weighted Pearson Correlation: 0.1797
ElasticNet Regression - LB Weighted Pearson Correlation: 0.1945

Training and evaluating Bayesian Ridge Regression...
2025-03-13 16:11:35,267 - {pytorch_tabular.tabular_model:167} - INFO -          
Experiment Tracking is turned off                                               
2025-03-13 16:11:35,301 - {pytorch_tabular.tabular_model:342} - INFO - Preparing
the Trainer                                                                     
Encoding the data... ━━━━━━━━━━━━━━━━━━━━━━━━━━━━━━━━━━━━━━━━ 100% 0:00:01
Encoding the data... ━━━━━━━━━━━━━━━━━━━━━━━━━━━━━━━━━━━━━━━━ 100% 0:00:00
ElasticNet Regression - Train Weighted Pearson Correlation: 0.2610
ElasticNet Regression - Test Weighted Pearson Correlation: 0.2047
ElasticNet Regression - LB Weighted Pearson Correlation: 0.1096

Training and evaluating Bayesian Ridge Regression...
2025-03-13 16:11:36,740 - {pytorch_tabular.tabular_model:167} - INFO -          
Experiment Tracking is turned off                                               
2025-03-13 16:11:36,760 - {pytorch_tabular.tabular_model:342} - INFO - Preparing
the Trainer                                                                     
Encoding the data... ━━━━━━━━━━━━━━━━━━━━━━━━━━━━━━━━━━━━━━━━ 100% 0:00:00
ElasticNet Regression - Train Weighted Pearson Correlation: 0.1512
ElasticNet Regression - Test Weighted Pearson Correlation: 0.1720
ElasticNet Regression - LB Weighted Pearson Correlation: 0.1764

Training and evaluating Bayesian Ridge Regression...
2025-03-13 16:11:49,228 - {pytorch_tabular.tabular_model:167} - INFO -          
Experiment Tracking is turned off                                               
2025-03-13 16:11:49,249 - {pytorch_tabular.tabular_model:342} - INFO - Preparing
the Trainer                                                                     
Encoding the data... ━━━━━━━━━━━━━━━━━━━━━━━━━━━━━━━━━━━━━━━━ 100% 0:00:02
Encoding the data... ━━━━━━━━━━━━━━━━━━━━━━━━━━━━━━━━━━━━━━━━ 100% 0:00:00
Encoding the data... ━━━━━━━━━━━━━━━━━━━━━━━━━━━━━━━━━━━━━━━━ 100% 0:00:00
Encoding the data... ━━━━━━━━━━━━━━━━━━━━━━━━━━━━━━━━━━━━━━━━ 100% 0:00:00
Encoding the data... ━━━━━━━━━━━━━━━━━━━━━━━━━━━━━━━━━━━━━━━━ 100% 0:00:00
Encoding the data... ━━━━━━━━━━━━━━━━━━━━━━━━━━━━━━━━━━━━━━━━ 100% 0:00:00
Encoding the data... ━━━━━━━━━━━━━━━━━━━━━━━━━━━━━━━━━━━━━━━━ 100% 0:00:00
Bayesian Ridge Regression - Train Weighted Pearson Correlation: 0.2555
Bayesian Ridge Regression - Test Weighted Pearson Correlation: 0.1847
Bayesian Ridge Regression - LB Weighted Pearson Correlation: 0.1156

Training and evaluating Stochastic Gradient Descent...
2025-03-13 16:13:23,588 - {pytorch_tabular.tabular_model:167} - INFO -          
Experiment Tracking is turned off                                               
2025-03-13 16:13:23,607 - {pytorch_tabular.tabular_model:342} - INFO - Preparing
the Trainer                                                                     
Encoding the data... ━━━━━━━━━━━━━━━━━━━━━━━━━━━━━━━━━━━━━━━━ 100% 0:00:00
Bayesian Ridge Regression - Train Weighted Pearson Correlation: 0.1920
Bayesian Ridge Regression - Test Weighted Pearson Correlation: 0.2058
Bayesian Ridge Regression - LB Weighted Pearson Correlation: 0.1979

Training and evaluating Stochastic Gradient Descent...
2025-03-13 16:13:24,396 - {pytorch_tabular.tabular_model:167} - INFO -          
Experiment Tracking is turned off                                               
2025-03-13 16:13:24,419 - {pytorch_tabular.tabular_model:342} - INFO - Preparing
the Trainer                                                                     
Encoding the data... ━━━━━━━━━━━━━━━━━━━━━━━━━━━━━━━━━━━━━━━━ 100% 0:00:00
Encoding the data... ━━━━━━━━━━━━━━━━━━━━━━━━━━━━━━━━━━━━━━━━ 100% 0:00:00
Encoding the data... ━━━━━━━━━━━━━━━━━━━━━━━━━━━━━━━━━━━━━━━━ 100% 0:00:00
Encoding the data... ━━━━━━━━━━━━━━━━━━━━━━━━━━━━━━━━━━━━━━━━ 100% 0:00:00
Encoding the data... ━━━━━━━━━━━━━━━━━━━━━━━━━━━━━━━━━━━━━━━━ 100% 0:00:00
Encoding the data... ━━━━━━━━━━━━━━━━━━━━━━━━━━━━━━━━━━━━━━━━ 100% 0:00:00
Encoding the data... ━━━━━━━━━━━━━━━━━━━━━━━━━━━━━━━━━━━━━━━━ 100% 0:00:00
Stochastic Gradient Descent - Train Weighted Pearson Correlation: -0.0900
Stochastic Gradient Descent - Test Weighted Pearson Correlation: -0.1398
Stochastic Gradient Descent - LB Weighted Pearson Correlation: -0.2327

Training and evaluating Decision Tree...
2025-03-13 16:13:33,817 - {pytorch_tabular.tabular_model:167} - INFO -          
Experiment Tracking is turned off                                               
2025-03-13 16:13:33,831 - {pytorch_tabular.tabular_model:342} - INFO - Preparing
the Trainer                                                                     
Encoding the data... ━━━━━━━━━━━━━━━━━━━━━━━━━━━━━━━━━━━━━━━━ 100% 0:00:00
Stochastic Gradient Descent - Train Weighted Pearson Correlation: -0.0408
Stochastic Gradient Descent - Test Weighted Pearson Correlation: 0.0535
Stochastic Gradient Descent - LB Weighted Pearson Correlation: -0.0353

Training and evaluating Decision Tree...
2025-03-13 16:13:35,619 - {pytorch_tabular.tabular_model:167} - INFO -          
Experiment Tracking is turned off                                               
2025-03-13 16:13:35,625 - {pytorch_tabular.tabular_model:342} - INFO - Preparing
the Trainer                                                                     
Encoding the data... ━━━━━━━━━━━━━━━━━━━━━━━━━━━━━━━━━━━━━━━━ 100% 0:00:00
Encoding the data... ━━━━━━━━━━━━━━━━━━━━━━━━━━━━━━━━━━━━━━━━ 100% 0:00:00
Encoding the data... ━━━━━━━━━━━━━━━━━━━━━━━━━━━━━━━━━━━━━━━━ 100% 0:00:00
Encoding the data... ━━━━━━━━━━━━━━━━━━━━━━━━━━━━━━━━━━━━━━━━ 100% 0:00:00
Encoding the data... ━━━━━━━━━━━━━━━━━━━━━━━━━━━━━━━━━━━━━━━━ 100% 0:00:00
Encoding the data... ━━━━━━━━━━━━━━━━━━━━━━━━━━━━━━━━━━━━━━━━ 100% 0:00:00
Encoding the data... ━━━━━━━━━━━━━━━━━━━━━━━━━━━━━━━━━━━━━━━━ 100% 0:00:00
Decision Tree - Train Weighted Pearson Correlation: 1.0000
Decision Tree - Test Weighted Pearson Correlation: 0.0545
Decision Tree - LB Weighted Pearson Correlation: 0.0438

Training and evaluating Random Forest...
2025-03-13 16:13:43,436 - {pytorch_tabular.tabular_model:167} - INFO -          
Experiment Tracking is turned off                                               
2025-03-13 16:13:43,441 - {pytorch_tabular.tabular_model:342} - INFO - Preparing
the Trainer                                                                     
Encoding the data... ━━━━━━━━━━━━━━━━━━━━━━━━━━━━━━━━━━━━━━━━ 100% 0:00:00
Decision Tree - Train Weighted Pearson Correlation: 1.0000
Decision Tree - Test Weighted Pearson Correlation: 0.0893
Decision Tree - LB Weighted Pearson Correlation: 0.1001

Training and evaluating Random Forest...
2025-03-13 16:13:45,747 - {pytorch_tabular.tabular_model:167} - INFO -          
Experiment Tracking is turned off                                               
2025-03-13 16:13:45,759 - {pytorch_tabular.tabular_model:342} - INFO - Preparing
the Trainer                                                                     
Encoding the data... ━━━━━━━━━━━━━━━━━━━━━━━━━━━━━━━━━━━━━━━━ 100% 0:00:00
Encoding the data... ━━━━━━━━━━━━━━━━━━━━━━━━━━━━━━━━━━━━━━━━ 100% 0:00:00
Encoding the data... ━━━━━━━━━━━━━━━━━━━━━━━━━━━━━━━━━━━━━━━━ 100% 0:00:00
Encoding the data... ━━━━━━━━━━━━━━━━━━━━━━━━━━━━━━━━━━━━━━━━ 100% 0:00:00
Bayesian Ridge Regression - Train Weighted Pearson Correlation: 0.1843
Bayesian Ridge Regression - Test Weighted Pearson Correlation: 0.1988
Bayesian Ridge Regression - LB Weighted Pearson Correlation: 0.1881

Training and evaluating Stochastic Gradient Descent...
2025-03-13 16:13:58,090 - {pytorch_tabular.tabular_model:167} - INFO -          
Experiment Tracking is turned off                                               
2025-03-13 16:13:58,095 - {pytorch_tabular.tabular_model:342} - INFO - Preparing
the Trainer                                                                     
Encoding the data... ━━━━━━━━━━━━━━━━━━━━━━━━━━━━━━━━━━━━━━━━ 100% 0:00:00
Encoding the data... ━━━━━━━━━━━━━━━━━━━━━━━━━━━━━━━━━━━━━━━━ 100% 0:00:00
Encoding the data... ━━━━━━━━━━━━━━━━━━━━━━━━━━━━━━━━━━━━━━━━ 100% 0:00:00
Encoding the data... ━━━━━━━━━━━━━━━━━━━━━━━━━━━━━━━━━━━━━━━━ 100% 0:00:00
Stochastic Gradient Descent - Train Weighted Pearson Correlation: -0.0298
Stochastic Gradient Descent - Test Weighted Pearson Correlation: -0.0992
Stochastic Gradient Descent - LB Weighted Pearson Correlation: -0.1130

Training and evaluating Decision Tree...
2025-03-13 16:14:04,489 - {pytorch_tabular.tabular_model:167} - INFO -          
Experiment Tracking is turned off                                               
2025-03-13 16:14:04,494 - {pytorch_tabular.tabular_model:342} - INFO - Preparing
the Trainer                                                                     
Encoding the data... ━━━━━━━━━━━━━━━━━━━━━━━━━━━━━━━━━━━━━━━━ 100% 0:00:00
Encoding the data... ━━━━━━━━━━━━━━━━━━━━━━━━━━━━━━━━━━━━━━━━ 100% 0:00:00
Encoding the data... ━━━━━━━━━━━━━━━━━━━━━━━━━━━━━━━━━━━━━━━━ 100% 0:00:00
Encoding the data... ━━━━━━━━━━━━━━━━━━━━━━━━━━━━━━━━━━━━━━━━ 100% 0:00:00
Decision Tree - Train Weighted Pearson Correlation: 1.0000
Decision Tree - Test Weighted Pearson Correlation: 0.1349
Decision Tree - LB Weighted Pearson Correlation: 0.1392

Training and evaluating Random Forest...
2025-03-13 16:14:11,766 - {pytorch_tabular.tabular_model:167} - INFO -          
Experiment Tracking is turned off                                               
2025-03-13 16:14:11,772 - {pytorch_tabular.tabular_model:342} - INFO - Preparing
the Trainer                                                                     
Encoding the data... ━━━━━━━━━━━━━━━━━━━━━━━━━━━━━━━━━━━━━━━━ 100% 0:00:00
Encoding the data... ━━━━━━━━━━━━━━━━━━━━━━━━━━━━━━━━━━━━━━━━ 100% 0:00:00
Encoding the data... ━━━━━━━━━━━━━━━━━━━━━━━━━━━━━━━━━━━━━━━━ 100% 0:00:00
Encoding the data... ━━━━━━━━━━━━━━━━━━━━━━━━━━━━━━━━━━━━━━━━ 100% 0:00:00
Random Forest - Train Weighted Pearson Correlation: 0.9640
Random Forest - Test Weighted Pearson Correlation: 0.2515
Random Forest - LB Weighted Pearson Correlation: 0.1676

Training and evaluating Extra Trees...
2025-03-13 16:14:20,593 - {pytorch_tabular.tabular_model:167} - INFO -          
Experiment Tracking is turned off                                               
2025-03-13 16:14:20,605 - {pytorch_tabular.tabular_model:342} - INFO - Preparing
the Trainer                                                                     
Encoding the data... ━━━━━━━━━━━━━━━━━━━━━━━━━━━━━━━━━━━━━━━━ 100% 0:00:00
Encoding the data... ━━━━━━━━━━━━━━━━━━━━━━━━━━━━━━━━━━━━━━━━ 100% 0:00:00
Encoding the data... ━━━━━━━━━━━━━━━━━━━━━━━━━━━━━━━━━━━━━━━━ 100% 0:00:00
Encoding the data... ━━━━━━━━━━━━━━━━━━━━━━━━━━━━━━━━━━━━━━━━ 100% 0:00:00
Random Forest - Train Weighted Pearson Correlation: 0.9680
Random Forest - Test Weighted Pearson Correlation: 0.2647
Random Forest - LB Weighted Pearson Correlation: 0.2775

Training and evaluating Extra Trees...
2025-03-13 16:14:26,465 - {pytorch_tabular.tabular_model:167} - INFO -          
Experiment Tracking is turned off                                               
2025-03-13 16:14:26,469 - {pytorch_tabular.tabular_model:342} - INFO - Preparing
the Trainer                                                                     
Encoding the data... ━━━━━━━━━━━━━━━━━━━━━━━━━━━━━━━━━━━━━━━━ 100% 0:00:00
Failed to convert 23/118 SMILES strings to Morgan fingerprints
Setting them to arrays with NaN values
Dropped 922 rows with missing fingerprints
Training and evaluating Linear Regression...
Linear Regression - Train Weighted Pearson Correlation: 0.1531
Linear Regression - Test Weighted Pearson Correlation: 0.1883
Linear Regression - LB Weighted Pearson Correlation: 0.1430

Training and evaluating Ridge Regression...
Ridge Regression - Train Weighted Pearson Correlation: 0.1532
Ridge Regression - Test Weighted Pearson Correlation: 0.1882
Ridge Regression - LB Weighted Pearson Correlation: 0.1536

Training and evaluating Lasso Regression...
Lasso Regression - Train Weighted Pearson Correlation: 0.1372
Lasso Regression - Test Weighted Pearson Correlation: 0.1419
Lasso Regression - LB Weighted Pearson Correlation: 0.1416

Training and evaluating ElasticNet Regression...
ElasticNet Regression - Train Weighted Pearson Correlation: 0.1487
ElasticNet Regression - Test Weighted Pearson Correlation: 0.1706
ElasticNet Regression - LB Weighted Pearson Correlation: 0.1704

Training and evaluating Bayesian Ridge Regression...
Bayesian Ridge Regression - Train Weighted Pearson Correlation: 0.1361
Bayesian Ridge Regression - Test Weighted Pearson Correlation: 0.1611
Bayesian Ridge Regression - LB Weighted Pearson Correlation: 0.1691

Training and evaluating Stochastic Gradient Descent...
Stochastic Gradient Descent - Train Weighted Pearson Correlation: -0.0046
Stochastic Gradient Descent - Test Weighted Pearson Correlation: -0.0239
Stochastic Gradient Descent - LB Weighted Pearson Correlation: -0.0705

Training and evaluating Decision Tree...
Decision Tree - Train Weighted Pearson Correlation: 1.0000
Decision Tree - Test Weighted Pearson Correlation: 0.1009
Decision Tree - LB Weighted Pearson Correlation: 0.1121

Training and evaluating Random Forest...
Random Forest - Train Weighted Pearson Correlation: 0.9749
Random Forest - Test Weighted Pearson Correlation: 0.2254
Random Forest - LB Weighted Pearson Correlation: 0.2589

Training and evaluating Extra Trees...
Extra Trees - Train Weighted Pearson Correlation: 1.0000
Extra Trees - Test Weighted Pearson Correlation: 0.1963
Extra Trees - LB Weighted Pearson Correlation: 0.0939

Training and evaluating AdaBoost...
AdaBoost - Train Weighted Pearson Correlation: 0.1991
AdaBoost - Test Weighted Pearson Correlation: 0.0909
AdaBoost - LB Weighted Pearson Correlation: 0.1820

Training and evaluating Gradient Boosting...
Gradient Boosting - Train Weighted Pearson Correlation: 0.6513
Gradient Boosting - Test Weighted Pearson Correlation: 0.2102
Gradient Boosting - LB Weighted Pearson Correlation: 0.1792

Training and evaluating XGBRegressor...
XGBRegressor - Train Weighted Pearson Correlation: 0.9970
XGBRegressor - Test Weighted Pearson Correlation: 0.1842
XGBRegressor - LB Weighted Pearson Correlation: 0.1535

Training and evaluating Support Vector Regression...
Support Vector Regression - Train Weighted Pearson Correlation: 0.0933
Support Vector Regression - Test Weighted Pearson Correlation: 0.1121
Support Vector Regression - LB Weighted Pearson Correlation: 0.1637

Training and evaluating Gaussian Process...
Gaussian Process - Train Weighted Pearson Correlation: 1.0000
Gaussian Process - Test Weighted Pearson Correlation: -0.0508
Gaussian Process - LB Weighted Pearson Correlation: 0.0627

Evaluation Results:
                          Model  Train WPC  Test WPC    LB WPC
0             Linear Regression   0.153062  0.188319  0.143006
1              Ridge Regression   0.153218  0.188188  0.153610
2              Lasso Regression   0.137205  0.141851  0.141622
3         ElasticNet Regression   0.148676  0.170635  0.170359
4     Bayesian Ridge Regression   0.136060  0.161050  0.169140
5   Stochastic Gradient Descent  -0.004553 -0.023922 -0.070517
6                 Decision Tree   1.000000  0.100937  0.112065
7                 Random Forest   0.974945  0.225369  0.258929
8                   Extra Trees   1.000000  0.196310  0.093944
9                      AdaBoost   0.199093  0.090856  0.182013
10            Gradient Boosting   0.651336  0.210206  0.179175
11                 XGBRegressor   0.996968  0.184164  0.153479
12    Support Vector Regression   0.093290  0.112054  0.163684
13             Gaussian Process   1.000000 -0.050831  0.062667
Results saved to benchmarks_embed_seeds_fingerprints_1024_drop_tautomers/sklearn_LabelEncoder_seed_1.csv
Encoding the data... ━━━━━━━━━━━━━━━━━━━━━━━━━━━━━━━━━━━━━━━━ 100% 0:00:00
Encoding the data... ━━━━━━━━━━━━━━━━━━━━━━━━━━━━━━━━━━━━━━━━ 100% 0:00:00
Encoding the data... ━━━━━━━━━━━━━━━━━━━━━━━━━━━━━━━━━━━━━━━━ 100% 0:00:00
Encoding the data... ━━━━━━━━━━━━━━━━━━━━━━━━━━━━━━━━━━━━━━━━ 100% 0:00:00
Encoding the data... ━━━━━━━━━━━━━━━━━━━━━━━━━━━━━━━━━━━━━━━━ 100% 0:00:00
Random Forest - Train Weighted Pearson Correlation: 0.9663
Random Forest - Test Weighted Pearson Correlation: 0.3020
Random Forest - LB Weighted Pearson Correlation: 0.2509

Training and evaluating Extra Trees...
2025-03-13 16:14:57,465 - {pytorch_tabular.tabular_model:167} - INFO -          
Experiment Tracking is turned off                                               
Encoding the data... ━━━━━━━━━━━━━━━━━━━━━━━━━━━━━━━━━━━━━━━━ 100% 0:00:00
2025-03-13 16:14:57,470 - {pytorch_tabular.tabular_model:342} - INFO - Preparing
the Trainer                                                                     
Encoding the data... ━━━━━━━━━━━━━━━━━━━━━━━━━━━━━━━━━━━━━━━━ 100% 0:00:00
Extra Trees - Train Weighted Pearson Correlation: 1.0000
Extra Trees - Test Weighted Pearson Correlation: 0.2337
Extra Trees - LB Weighted Pearson Correlation: 0.1366

Training and evaluating AdaBoost...
2025-03-13 16:15:00,307 - {pytorch_tabular.tabular_model:167} - INFO -          
Experiment Tracking is turned off                                               
2025-03-13 16:15:00,311 - {pytorch_tabular.tabular_model:342} - INFO - Preparing
the Trainer                                                                     
Encoding the data... ━━━━━━━━━━━━━━━━━━━━━━━━━━━━━━━━━━━━━━━━ 100% 0:00:00
Encoding the data... ━━━━━━━━━━━━━━━━━━━━━━━━━━━━━━━━━━━━━━━━ 100% 0:00:00
Encoding the data... ━━━━━━━━━━━━━━━━━━━━━━━━━━━━━━━━━━━━━━━━ 100% 0:00:00
Encoding the data... ━━━━━━━━━━━━━━━━━━━━━━━━━━━━━━━━━━━━━━━━ 100% 0:00:00
Extra Trees - Train Weighted Pearson Correlation: 1.0000
Extra Trees - Test Weighted Pearson Correlation: 0.2154
Extra Trees - LB Weighted Pearson Correlation: 0.1806

Training and evaluating AdaBoost...
2025-03-13 16:15:05,059 - {pytorch_tabular.tabular_model:167} - INFO -          
Experiment Tracking is turned off                                               
2025-03-13 16:15:05,063 - {pytorch_tabular.tabular_model:342} - INFO - Preparing
the Trainer                                                                     
Encoding the data... ━━━━━━━━━━━━━━━━━━━━━━━━━━━━━━━━━━━━━━━━ 100% 0:00:00
Encoding the data... ━━━━━━━━━━━━━━━━━━━━━━━━━━━━━━━━━━━━━━━━ 100% 0:00:00
Encoding the data... ━━━━━━━━━━━━━━━━━━━━━━━━━━━━━━━━━━━━━━━━ 100% 0:00:00
Encoding the data... ━━━━━━━━━━━━━━━━━━━━━━━━━━━━━━━━━━━━━━━━ 100% 0:00:00
AdaBoost - Train Weighted Pearson Correlation: 0.3147
AdaBoost - Test Weighted Pearson Correlation: 0.1578
AdaBoost - LB Weighted Pearson Correlation: 0.1177

Training and evaluating Gradient Boosting...
2025-03-13 16:15:09,528 - {pytorch_tabular.tabular_model:167} - INFO -          
Experiment Tracking is turned off                                               
2025-03-13 16:15:09,533 - {pytorch_tabular.tabular_model:342} - INFO - Preparing
the Trainer                                                                     
Encoding the data... ━━━━━━━━━━━━━━━━━━━━━━━━━━━━━━━━━━━━━━━━ 100% 0:00:00
Encoding the data... ━━━━━━━━━━━━━━━━━━━━━━━━━━━━━━━━━━━━━━━━ 100% 0:00:00
Encoding the data... ━━━━━━━━━━━━━━━━━━━━━━━━━━━━━━━━━━━━━━━━ 100% 0:00:00
Encoding the data... ━━━━━━━━━━━━━━━━━━━━━━━━━━━━━━━━━━━━━━━━ 100% 0:00:00
Failed to convert 23/118 SMILES strings to Morgan fingerprints
Setting them to arrays with NaN values
Dropped 922 rows with missing fingerprints
Training and evaluating Linear Regression...
Linear Regression - Train Weighted Pearson Correlation: 0.3959
Linear Regression - Test Weighted Pearson Correlation: 0.2465
Linear Regression - LB Weighted Pearson Correlation: 0.2759

Training and evaluating Ridge Regression...
Ridge Regression - Train Weighted Pearson Correlation: 0.3949
Ridge Regression - Test Weighted Pearson Correlation: 0.2504
Ridge Regression - LB Weighted Pearson Correlation: 0.2814

Training and evaluating Lasso Regression...
Lasso Regression - Train Weighted Pearson Correlation: 0.1404
Lasso Regression - Test Weighted Pearson Correlation: 0.1474
Lasso Regression - LB Weighted Pearson Correlation: 0.1559

Training and evaluating ElasticNet Regression...
ElasticNet Regression - Train Weighted Pearson Correlation: 0.1495
ElasticNet Regression - Test Weighted Pearson Correlation: 0.1711
ElasticNet Regression - LB Weighted Pearson Correlation: 0.1834

Training and evaluating Bayesian Ridge Regression...
Bayesian Ridge Regression - Train Weighted Pearson Correlation: 0.1654
Bayesian Ridge Regression - Test Weighted Pearson Correlation: 0.1888
Bayesian Ridge Regression - LB Weighted Pearson Correlation: 0.1888

Training and evaluating Stochastic Gradient Descent...
Stochastic Gradient Descent - Train Weighted Pearson Correlation: 0.0946
Stochastic Gradient Descent - Test Weighted Pearson Correlation: 0.1614
Stochastic Gradient Descent - LB Weighted Pearson Correlation: 0.1707

Training and evaluating Decision Tree...
Decision Tree - Train Weighted Pearson Correlation: 1.0000
Decision Tree - Test Weighted Pearson Correlation: 0.0986
Decision Tree - LB Weighted Pearson Correlation: 0.0995

Training and evaluating Random Forest...
Random Forest - Train Weighted Pearson Correlation: 0.9722
Random Forest - Test Weighted Pearson Correlation: 0.2744
Random Forest - LB Weighted Pearson Correlation: 0.2027

Training and evaluating Extra Trees...
Extra Trees - Train Weighted Pearson Correlation: 1.0000
Extra Trees - Test Weighted Pearson Correlation: 0.1875
Extra Trees - LB Weighted Pearson Correlation: 0.1720

Training and evaluating AdaBoost...
AdaBoost - Train Weighted Pearson Correlation: 0.2373
AdaBoost - Test Weighted Pearson Correlation: 0.1163
AdaBoost - LB Weighted Pearson Correlation: 0.1559

Training and evaluating Gradient Boosting...
Gradient Boosting - Train Weighted Pearson Correlation: 0.6405
Gradient Boosting - Test Weighted Pearson Correlation: 0.2537
Gradient Boosting - LB Weighted Pearson Correlation: 0.2130

Training and evaluating XGBRegressor...
XGBRegressor - Train Weighted Pearson Correlation: 0.9789
XGBRegressor - Test Weighted Pearson Correlation: 0.2276
XGBRegressor - LB Weighted Pearson Correlation: 0.2211

Training and evaluating Support Vector Regression...
Support Vector Regression - Train Weighted Pearson Correlation: 0.2322
Support Vector Regression - Test Weighted Pearson Correlation: 0.1362
Support Vector Regression - LB Weighted Pearson Correlation: 0.1787

Training and evaluating Gaussian Process...
Gaussian Process - Train Weighted Pearson Correlation: 1.0000
Gaussian Process - Test Weighted Pearson Correlation: 0.1073
Gaussian Process - LB Weighted Pearson Correlation: 0.1042

Evaluation Results:
                          Model  Train WPC  Test WPC    LB WPC
0             Linear Regression   0.395859  0.246539  0.275869
1              Ridge Regression   0.394873  0.250390  0.281417
2              Lasso Regression   0.140394  0.147375  0.155946
3         ElasticNet Regression   0.149517  0.171105  0.183429
4     Bayesian Ridge Regression   0.165423  0.188839  0.188761
5   Stochastic Gradient Descent   0.094603  0.161411  0.170747
6                 Decision Tree   1.000000  0.098634  0.099539
7                 Random Forest   0.972248  0.274422  0.202704
8                   Extra Trees   1.000000  0.187534  0.171950
9                      AdaBoost   0.237287  0.116325  0.155889
10            Gradient Boosting   0.640495  0.253702  0.213003
11                 XGBRegressor   0.978926  0.227626  0.221087
12    Support Vector Regression   0.232240  0.136156  0.178686
13             Gaussian Process   1.000000  0.107317  0.104187
Results saved to benchmarks_embed_seeds_fingerprints_1024_drop_tautomers/sklearn_OneHotEncoder_seed_1.csv
AdaBoost - Train Weighted Pearson Correlation: 0.2832
AdaBoost - Test Weighted Pearson Correlation: 0.0783
AdaBoost - LB Weighted Pearson Correlation: 0.1075

Training and evaluating Gradient Boosting...
2025-03-13 16:15:14,024 - {pytorch_tabular.tabular_model:167} - INFO -          
Experiment Tracking is turned off                                               
2025-03-13 16:15:14,028 - {pytorch_tabular.tabular_model:342} - INFO - Preparing
the Trainer                                                                     
Encoding the data... ━━━━━━━━━━━━━━━━━━━━━━━━━━━━━━━━━━━━━━━━ 100% 0:00:00
Encoding the data... ━━━━━━━━━━━━━━━━━━━━━━━━━━━━━━━━━━━━━━━━ 100% 0:00:00
Encoding the data... ━━━━━━━━━━━━━━━━━━━━━━━━━━━━━━━━━━━━━━━━ 100% 0:00:00
Encoding the data... ━━━━━━━━━━━━━━━━━━━━━━━━━━━━━━━━━━━━━━━━ 100% 0:00:00
Gradient Boosting - Train Weighted Pearson Correlation: 0.7044
Gradient Boosting - Test Weighted Pearson Correlation: 0.2523
Gradient Boosting - LB Weighted Pearson Correlation: 0.1804

Training and evaluating XGBRegressor...
2025-03-13 16:15:18,528 - {pytorch_tabular.tabular_model:167} - INFO -          
Experiment Tracking is turned off                                               
2025-03-13 16:15:18,532 - {pytorch_tabular.tabular_model:342} - INFO - Preparing
the Trainer                                                                     
Encoding the data... ━━━━━━━━━━━━━━━━━━━━━━━━━━━━━━━━━━━━━━━━ 100% 0:00:00
Encoding the data... ━━━━━━━━━━━━━━━━━━━━━━━━━━━━━━━━━━━━━━━━ 100% 0:00:00
Encoding the data... ━━━━━━━━━━━━━━━━━━━━━━━━━━━━━━━━━━━━━━━━ 100% 0:00:00
Encoding the data... ━━━━━━━━━━━━━━━━━━━━━━━━━━━━━━━━━━━━━━━━ 100% 0:00:00
Gradient Boosting - Train Weighted Pearson Correlation: 0.7060
Gradient Boosting - Test Weighted Pearson Correlation: 0.2269
Gradient Boosting - LB Weighted Pearson Correlation: 0.1746

Training and evaluating XGBRegressor...
2025-03-13 16:15:25,415 - {pytorch_tabular.tabular_model:167} - INFO -          
Experiment Tracking is turned off                                               
2025-03-13 16:15:25,426 - {pytorch_tabular.tabular_model:342} - INFO - Preparing
the Trainer                                                                     
Encoding the data... ━━━━━━━━━━━━━━━━━━━━━━━━━━━━━━━━━━━━━━━━ 100% 0:00:00
Encoding the data... ━━━━━━━━━━━━━━━━━━━━━━━━━━━━━━━━━━━━━━━━ 100% 0:00:00
Encoding the data... ━━━━━━━━━━━━━━━━━━━━━━━━━━━━━━━━━━━━━━━━ 100% 0:00:00
Encoding the data... ━━━━━━━━━━━━━━━━━━━━━━━━━━━━━━━━━━━━━━━━ 100% 0:00:00
Encoding the data... ━━━━━━━━━━━━━━━━━━━━━━━━━━━━━━━━━━━━━━━━ 100% 0:00:00
Encoding the data... ━━━━━━━━━━━━━━━━━━━━━━━━━━━━━━━━━━━━━━━━ 100% 0:00:00
Encoding the data... ━━━━━━━━━━━━━━━━━━━━━━━━━━━━━━━━━━━━━━━━ 100% 0:00:00
Extra Trees - Train Weighted Pearson Correlation: 1.0000
Extra Trees - Test Weighted Pearson Correlation: 0.2415
Extra Trees - LB Weighted Pearson Correlation: 0.2391

Training and evaluating AdaBoost...
2025-03-13 16:15:42,510 - {pytorch_tabular.tabular_model:167} - INFO -          
Experiment Tracking is turned off                                               
2025-03-13 16:15:42,516 - {pytorch_tabular.tabular_model:342} - INFO - Preparing
the Trainer                                                                     
Encoding the data... ━━━━━━━━━━━━━━━━━━━━━━━━━━━━━━━━━━━━━━━━ 100% 0:00:00
XGBRegressor - Train Weighted Pearson Correlation: 0.9992
XGBRegressor - Test Weighted Pearson Correlation: 0.2202
XGBRegressor - LB Weighted Pearson Correlation: 0.1386

Training and evaluating Support Vector Regression...
2025-03-13 16:15:47,237 - {pytorch_tabular.tabular_model:167} - INFO -          
Experiment Tracking is turned off                                               
2025-03-13 16:15:47,245 - {pytorch_tabular.tabular_model:342} - INFO - Preparing
the Trainer                                                                     
Encoding the data... ━━━━━━━━━━━━━━━━━━━━━━━━━━━━━━━━━━━━━━━━ 100% 0:00:00
Encoding the data... ━━━━━━━━━━━━━━━━━━━━━━━━━━━━━━━━━━━━━━━━ 100% 0:00:00
Encoding the data... ━━━━━━━━━━━━━━━━━━━━━━━━━━━━━━━━━━━━━━━━ 100% 0:00:00
Encoding the data... ━━━━━━━━━━━━━━━━━━━━━━━━━━━━━━━━━━━━━━━━ 100% 0:00:00
Encoding the data... ━━━━━━━━━━━━━━━━━━━━━━━━━━━━━━━━━━━━━━━━ 100% 0:00:00
Encoding the data... ━━━━━━━━━━━━━━━━━━━━━━━━━━━━━━━━━━━━━━━━ 100% 0:00:00
Encoding the data... ━━━━━━━━━━━━━━━━━━━━━━━━━━━━━━━━━━━━━━━━ 100% 0:00:00
Encoding the data... ━━━━━━━━━━━━━━━━━━━━━━━━━━━━━━━━━━━━━━━━ 100% 0:00:00
XGBRegressor - Train Weighted Pearson Correlation: 0.9994
XGBRegressor - Test Weighted Pearson Correlation: 0.2315
XGBRegressor - LB Weighted Pearson Correlation: 0.1495

Training and evaluating Support Vector Regression...
2025-03-13 16:15:51,613 - {pytorch_tabular.tabular_model:167} - INFO -          
Experiment Tracking is turned off                                               
2025-03-13 16:15:51,618 - {pytorch_tabular.tabular_model:342} - INFO - Preparing
the Trainer                                                                     
Encoding the data... ━━━━━━━━━━━━━━━━━━━━━━━━━━━━━━━━━━━━━━━━ 100% 0:00:00
Encoding the data... ━━━━━━━━━━━━━━━━━━━━━━━━━━━━━━━━━━━━━━━━ 100% 0:00:00
Encoding the data... ━━━━━━━━━━━━━━━━━━━━━━━━━━━━━━━━━━━━━━━━ 100% 0:00:00
AdaBoost - Train Weighted Pearson Correlation: 0.3435
AdaBoost - Test Weighted Pearson Correlation: 0.1658
AdaBoost - LB Weighted Pearson Correlation: 0.1196

Training and evaluating Gradient Boosting...
2025-03-13 16:15:53,876 - {pytorch_tabular.tabular_model:167} - INFO -          
Experiment Tracking is turned off                                               
2025-03-13 16:15:53,881 - {pytorch_tabular.tabular_model:342} - INFO - Preparing
the Trainer                                                                     
Encoding the data... ━━━━━━━━━━━━━━━━━━━━━━━━━━━━━━━━━━━━━━━━ 100% 0:00:00
Encoding the data... ━━━━━━━━━━━━━━━━━━━━━━━━━━━━━━━━━━━━━━━━ 100% 0:00:00
Encoding the data... ━━━━━━━━━━━━━━━━━━━━━━━━━━━━━━━━━━━━━━━━ 100% 0:00:00
Support Vector Regression - Train Weighted Pearson Correlation: 0.2294
Support Vector Regression - Test Weighted Pearson Correlation: 0.1555
Support Vector Regression - LB Weighted Pearson Correlation: 0.1931

Training and evaluating Gaussian Process...
2025-03-13 16:15:59,091 - {pytorch_tabular.tabular_model:167} - INFO -          
Experiment Tracking is turned off                                               
2025-03-13 16:15:59,095 - {pytorch_tabular.tabular_model:342} - INFO - Preparing
the Trainer                                                                     
Encoding the data... ━━━━━━━━━━━━━━━━━━━━━━━━━━━━━━━━━━━━━━━━ 100% 0:00:00
Encoding the data... ━━━━━━━━━━━━━━━━━━━━━━━━━━━━━━━━━━━━━━━━ 100% 0:00:00
Encoding the data... ━━━━━━━━━━━━━━━━━━━━━━━━━━━━━━━━━━━━━━━━ 100% 0:00:00
Encoding the data... ━━━━━━━━━━━━━━━━━━━━━━━━━━━━━━━━━━━━━━━━ 100% 0:00:00
Encoding the data... ━━━━━━━━━━━━━━━━━━━━━━━━━━━━━━━━━━━━━━━━ 100% 0:00:00
Support Vector Regression - Train Weighted Pearson Correlation: 0.4212
Support Vector Regression - Test Weighted Pearson Correlation: 0.1408
Support Vector Regression - LB Weighted Pearson Correlation: 0.1936

Training and evaluating Gaussian Process...
2025-03-13 16:16:03,358 - {pytorch_tabular.tabular_model:167} - INFO -          
Experiment Tracking is turned off                                               
2025-03-13 16:16:03,362 - {pytorch_tabular.tabular_model:342} - INFO - Preparing
the Trainer                                                                     
Encoding the data... ━━━━━━━━━━━━━━━━━━━━━━━━━━━━━━━━━━━━━━━━ 100% 0:00:00
Gradient Boosting - Train Weighted Pearson Correlation: 0.7061
Gradient Boosting - Test Weighted Pearson Correlation: 0.2244
Gradient Boosting - LB Weighted Pearson Correlation: 0.1616

Training and evaluating XGBRegressor...
2025-03-13 16:16:04,943 - {pytorch_tabular.tabular_model:167} - INFO -          
Experiment Tracking is turned off                                               
2025-03-13 16:16:04,947 - {pytorch_tabular.tabular_model:342} - INFO - Preparing
the Trainer                                                                     
Encoding the data... ━━━━━━━━━━━━━━━━━━━━━━━━━━━━━━━━━━━━━━━━ 100% 0:00:00
Encoding the data... ━━━━━━━━━━━━━━━━━━━━━━━━━━━━━━━━━━━━━━━━ 100% 0:00:00
Encoding the data... ━━━━━━━━━━━━━━━━━━━━━━━━━━━━━━━━━━━━━━━━ 100% 0:00:00
Encoding the data... ━━━━━━━━━━━━━━━━━━━━━━━━━━━━━━━━━━━━━━━━ 100% 0:00:00
Encoding the data... ━━━━━━━━━━━━━━━━━━━━━━━━━━━━━━━━━━━━━━━━ 100% 0:00:00
Encoding the data... ━━━━━━━━━━━━━━━━━━━━━━━━━━━━━━━━━━━━━━━━ 100% 0:00:00
Encoding the data... ━━━━━━━━━━━━━━━━━━━━━━━━━━━━━━━━━━━━━━━━ 100% 0:00:00
XGBRegressor - Train Weighted Pearson Correlation: 0.9995
XGBRegressor - Test Weighted Pearson Correlation: 0.2092
XGBRegressor - LB Weighted Pearson Correlation: 0.2023

Training and evaluating Support Vector Regression...
2025-03-13 16:16:26,926 - {pytorch_tabular.tabular_model:167} - INFO -          
Experiment Tracking is turned off                                               
2025-03-13 16:16:26,931 - {pytorch_tabular.tabular_model:342} - INFO - Preparing
the Trainer                                                                     
Encoding the data... ━━━━━━━━━━━━━━━━━━━━━━━━━━━━━━━━━━━━━━━━ 100% 0:00:00
Encoding the data... ━━━━━━━━━━━━━━━━━━━━━━━━━━━━━━━━━━━━━━━━ 100% 0:00:00
Encoding the data... ━━━━━━━━━━━━━━━━━━━━━━━━━━━━━━━━━━━━━━━━ 100% 0:00:00
Encoding the data... ━━━━━━━━━━━━━━━━━━━━━━━━━━━━━━━━━━━━━━━━ 100% 0:00:00
Encoding the data... ━━━━━━━━━━━━━━━━━━━━━━━━━━━━━━━━━━━━━━━━ 100% 0:00:00
Gaussian Process - Train Weighted Pearson Correlation: 1.0000
Gaussian Process - Test Weighted Pearson Correlation: 0.1359
Gaussian Process - LB Weighted Pearson Correlation: 0.0483

Evaluation Results:
                          Model  Train WPC  Test WPC    LB WPC
0             Linear Regression   0.324605  0.253198  0.208005
1              Ridge Regression   0.325453  0.252750  0.207709
2              Lasso Regression   0.140394  0.147375  0.155946
3         ElasticNet Regression   0.165718  0.179745  0.194467
4     Bayesian Ridge Regression   0.192038  0.205818  0.197909
5   Stochastic Gradient Descent  -0.089990 -0.139847 -0.232659
6                 Decision Tree   1.000000  0.054545  0.043839
7                 Random Forest   0.963977  0.251513  0.167596
8                   Extra Trees   1.000000  0.233697  0.136628
9                      AdaBoost   0.314676  0.157776  0.117687
10            Gradient Boosting   0.704366  0.252278  0.180419
11                 XGBRegressor   0.999157  0.220206  0.138645
12    Support Vector Regression   0.229437  0.155501  0.193082
13             Gaussian Process   1.000000  0.135896  0.048341
Results saved to benchmarks_embed_seeds_fingerprints_1024_drop_tautomers/sklearn_EmbeddingAutoInt_seed_1.csv
Encoding the data... ━━━━━━━━━━━━━━━━━━━━━━━━━━━━━━━━━━━━━━━━ 100% 0:00:00
Encoding the data... ━━━━━━━━━━━━━━━━━━━━━━━━━━━━━━━━━━━━━━━━ 100% 0:00:00
Gaussian Process - Train Weighted Pearson Correlation: 1.0000
Gaussian Process - Test Weighted Pearson Correlation: -0.0432
Gaussian Process - LB Weighted Pearson Correlation: 0.0106

Evaluation Results:
                          Model  Train WPC  Test WPC    LB WPC
0             Linear Regression   0.335292  0.217447  0.194037
1              Ridge Regression   0.321615  0.216170  0.191175
2              Lasso Regression   0.235664  0.194559  0.087119
3         ElasticNet Regression   0.261013  0.204665  0.109600
4     Bayesian Ridge Regression   0.255453  0.184736  0.115621
5   Stochastic Gradient Descent  -0.040756  0.053536 -0.035319
6                 Decision Tree   1.000000  0.089268  0.100087
7                 Random Forest   0.967981  0.264680  0.277536
8                   Extra Trees   1.000000  0.215376  0.180638
9                      AdaBoost   0.283169  0.078285  0.107515
10            Gradient Boosting   0.706004  0.226895  0.174649
11                 XGBRegressor   0.999362  0.231481  0.149542
12    Support Vector Regression   0.421200  0.140788  0.193596
13             Gaussian Process   1.000000 -0.043186  0.010554
Results saved to benchmarks_embed_seeds_fingerprints_1024_drop_tautomers/sklearn_EmbeddingCategoryEmbedding_seed_1.csv
Support Vector Regression - Train Weighted Pearson Correlation: 0.2289
Support Vector Regression - Test Weighted Pearson Correlation: 0.1514
Support Vector Regression - LB Weighted Pearson Correlation: 0.1710

Training and evaluating Gaussian Process...
2025-03-13 16:16:42,218 - {pytorch_tabular.tabular_model:167} - INFO -          
Experiment Tracking is turned off                                               
2025-03-13 16:16:42,222 - {pytorch_tabular.tabular_model:342} - INFO - Preparing
the Trainer                                                                     
Encoding the data... ━━━━━━━━━━━━━━━━━━━━━━━━━━━━━━━━━━━━━━━━ 100% 0:00:00
Encoding the data... ━━━━━━━━━━━━━━━━━━━━━━━━━━━━━━━━━━━━━━━━ 100% 0:00:00
Encoding the data... ━━━━━━━━━━━━━━━━━━━━━━━━━━━━━━━━━━━━━━━━ 100% 0:00:00
Encoding the data... ━━━━━━━━━━━━━━━━━━━━━━━━━━━━━━━━━━━━━━━━ 100% 0:00:00
Gaussian Process - Train Weighted Pearson Correlation: 1.0000
Gaussian Process - Test Weighted Pearson Correlation: 0.1379
Gaussian Process - LB Weighted Pearson Correlation: 0.0674

Evaluation Results:
                          Model  Train WPC  Test WPC    LB WPC
0             Linear Regression   0.341053  0.237521  0.195173
1              Ridge Regression   0.344046  0.236542  0.198377
2              Lasso Regression   0.140394  0.147375  0.155946
3         ElasticNet Regression   0.151157  0.171962  0.176393
4     Bayesian Ridge Regression   0.184319  0.198786  0.188134
5   Stochastic Gradient Descent  -0.029826 -0.099167 -0.112985
6                 Decision Tree   1.000000  0.134932  0.139155
7                 Random Forest   0.966263  0.301967  0.250854
8                   Extra Trees   1.000000  0.241531  0.239083
9                      AdaBoost   0.343464  0.165826  0.119607
10            Gradient Boosting   0.706131  0.224443  0.161628
11                 XGBRegressor   0.999507  0.209232  0.202324
12    Support Vector Regression   0.228884  0.151397  0.170978
13             Gaussian Process   1.000000  0.137861  0.067417
Results saved to benchmarks_embed_seeds_fingerprints_1024_drop_tautomers/sklearn_EmbeddingTabTransformer_seed_1.csv
