[rank: 0] Seed set to 6
  0%|          | 0/118 [00:00<?, ?it/s][16:29:01] SMILES Parse Error: syntax error while parsing: Antibody
[16:29:01] SMILES Parse Error: check for mistakes around position 1:
[16:29:01] Antibody
[16:29:01] ^
[16:29:01] SMILES Parse Error: Failed parsing SMILES 'Antibody' for input: 'Antibody'
[16:29:01] SMILES Parse Error: syntax error while parsing: CC(=O)N1CCN(CCOc2ccc(cc2)C3CCN(CC3)C4=Nn5c(CC4)nnc5C(F)(F)F)CC1;CC(=O)N1CCN(CC1)CCOc2ccc(cc2)C3CCN(CC3)C4=Nn5c(nnc5C(F)(F)F)CC4
[16:29:01] SMILES Parse Error: check for mistakes around position 64:
[16:29:01] CC4)nnc5C(F)(F)F)CC1;CC(=O)N1CCN(CC1)CCOc
[16:29:01] ~~~~~~~~~~~~~~~~~~~~^
[16:29:01] SMILES Parse Error: Failed parsing SMILES 'CC(=O)N1CCN(CCOc2ccc(cc2)C3CCN(CC3)C4=Nn5c(CC4)nnc5C(F)(F)F)CC1;CC(=O)N1CCN(CC1)CCOc2ccc(cc2)C3CCN(CC3)C4=Nn5c(nnc5C(F)(F)F)CC4' for input: 'CC(=O)N1CCN(CCOc2ccc(cc2)C3CCN(CC3)C4=Nn5c(CC4)nnc5C(F)(F)F)CC1;CC(=O)N1CCN(CC1)CCOc2ccc(cc2)C3CCN(CC3)C4=Nn5c(nnc5C(F)(F)F)CC4'
[16:29:01] SMILES Parse Error: syntax error while parsing: CN(C)CC#Cc1ccc(OCCCc2sc(nc2C(=O)O)N3CCc4cccc(C(=O)Nc5nc6ccccc6s5)c4C3)cc1;CN(C)CC#Cc1ccc(cc1)OCCCc2c(nc(s2)N3CCc4cccc(c4C3)C(=O)Nc5nc6ccccc6s5)C(=O)O
[16:29:01] SMILES Parse Error: check for mistakes around position 74:
[16:29:01] nc6ccccc6s5)c4C3)cc1;CN(C)CC#Cc1ccc(cc1)O
[16:29:01] ~~~~~~~~~~~~~~~~~~~~^
[16:29:01] SMILES Parse Error: Failed parsing SMILES 'CN(C)CC#Cc1ccc(OCCCc2sc(nc2C(=O)O)N3CCc4cccc(C(=O)Nc5nc6ccccc6s5)c4C3)cc1;CN(C)CC#Cc1ccc(cc1)OCCCc2c(nc(s2)N3CCc4cccc(c4C3)C(=O)Nc5nc6ccccc6s5)C(=O)O' for input: 'CN(C)CC#Cc1ccc(OCCCc2sc(nc2C(=O)O)N3CCc4cccc(C(=O)Nc5nc6ccccc6s5)c4C3)cc1;CN(C)CC#Cc1ccc(cc1)OCCCc2c(nc(s2)N3CCc4cccc(c4C3)C(=O)Nc5nc6ccccc6s5)C(=O)O'
[16:29:01] SMILES Parse Error: syntax error while parsing: CCCS(=O)(=O)Nc1ccc(F)c(C(=O)c2c[nH]c3ncc(cc23)c4cccc(c4)C(=O)N)c1F;CCCS(=O)(=O)Nc1ccc(c(c1F)C(=O)c2c[nH]c3c2cc(cn3)c4cccc(c4)C(=O)N)F
[16:29:01] SMILES Parse Error: check for mistakes around position 67:
[16:29:01] c4cccc(c4)C(=O)N)c1F;CCCS(=O)(=O)Nc1ccc(c
[16:29:01] ~~~~~~~~~~~~~~~~~~~~^
[16:29:01] SMILES Parse Error: Failed parsing SMILES 'CCCS(=O)(=O)Nc1ccc(F)c(C(=O)c2c[nH]c3ncc(cc23)c4cccc(c4)C(=O)N)c1F;CCCS(=O)(=O)Nc1ccc(c(c1F)C(=O)c2c[nH]c3c2cc(cn3)c4cccc(c4)C(=O)N)F' for input: 'CCCS(=O)(=O)Nc1ccc(F)c(C(=O)c2c[nH]c3ncc(cc23)c4cccc(c4)C(=O)N)c1F;CCCS(=O)(=O)Nc1ccc(c(c1F)C(=O)c2c[nH]c3c2cc(cn3)c4cccc(c4)C(=O)N)F'
[16:29:01] SMILES Parse Error: syntax error while parsing: C[C@@]1(O)C[C@@H](C1)c2nc(c3ccc4ccc(nc4c3)c5ccccc5)c6c(N)nccn26;C[C@]1(C[C@@H](C1)c2n3c(c(ncc3)N)c(n2)c4cc5nc(ccc5cc4)c6ccccc6)O
[16:29:01] SMILES Parse Error: check for mistakes around position 64:
[16:29:01] 5ccccc5)c6c(N)nccn26;C[C@]1(C[C@@H](C1)c2
[16:29:01] ~~~~~~~~~~~~~~~~~~~~^
[16:29:01] SMILES Parse Error: Failed parsing SMILES 'C[C@@]1(O)C[C@@H](C1)c2nc(c3ccc4ccc(nc4c3)c5ccccc5)c6c(N)nccn26;C[C@]1(C[C@@H](C1)c2n3c(c(ncc3)N)c(n2)c4cc5nc(ccc5cc4)c6ccccc6)O' for input: 'C[C@@]1(O)C[C@@H](C1)c2nc(c3ccc4ccc(nc4c3)c5ccccc5)c6c(N)nccn26;C[C@]1(C[C@@H](C1)c2n3c(c(ncc3)N)c(n2)c4cc5nc(ccc5cc4)c6ccccc6)O'
[16:29:01] SMILES Parse Error: syntax error while parsing: OCCONC(=O)c1ccc2cncn2c1Nc3ccc(I)cc3F;c1cc(c(cc1I)F)Nc2c(ccc3n2cnc3)C(=O)NOCCO
[16:29:01] SMILES Parse Error: check for mistakes around position 37:
[16:29:01] cncn2c1Nc3ccc(I)cc3F;c1cc(c(cc1I)F)Nc2c(c
[16:29:01] ~~~~~~~~~~~~~~~~~~~~^
[16:29:01] SMILES Parse Error: Failed parsing SMILES 'OCCONC(=O)c1ccc2cncn2c1Nc3ccc(I)cc3F;c1cc(c(cc1I)F)Nc2c(ccc3n2cnc3)C(=O)NOCCO' for input: 'OCCONC(=O)c1ccc2cncn2c1Nc3ccc(I)cc3F;c1cc(c(cc1I)F)Nc2c(ccc3n2cnc3)C(=O)NOCCO'
 65%|██████▌   | 77/118 [00:00<00:00, 764.15it/s][16:29:02] SMILES Parse Error: syntax error while parsing: CS(=O)(=O)c1ccc(Nc2cncc(n2)c3cnc4ccccn34)cc1;CS(=O)(=O)c1ccc(cc1)Nc2cncc(n2)c3cnc4n3cccc4
[16:29:02] SMILES Parse Error: check for mistakes around position 45:
[16:29:02] n2)c3cnc4ccccn34)cc1;CS(=O)(=O)c1ccc(cc1)
[16:29:02] ~~~~~~~~~~~~~~~~~~~~^
[16:29:02] SMILES Parse Error: Failed parsing SMILES 'CS(=O)(=O)c1ccc(Nc2cncc(n2)c3cnc4ccccn34)cc1;CS(=O)(=O)c1ccc(cc1)Nc2cncc(n2)c3cnc4n3cccc4' for input: 'CS(=O)(=O)c1ccc(Nc2cncc(n2)c3cnc4ccccn34)cc1;CS(=O)(=O)c1ccc(cc1)Nc2cncc(n2)c3cnc4n3cccc4'
100%|██████████| 118/118 [00:00<00:00, 823.78it/s]
[rank: 0] Seed set to 6
[rank: 0] Seed set to 6
[rank: 0] Seed set to 6
[rank: 0] Seed set to 6
[rank: 0] Seed set to 6
[rank: 0] Seed set to 6
[rank: 0] Seed set to 6
[rank: 0] Seed set to 6
[rank: 0] Seed set to 6
  0%|          | 0/118 [00:00<?, ?it/s]  0%|          | 0/118 [00:00<?, ?it/s][16:32:03] SMILES Parse Error: [16:32:03] syntax errorSMILES Parse Error:  while parsing:   0%|          | 0/118 [00:00<?, ?it/s]syntax errorAntibody while parsing: 
Antibody[16:32:03] [16:32:03] 
SMILES Parse Error: check for mistakes around position SMILES Parse Error: [16:32:03] 1syntax errorSMILES Parse Error: check for mistakes around position : while parsing: 1
Antibody:[16:32:03] 

Antibody[16:32:03] [16:32:03] 
SMILES Parse Error: check for mistakes around position Antibody[16:32:03] 1
^:[16:32:03] 

^[16:32:03] 
Antibody
[16:32:03] [16:32:03] ^SMILES
[16:32:03]  Parse Error: SMILESFailed parsing SMILES 'Antibody' Parse Error:  for input: '[16:32:03] Failed parsing SMILES 'Antibody'AntibodySMILES for input: '' Parse Error: Antibody
Failed parsing SMILES 'Antibody'' for input: '
Antibody'
[16:32:03] [16:32:03] SMILES Parse Error: SMILES Parse Error: syntax errorsyntax error[16:32:03]  while parsing:  while parsing: SMILES Parse Error: CC(=O)N1CCN(CCOc2ccc(cc2)C3CCN(CC3)C4=Nn5c(CC4)nnc5C(F)(F)F)CC1;CC(=O)N1CCN(CC1)CCOc2ccc(cc2)C3CCN(CC3)C4=Nn5c(nnc5C(F)(F)F)CC4CC(=O)N1CCN(CCOc2ccc(cc2)C3CCN(CC3)C4=Nn5c(CC4)nnc5C(F)(F)F)CC1;CC(=O)N1CCN(CC1)CCOc2ccc(cc2)C3CCN(CC3)C4=Nn5c(nnc5C(F)(F)F)CC4syntax error

 while parsing: [16:32:03] [16:32:03] CC(=O)N1CCN(CCOc2ccc(cc2)C3CCN(CC3)C4=Nn5c(CC4)nnc5C(F)(F)F)CC1;CC(=O)N1CCN(CC1)CCOc2ccc(cc2)C3CCN(CC3)C4=Nn5c(nnc5C(F)(F)F)CC4SMILES Parse Error: check for mistakes around position SMILES Parse Error: check for mistakes around position 
6464[16:32:03] ::SMILES Parse Error: check for mistakes around position 

64[16:32:03] [16:32:03] :CC4)nnc5C(F)(F)F)CC1;CC(=O)N1CCN(CC1)CCOcCC4)nnc5C(F)(F)F)CC1;CC(=O)N1CCN(CC1)CCOc


[16:32:03] [16:32:03] [16:32:03] CC4)nnc5C(F)(F)F)CC1;CC(=O)N1CCN(CC1)CCOc~~~~~~~~~~~~~~~~~~~~~~~~~~~~~~~~~~~~~~~~
^^[16:32:03] 

~~~~~~~~~~~~~~~~~~~~^[16:32:03] 
[16:32:03] SMILESSMILES Parse Error: [16:32:03]  Parse Error: Failed parsing SMILES 'CC(=O)N1CCN(CCOc2ccc(cc2)C3CCN(CC3)C4=Nn5c(CC4)nnc5C(F)(F)F)CC1;CC(=O)N1CCN(CC1)CCOc2ccc(cc2)C3CCN(CC3)C4=Nn5c(nnc5C(F)(F)F)CC4'SMILESFailed parsing SMILES 'CC(=O)N1CCN(CCOc2ccc(cc2)C3CCN(CC3)C4=Nn5c(CC4)nnc5C(F)(F)F)CC1;CC(=O)N1CCN(CC1)CCOc2ccc(cc2)C3CCN(CC3)C4=Nn5c(nnc5C(F)(F)F)CC4' for input: ' Parse Error:  for input: 'CC(=O)N1CCN(CCOc2ccc(cc2)C3CCN(CC3)C4=Nn5c(CC4)nnc5C(F)(F)F)CC1;CC(=O)N1CCN(CC1)CCOc2ccc(cc2)C3CCN(CC3)C4=Nn5c(nnc5C(F)(F)F)CC4Failed parsing SMILES 'CC(=O)N1CCN(CCOc2ccc(cc2)C3CCN(CC3)C4=Nn5c(CC4)nnc5C(F)(F)F)CC1;CC(=O)N1CCN(CC1)CCOc2ccc(cc2)C3CCN(CC3)C4=Nn5c(nnc5C(F)(F)F)CC4'CC(=O)N1CCN(CCOc2ccc(cc2)C3CCN(CC3)C4=Nn5c(CC4)nnc5C(F)(F)F)CC1;CC(=O)N1CCN(CC1)CCOc2ccc(cc2)C3CCN(CC3)C4=Nn5c(nnc5C(F)(F)F)CC4' for input: ''
CC(=O)N1CCN(CCOc2ccc(cc2)C3CCN(CC3)C4=Nn5c(CC4)nnc5C(F)(F)F)CC1;CC(=O)N1CCN(CC1)CCOc2ccc(cc2)C3CCN(CC3)C4=Nn5c(nnc5C(F)(F)F)CC4
'
[16:32:03] SMILES Parse Error: syntax error while parsing: [16:32:03] CN(C)CC#Cc1ccc(OCCCc2sc(nc2C(=O)O)N3CCc4cccc(C(=O)Nc5nc6ccccc6s5)c4C3)cc1;CN(C)CC#Cc1ccc(cc1)OCCCc2c(nc(s2)N3CCc4cccc(c4C3)C(=O)Nc5nc6ccccc6s5)C(=O)OSMILES Parse Error: 
syntax error[16:32:03] [16:32:03]  while parsing: SMILES Parse Error: SMILES Parse Error: check for mistakes around position CN(C)CC#Cc1ccc(OCCCc2sc(nc2C(=O)O)N3CCc4cccc(C(=O)Nc5nc6ccccc6s5)c4C3)cc1;CN(C)CC#Cc1ccc(cc1)OCCCc2c(nc(s2)N3CCc4cccc(c4C3)C(=O)Nc5nc6ccccc6s5)C(=O)Osyntax error74
 while parsing: :[16:32:03] CN(C)CC#Cc1ccc(OCCCc2sc(nc2C(=O)O)N3CCc4cccc(C(=O)Nc5nc6ccccc6s5)c4C3)cc1;CN(C)CC#Cc1ccc(cc1)OCCCc2c(nc(s2)N3CCc4cccc(c4C3)C(=O)Nc5nc6ccccc6s5)C(=O)O
SMILES Parse Error: check for mistakes around position 
[16:32:03] 74[16:32:03] nc6ccccc6s5)c4C3)cc1;CN(C)CC#Cc1ccc(cc1)O:SMILES Parse Error: check for mistakes around position 

74[16:32:03] [16:32:03] :~~~~~~~~~~~~~~~~~~~~nc6ccccc6s5)c4C3)cc1;CN(C)CC#Cc1ccc(cc1)O
^
[16:32:03] 
[16:32:03] nc6ccccc6s5)c4C3)cc1;CN(C)CC#Cc1ccc(cc1)O~~~~~~~~~~~~~~~~~~~~
[16:32:03] ^[16:32:03] SMILES
~~~~~~~~~~~~~~~~~~~~ Parse Error: ^Failed parsing SMILES 'CN(C)CC#Cc1ccc(OCCCc2sc(nc2C(=O)O)N3CCc4cccc(C(=O)Nc5nc6ccccc6s5)c4C3)cc1;CN(C)CC#Cc1ccc(cc1)OCCCc2c(nc(s2)N3CCc4cccc(c4C3)C(=O)Nc5nc6ccccc6s5)C(=O)O'[16:32:03] 
 for input: 'SMILESCN(C)CC#Cc1ccc(OCCCc2sc(nc2C(=O)O)N3CCc4cccc(C(=O)Nc5nc6ccccc6s5)c4C3)cc1;CN(C)CC#Cc1ccc(cc1)OCCCc2c(nc(s2)N3CCc4cccc(c4C3)C(=O)Nc5nc6ccccc6s5)C(=O)O Parse Error: [16:32:03] 'Failed parsing SMILES 'CN(C)CC#Cc1ccc(OCCCc2sc(nc2C(=O)O)N3CCc4cccc(C(=O)Nc5nc6ccccc6s5)c4C3)cc1;CN(C)CC#Cc1ccc(cc1)OCCCc2c(nc(s2)N3CCc4cccc(c4C3)C(=O)Nc5nc6ccccc6s5)C(=O)O'SMILES
 for input: ' Parse Error: CN(C)CC#Cc1ccc(OCCCc2sc(nc2C(=O)O)N3CCc4cccc(C(=O)Nc5nc6ccccc6s5)c4C3)cc1;CN(C)CC#Cc1ccc(cc1)OCCCc2c(nc(s2)N3CCc4cccc(c4C3)C(=O)Nc5nc6ccccc6s5)C(=O)OFailed parsing SMILES 'CN(C)CC#Cc1ccc(OCCCc2sc(nc2C(=O)O)N3CCc4cccc(C(=O)Nc5nc6ccccc6s5)c4C3)cc1;CN(C)CC#Cc1ccc(cc1)OCCCc2c(nc(s2)N3CCc4cccc(c4C3)C(=O)Nc5nc6ccccc6s5)C(=O)O'' for input: '
CN(C)CC#Cc1ccc(OCCCc2sc(nc2C(=O)O)N3CCc4cccc(C(=O)Nc5nc6ccccc6s5)c4C3)cc1;CN(C)CC#Cc1ccc(cc1)OCCCc2c(nc(s2)N3CCc4cccc(c4C3)C(=O)Nc5nc6ccccc6s5)C(=O)O'
[16:32:03] SMILES Parse Error: syntax error while parsing: CCCS(=O)(=O)Nc1ccc(F)c(C(=O)c2c[nH]c3ncc(cc23)c4cccc(c4)C(=O)N)c1F;CCCS(=O)(=O)Nc1ccc(c(c1F)C(=O)c2c[nH]c3c2cc(cn3)c4cccc(c4)C(=O)N)F
[16:32:03] SMILES Parse Error: check for mistakes around position 67[16:32:03] :SMILES Parse Error: [16:32:03] 
syntax errorSMILES Parse Error: [16:32:03]  while parsing: syntax errorc4cccc(c4)C(=O)N)c1F;CCCS(=O)(=O)Nc1ccc(cCCCS(=O)(=O)Nc1ccc(F)c(C(=O)c2c[nH]c3ncc(cc23)c4cccc(c4)C(=O)N)c1F;CCCS(=O)(=O)Nc1ccc(c(c1F)C(=O)c2c[nH]c3c2cc(cn3)c4cccc(c4)C(=O)N)F while parsing: 

CCCS(=O)(=O)Nc1ccc(F)c(C(=O)c2c[nH]c3ncc(cc23)c4cccc(c4)C(=O)N)c1F;CCCS(=O)(=O)Nc1ccc(c(c1F)C(=O)c2c[nH]c3c2cc(cn3)c4cccc(c4)C(=O)N)F[16:32:03] [16:32:03] 
~~~~~~~~~~~~~~~~~~~~SMILES Parse Error: check for mistakes around position [16:32:03] ^67SMILES Parse Error: check for mistakes around position 
:67
:[16:32:03] [16:32:03] 
SMILESc4cccc(c4)C(=O)N)c1F;CCCS(=O)(=O)Nc1ccc(c[16:32:03]  Parse Error: 
c4cccc(c4)C(=O)N)c1F;CCCS(=O)(=O)Nc1ccc(cFailed parsing SMILES 'CCCS(=O)(=O)Nc1ccc(F)c(C(=O)c2c[nH]c3ncc(cc23)c4cccc(c4)C(=O)N)c1F;CCCS(=O)(=O)Nc1ccc(c(c1F)C(=O)c2c[nH]c3c2cc(cn3)c4cccc(c4)C(=O)N)F'[16:32:03] 
 for input: '~~~~~~~~~~~~~~~~~~~~[16:32:03] CCCS(=O)(=O)Nc1ccc(F)c(C(=O)c2c[nH]c3ncc(cc23)c4cccc(c4)C(=O)N)c1F;CCCS(=O)(=O)Nc1ccc(c(c1F)C(=O)c2c[nH]c3c2cc(cn3)c4cccc(c4)C(=O)N)F^~~~~~~~~~~~~~~~~~~~~'
^

[16:32:03] SMILES Parse Error: [16:32:03] Failed parsing SMILES 'CCCS(=O)(=O)Nc1ccc(F)c(C(=O)c2c[nH]c3ncc(cc23)c4cccc(c4)C(=O)N)c1F;CCCS(=O)(=O)Nc1ccc(c(c1F)C(=O)c2c[nH]c3c2cc(cn3)c4cccc(c4)C(=O)N)F'SMILES for input: ' Parse Error: CCCS(=O)(=O)Nc1ccc(F)c(C(=O)c2c[nH]c3ncc(cc23)c4cccc(c4)C(=O)N)c1F;CCCS(=O)(=O)Nc1ccc(c(c1F)C(=O)c2c[nH]c3c2cc(cn3)c4cccc(c4)C(=O)N)FFailed parsing SMILES 'CCCS(=O)(=O)Nc1ccc(F)c(C(=O)c2c[nH]c3ncc(cc23)c4cccc(c4)C(=O)N)c1F;CCCS(=O)(=O)Nc1ccc(c(c1F)C(=O)c2c[nH]c3c2cc(cn3)c4cccc(c4)C(=O)N)F'' for input: '
CCCS(=O)(=O)Nc1ccc(F)c(C(=O)c2c[nH]c3ncc(cc23)c4cccc(c4)C(=O)N)c1F;CCCS(=O)(=O)Nc1ccc(c(c1F)C(=O)c2c[nH]c3c2cc(cn3)c4cccc(c4)C(=O)N)F'
  0%|          | 0/118 [00:00<?, ?it/s]  0%|          | 0/118 [00:00<?, ?it/s][16:32:03] SMILES Parse Error: syntax error while parsing: [16:32:03] AntibodySMILES Parse Error: 
syntax error[16:32:03]  while parsing: SMILES Parse Error: check for mistakes around position Antibody1
:[16:32:03] 
SMILES Parse Error: check for mistakes around position [16:32:03] 1Antibody:

[16:32:03] [16:32:03] ^Antibody

[16:32:03] ^
[16:32:03] SMILES Parse Error: Failed parsing SMILES 'Antibody'[16:32:03]  for input: 'SMILESAntibody Parse Error: 'Failed parsing SMILES 'Antibody'
 for input: 'Antibody'
 47%|████▋     | 56/118 [00:00<00:00, 555.64it/s] 47%|████▋     | 56/118 [00:00<00:00, 556.96it/s] 48%|████▊     | 57/118 [00:00<00:00, 560.97it/s][16:32:03] SMILES Parse Error: syntax error while parsing: C[C@@]1(O)C[C@@H](C1)c2nc(c3ccc4ccc(nc4c3)c5ccccc5)c6c(N)nccn26;C[C@]1(C[C@@H](C1)c2n3c(c(ncc3)N)c(n2)c4cc5nc(ccc5cc4)c6ccccc6)O
[16:32:03] SMILES Parse Error: check for mistakes around position 64:
[16:32:03] 5ccccc5)c6c(N)nccn26;C[C@]1(C[C@@H](C1)c2
[16:32:03] ~~~~~~~~~~~~~~~~~~~~[16:32:03] ^SMILES Parse Error: 
syntax error while parsing: C[C@@]1(O)C[C@@H](C1)c2nc(c3ccc4ccc(nc4c3)c5ccccc5)c6c(N)nccn26;C[C@]1(C[C@@H](C1)c2n3c(c(ncc3)N)c(n2)c4cc5nc(ccc5cc4)c6ccccc6)O[16:32:03] 
SMILES[16:32:03] [16:32:03]  Parse Error: SMILES Parse Error: SMILES Parse Error: check for mistakes around position Failed parsing SMILES 'C[C@@]1(O)C[C@@H](C1)c2nc(c3ccc4ccc(nc4c3)c5ccccc5)c6c(N)nccn26;C[C@]1(C[C@@H](C1)c2n3c(c(ncc3)N)c(n2)c4cc5nc(ccc5cc4)c6ccccc6)O'syntax error64 for input: ' while parsing: :C[C@@]1(O)C[C@@H](C1)c2nc(c3ccc4ccc(nc4c3)c5ccccc5)c6c(N)nccn26;C[C@]1(C[C@@H](C1)c2n3c(c(ncc3)N)c(n2)c4cc5nc(ccc5cc4)c6ccccc6)OC[C@@]1(O)C[C@@H](C1)c2nc(c3ccc4ccc(nc4c3)c5ccccc5)c6c(N)nccn26;C[C@]1(C[C@@H](C1)c2n3c(c(ncc3)N)c(n2)c4cc5nc(ccc5cc4)c6ccccc6)O
'
[16:32:03] 
[16:32:03] 5ccccc5)c6c(N)nccn26;C[C@]1(C[C@@H](C1)c2SMILES Parse Error: check for mistakes around position 
64[16:32:03] :~~~~~~~~~~~~~~~~~~~~
^[16:32:03] 
5ccccc5)c6c(N)nccn26;C[C@]1(C[C@@H](C1)c2
[16:32:03] [16:32:03] ~~~~~~~~~~~~~~~~~~~~SMILES^ Parse Error: 
Failed parsing SMILES 'C[C@@]1(O)C[C@@H](C1)c2nc(c3ccc4ccc(nc4c3)c5ccccc5)c6c(N)nccn26;C[C@]1(C[C@@H](C1)c2n3c(c(ncc3)N)c(n2)c4cc5nc(ccc5cc4)c6ccccc6)O' for input: 'C[C@@]1(O)C[C@@H](C1)c2nc(c3ccc4ccc(nc4c3)c5ccccc5)c6c(N)nccn26;C[C@]1(C[C@@H](C1)c2n3c(c(ncc3)N)c(n2)c4cc5nc(ccc5cc4)c6ccccc6)O[16:32:03] 'SMILES
 Parse Error: Failed parsing SMILES 'C[C@@]1(O)C[C@@H](C1)c2nc(c3ccc4ccc(nc4c3)c5ccccc5)c6c(N)nccn26;C[C@]1(C[C@@H](C1)c2n3c(c(ncc3)N)c(n2)c4cc5nc(ccc5cc4)c6ccccc6)O' for input: 'C[C@@]1(O)C[C@@H](C1)c2nc(c3ccc4ccc(nc4c3)c5ccccc5)c6c(N)nccn26;C[C@]1(C[C@@H](C1)c2n3c(c(ncc3)N)c(n2)c4cc5nc(ccc5cc4)c6ccccc6)O'
[16:32:03] SMILES Parse Error: syntax error while parsing: OCCONC(=O)c1ccc2cncn2c1Nc3ccc(I)cc3F;c1cc(c(cc1I)F)Nc2c(ccc3n2cnc3)C(=O)NOCCO
[16:32:03] [16:32:03] SMILES Parse Error: SMILES Parse Error: check for mistakes around position [16:32:03] syntax error37SMILES Parse Error:  while parsing: :syntax errorCC(=O)N1CCN(CCOc2ccc(cc2)C3CCN(CC3)C4=Nn5c(CC4)nnc5C(F)(F)F)CC1;CC(=O)N1CCN(CC1)CCOc2ccc(cc2)C3CCN(CC3)C4=Nn5c(nnc5C(F)(F)F)CC4
 while parsing: 
[16:32:03] CC(=O)N1CCN(CCOc2ccc(cc2)C3CCN(CC3)C4=Nn5c(CC4)nnc5C(F)(F)F)CC1;CC(=O)N1CCN(CC1)CCOc2ccc(cc2)C3CCN(CC3)C4=Nn5c(nnc5C(F)(F)F)CC4[16:32:03] cncn2c1Nc3ccc(I)cc3F;c1cc(c(cc1I)F)Nc2c(c
SMILES Parse Error: check for mistakes around position 
[16:32:03] 64[16:32:03] [16:32:03] SMILES Parse Error: check for mistakes around position :SMILES Parse Error: ~~~~~~~~~~~~~~~~~~~~64
syntax error^[16:32:03] :[16:32:03]  while parsing: 
SMILES Parse Error: 
CC4)nnc5C(F)(F)F)CC1;CC(=O)N1CCN(CC1)CCOcOCCONC(=O)c1ccc2cncn2c1Nc3ccc(I)cc3F;c1cc(c(cc1I)F)Nc2c(ccc3n2cnc3)C(=O)NOCCOsyntax error[16:32:03] [16:32:03] 

 while parsing: CC4)nnc5C(F)(F)F)CC1;CC(=O)N1CCN(CC1)CCOcSMILES[16:32:03] [16:32:03] OCCONC(=O)c1ccc2cncn2c1Nc3ccc(I)cc3F;c1cc(c(cc1I)F)Nc2c(ccc3n2cnc3)C(=O)NOCCO
 Parse Error: ~~~~~~~~~~~~~~~~~~~~SMILES Parse Error: check for mistakes around position 
[16:32:03] Failed parsing SMILES 'OCCONC(=O)c1ccc2cncn2c1Nc3ccc(I)cc3F;c1cc(c(cc1I)F)Nc2c(ccc3n2cnc3)C(=O)NOCCO'^37[16:32:03] ~~~~~~~~~~~~~~~~~~~~ for input: '
:SMILES Parse Error: check for mistakes around position ^OCCONC(=O)c1ccc2cncn2c1Nc3ccc(I)cc3F;c1cc(c(cc1I)F)Nc2c(ccc3n2cnc3)C(=O)NOCCO
37[16:32:03] 
'[16:32:03] :SMILES
cncn2c1Nc3ccc(I)cc3F;c1cc(c(cc1I)F)Nc2c(c[16:32:03] 
 Parse Error: 
SMILES[16:32:03] Failed parsing SMILES 'CC(=O)N1CCN(CCOc2ccc(cc2)C3CCN(CC3)C4=Nn5c(CC4)nnc5C(F)(F)F)CC1;CC(=O)N1CCN(CC1)CCOc2ccc(cc2)C3CCN(CC3)C4=Nn5c(nnc5C(F)(F)F)CC4'[16:32:03]  Parse Error: cncn2c1Nc3ccc(I)cc3F;c1cc(c(cc1I)F)Nc2c(c for input: '~~~~~~~~~~~~~~~~~~~~Failed parsing SMILES 'CC(=O)N1CCN(CCOc2ccc(cc2)C3CCN(CC3)C4=Nn5c(CC4)nnc5C(F)(F)F)CC1;CC(=O)N1CCN(CC1)CCOc2ccc(cc2)C3CCN(CC3)C4=Nn5c(nnc5C(F)(F)F)CC4'
CC(=O)N1CCN(CCOc2ccc(cc2)C3CCN(CC3)C4=Nn5c(CC4)nnc5C(F)(F)F)CC1;CC(=O)N1CCN(CC1)CCOc2ccc(cc2)C3CCN(CC3)C4=Nn5c(nnc5C(F)(F)F)CC4^ for input: '[16:32:03] '
CC(=O)N1CCN(CCOc2ccc(cc2)C3CCN(CC3)C4=Nn5c(CC4)nnc5C(F)(F)F)CC1;CC(=O)N1CCN(CC1)CCOc2ccc(cc2)C3CCN(CC3)C4=Nn5c(nnc5C(F)(F)F)CC4~~~~~~~~~~~~~~~~~~~~
'^[16:32:03] 

SMILES Parse Error: Failed parsing SMILES 'OCCONC(=O)c1ccc2cncn2c1Nc3ccc(I)cc3F;c1cc(c(cc1I)F)Nc2c(ccc3n2cnc3)C(=O)NOCCO'[16:32:03]  for input: 'SMILESOCCONC(=O)c1ccc2cncn2c1Nc3ccc(I)cc3F;c1cc(c(cc1I)F)Nc2c(ccc3n2cnc3)C(=O)NOCCO Parse Error: 'Failed parsing SMILES 'OCCONC(=O)c1ccc2cncn2c1Nc3ccc(I)cc3F;c1cc(c(cc1I)F)Nc2c(ccc3n2cnc3)C(=O)NOCCO'
 for input: 'OCCONC(=O)c1ccc2cncn2c1Nc3ccc(I)cc3F;c1cc(c(cc1I)F)Nc2c(ccc3n2cnc3)C(=O)NOCCO'
[16:32:03] SMILES Parse Error: syntax error while parsing: CN(C)CC#Cc1ccc(OCCCc2sc(nc2C(=O)O)N3CCc4cccc(C(=O)Nc5nc6ccccc6s5)c4C3)cc1;CN(C)CC#Cc1ccc(cc1)OCCCc2c(nc(s2)N3CCc4cccc(c4C3)C(=O)Nc5nc6ccccc6s5)C(=O)O
[16:32:03] SMILES Parse Error: check for mistakes around position [16:32:03] 74SMILES Parse Error: :syntax error
 while parsing: [16:32:03] CN(C)CC#Cc1ccc(OCCCc2sc(nc2C(=O)O)N3CCc4cccc(C(=O)Nc5nc6ccccc6s5)c4C3)cc1;CN(C)CC#Cc1ccc(cc1)OCCCc2c(nc(s2)N3CCc4cccc(c4C3)C(=O)Nc5nc6ccccc6s5)C(=O)Onc6ccccc6s5)c4C3)cc1;CN(C)CC#Cc1ccc(cc1)O

[16:32:03] [16:32:03] SMILES Parse Error: check for mistakes around position ~~~~~~~~~~~~~~~~~~~~74^:

[16:32:03] nc6ccccc6s5)c4C3)cc1;CN(C)CC#Cc1ccc(cc1)O[16:32:03] 
SMILES[16:32:03]  Parse Error: ~~~~~~~~~~~~~~~~~~~~Failed parsing SMILES 'CN(C)CC#Cc1ccc(OCCCc2sc(nc2C(=O)O)N3CCc4cccc(C(=O)Nc5nc6ccccc6s5)c4C3)cc1;CN(C)CC#Cc1ccc(cc1)OCCCc2c(nc(s2)N3CCc4cccc(c4C3)C(=O)Nc5nc6ccccc6s5)C(=O)O'^ for input: '
CN(C)CC#Cc1ccc(OCCCc2sc(nc2C(=O)O)N3CCc4cccc(C(=O)Nc5nc6ccccc6s5)c4C3)cc1;CN(C)CC#Cc1ccc(cc1)OCCCc2c(nc(s2)N3CCc4cccc(c4C3)C(=O)Nc5nc6ccccc6s5)C(=O)O'
[16:32:03] SMILES Parse Error: Failed parsing SMILES 'CN(C)CC#Cc1ccc(OCCCc2sc(nc2C(=O)O)N3CCc4cccc(C(=O)Nc5nc6ccccc6s5)c4C3)cc1;CN(C)CC#Cc1ccc(cc1)OCCCc2c(nc(s2)N3CCc4cccc(c4C3)C(=O)Nc5nc6ccccc6s5)C(=O)O' for input: 'CN(C)CC#Cc1ccc(OCCCc2sc(nc2C(=O)O)N3CCc4cccc(C(=O)Nc5nc6ccccc6s5)c4C3)cc1;CN(C)CC#Cc1ccc(cc1)OCCCc2c(nc(s2)N3CCc4cccc(c4C3)C(=O)Nc5nc6ccccc6s5)C(=O)O'
[16:32:03] SMILES Parse Error: syntax error while parsing: CCCS(=O)(=O)Nc1ccc(F)c(C(=O)c2c[nH]c3ncc(cc23)c4cccc(c4)C(=O)N)c1F;CCCS(=O)(=O)Nc1ccc(c(c1F)C(=O)c2c[nH]c3c2cc(cn3)c4cccc(c4)C(=O)N)F
[16:32:03] [16:32:03] SMILES Parse Error: check for mistakes around position SMILES Parse Error: 67syntax error: while parsing: 
CCCS(=O)(=O)Nc1ccc(F)c(C(=O)c2c[nH]c3ncc(cc23)c4cccc(c4)C(=O)N)c1F;CCCS(=O)(=O)Nc1ccc(c(c1F)C(=O)c2c[nH]c3c2cc(cn3)c4cccc(c4)C(=O)N)F[16:32:03] 
c4cccc(c4)C(=O)N)c1F;CCCS(=O)(=O)Nc1ccc(c[16:32:03] 
SMILES Parse Error: check for mistakes around position [16:32:03] 67~~~~~~~~~~~~~~~~~~~~:^

[16:32:03] c4cccc(c4)C(=O)N)c1F;CCCS(=O)(=O)Nc1ccc(c
[16:32:03] [16:32:03] SMILES~~~~~~~~~~~~~~~~~~~~ Parse Error: ^Failed parsing SMILES 'CCCS(=O)(=O)Nc1ccc(F)c(C(=O)c2c[nH]c3ncc(cc23)c4cccc(c4)C(=O)N)c1F;CCCS(=O)(=O)Nc1ccc(c(c1F)C(=O)c2c[nH]c3c2cc(cn3)c4cccc(c4)C(=O)N)F'
 for input: 'CCCS(=O)(=O)Nc1ccc(F)c(C(=O)c2c[nH]c3ncc(cc23)c4cccc(c4)C(=O)N)c1F;CCCS(=O)(=O)Nc1ccc(c(c1F)C(=O)c2c[nH]c3c2cc(cn3)c4cccc(c4)C(=O)N)F'[16:32:03] 
SMILES Parse Error: Failed parsing SMILES 'CCCS(=O)(=O)Nc1ccc(F)c(C(=O)c2c[nH]c3ncc(cc23)c4cccc(c4)C(=O)N)c1F;CCCS(=O)(=O)Nc1ccc(c(c1F)C(=O)c2c[nH]c3c2cc(cn3)c4cccc(c4)C(=O)N)F' for input: 'CCCS(=O)(=O)Nc1ccc(F)c(C(=O)c2c[nH]c3ncc(cc23)c4cccc(c4)C(=O)N)c1F;CCCS(=O)(=O)Nc1ccc(c(c1F)C(=O)c2c[nH]c3c2cc(cn3)c4cccc(c4)C(=O)N)F'
[16:32:03] SMILES Parse Error: syntax error while parsing: CS(=O)(=O)c1ccc(Nc2cncc(n2)c3cnc4ccccn34)cc1;CS(=O)(=O)c1ccc(cc1)Nc2cncc(n2)c3cnc4n3cccc4
[16:32:03] SMILES Parse Error: check for mistakes around position 45:
[16:32:03] n2)c3cnc4ccccn34)cc1;CS(=O)(=O)c1ccc(cc1)
[16:32:03] ~~~~~~~~~~~~~~~~~~~~^
[16:32:03] SMILES Parse Error: Failed parsing SMILES 'CS(=O)(=O)c1ccc(Nc2cncc(n2)c3cnc4ccccn34)cc1;CS(=O)(=O)c1ccc(cc1)Nc2cncc(n2)c3cnc4n3cccc4' for input: 'CS(=O)(=O)c1ccc(Nc2cncc(n2)c3cnc4ccccn34)cc1;CS(=O)(=O)c1ccc(cc1)Nc2cncc(n2)c3cnc4n3cccc4'
[16:32:03] SMILES Parse Error: syntax error while parsing: CS(=O)(=O)c1ccc(Nc2cncc(n2)c3cnc4ccccn34)cc1;CS(=O)(=O)c1ccc(cc1)Nc2cncc(n2)c3cnc4n3cccc4
[16:32:03] [16:32:03] SMILES Parse Error: SMILES Parse Error: check for mistakes around position syntax error45 while parsing: :CS(=O)(=O)c1ccc(Nc2cncc(n2)c3cnc4ccccn34)cc1;CS(=O)(=O)c1ccc(cc1)Nc2cncc(n2)c3cnc4n3cccc4

[16:32:03] [16:32:03] n2)c3cnc4ccccn34)cc1;CS(=O)(=O)c1ccc(cc1)SMILES Parse Error: check for mistakes around position 
45[16:32:03] :~~~~~~~~~~~~~~~~~~~~
^[16:32:03] 
n2)c3cnc4ccccn34)cc1;CS(=O)(=O)c1ccc(cc1)
[16:32:03] [16:32:03] SMILES~~~~~~~~~~~~~~~~~~~~ Parse Error: ^Failed parsing SMILES 'CS(=O)(=O)c1ccc(Nc2cncc(n2)c3cnc4ccccn34)cc1;CS(=O)(=O)c1ccc(cc1)Nc2cncc(n2)c3cnc4n3cccc4'
 for input: 'CS(=O)(=O)c1ccc(Nc2cncc(n2)c3cnc4ccccn34)cc1;CS(=O)(=O)c1ccc(cc1)Nc2cncc(n2)c3cnc4n3cccc4[16:32:03] 'SMILES
 Parse Error: Failed parsing SMILES 'CS(=O)(=O)c1ccc(Nc2cncc(n2)c3cnc4ccccn34)cc1;CS(=O)(=O)c1ccc(cc1)Nc2cncc(n2)c3cnc4n3cccc4' for input: 'CS(=O)(=O)c1ccc(Nc2cncc(n2)c3cnc4ccccn34)cc1;CS(=O)(=O)c1ccc(cc1)Nc2cncc(n2)c3cnc4n3cccc4'
100%|██████████| 118/118 [00:00<00:00, 622.35it/s]
[16:32:03] SMILES Parse Error: syntax error while parsing: 100%|██████████| 118/118 [00:00<00:00, 608.49it/s]C[C@@]1(O)C[C@@H](C1)c2nc(c3ccc4ccc(nc4c3)c5ccccc5)c6c(N)nccn26;C[C@]1(C[C@@H](C1)c2n3c(c(ncc3)N)c(n2)c4cc5nc(ccc5cc4)c6ccccc6)O

[16:32:03] SMILES Parse Error: check for mistakes around position 64:
[16:32:03] 5ccccc5)c6c(N)nccn26;C[C@]1(C[C@@H](C1)c2
[16:32:03] ~~~~~~~~~~~~~~~~~~~~^
 50%|█████     | 59/118 [00:00<00:00, 583.19it/s]100%|██████████| 118/118 [00:00<00:00, 607.32it/s][16:32:03] 
SMILES[16:32:03]  Parse Error: SMILES Parse Error: Failed parsing SMILES 'C[C@@]1(O)C[C@@H](C1)c2nc(c3ccc4ccc(nc4c3)c5ccccc5)c6c(N)nccn26;C[C@]1(C[C@@H](C1)c2n3c(c(ncc3)N)c(n2)c4cc5nc(ccc5cc4)c6ccccc6)O'syntax error for input: ' while parsing: C[C@@]1(O)C[C@@H](C1)c2nc(c3ccc4ccc(nc4c3)c5ccccc5)c6c(N)nccn26;C[C@]1(C[C@@H](C1)c2n3c(c(ncc3)N)c(n2)c4cc5nc(ccc5cc4)c6ccccc6)OC[C@@]1(O)C[C@@H](C1)c2nc(c3ccc4ccc(nc4c3)c5ccccc5)c6c(N)nccn26;C[C@]1(C[C@@H](C1)c2n3c(c(ncc3)N)c(n2)c4cc5nc(ccc5cc4)c6ccccc6)O'

[16:32:03] SMILES Parse Error: check for mistakes around position 64:
[16:32:03] 5ccccc5)c6c(N)nccn26;C[C@]1(C[C@@H](C1)c2 51%|█████     | 60/118 [00:00<00:00, 580.61it/s]
[16:32:03] ~~~~~~~~~~~~~~~~~~~~^
[16:32:03] SMILES Parse Error: Failed parsing SMILES 'C[C@@]1(O)C[C@@H](C1)c2nc(c3ccc4ccc(nc4c3)c5ccccc5)c6c(N)nccn26;C[C@]1(C[C@@H](C1)c2n3c(c(ncc3)N)c(n2)c4cc5nc(ccc5cc4)c6ccccc6)O' for input: 'C[C@@]1(O)C[C@@H](C1)c2nc(c3ccc4ccc(nc4c3)c5ccccc5)c6c(N)nccn26;C[C@]1(C[C@@H](C1)c2n3c(c(ncc3)N)c(n2)c4cc5nc(ccc5cc4)c6ccccc6)O'
[16:32:03] SMILES Parse Error: syntax error while parsing: OCCONC(=O)c1ccc2cncn2c1Nc3ccc(I)cc3F;c1cc(c(cc1I)F)Nc2c(ccc3n2cnc3)C(=O)NOCCO
[16:32:03] SMILES Parse Error: check for mistakes around position 37:
[16:32:03] cncn2c1Nc3ccc(I)cc3F;c1cc(c(cc1I)F)Nc2c(c
[16:32:03] ~~~~~~~~~~~~~~~~~~~~^
[16:32:03] [16:32:03] SMILESSMILES Parse Error:  Parse Error: syntax errorFailed parsing SMILES 'OCCONC(=O)c1ccc2cncn2c1Nc3ccc(I)cc3F;c1cc(c(cc1I)F)Nc2c(ccc3n2cnc3)C(=O)NOCCO' while parsing:  for input: 'OCCONC(=O)c1ccc2cncn2c1Nc3ccc(I)cc3F;c1cc(c(cc1I)F)Nc2c(ccc3n2cnc3)C(=O)NOCCOOCCONC(=O)c1ccc2cncn2c1Nc3ccc(I)cc3F;c1cc(c(cc1I)F)Nc2c(ccc3n2cnc3)C(=O)NOCCO
'[16:32:03] 
SMILES Parse Error: check for mistakes around position 37:
[16:32:03] cncn2c1Nc3ccc(I)cc3F;c1cc(c(cc1I)F)Nc2c(c
[16:32:03] ~~~~~~~~~~~~~~~~~~~~^
[16:32:03] SMILES Parse Error: Failed parsing SMILES 'OCCONC(=O)c1ccc2cncn2c1Nc3ccc(I)cc3F;c1cc(c(cc1I)F)Nc2c(ccc3n2cnc3)C(=O)NOCCO' for input: 'OCCONC(=O)c1ccc2cncn2c1Nc3ccc(I)cc3F;c1cc(c(cc1I)F)Nc2c(ccc3n2cnc3)C(=O)NOCCO'
[16:32:03] SMILES Parse Error: syntax error while parsing: CS(=O)(=O)c1ccc(Nc2cncc(n2)c3cnc4ccccn34)cc1;CS(=O)(=O)c1ccc(cc1)Nc2cncc(n2)c3cnc4n3cccc4
[16:32:03] SMILES Parse Error: check for mistakes around position 45:
[16:32:03] n2)c3cnc4ccccn34)cc1;CS(=O)(=O)c1ccc(cc1)
[16:32:03] ~~~~~~~~~~~~~~~~~~~~[16:32:03] ^SMILES Parse Error: 
syntax error while parsing: [16:32:03] CS(=O)(=O)c1ccc(Nc2cncc(n2)c3cnc4ccccn34)cc1;CS(=O)(=O)c1ccc(cc1)Nc2cncc(n2)c3cnc4n3cccc4SMILES
 Parse Error: [16:32:03] Failed parsing SMILES 'CS(=O)(=O)c1ccc(Nc2cncc(n2)c3cnc4ccccn34)cc1;CS(=O)(=O)c1ccc(cc1)Nc2cncc(n2)c3cnc4n3cccc4'SMILES Parse Error: check for mistakes around position  for input: '45CS(=O)(=O)c1ccc(Nc2cncc(n2)c3cnc4ccccn34)cc1;CS(=O)(=O)c1ccc(cc1)Nc2cncc(n2)c3cnc4n3cccc4:'

[16:32:03] n2)c3cnc4ccccn34)cc1;CS(=O)(=O)c1ccc(cc1)
[16:32:03] ~~~~~~~~~~~~~~~~~~~~^
[16:32:03] SMILES Parse Error: Failed parsing SMILES 'CS(=O)(=O)c1ccc(Nc2cncc(n2)c3cnc4ccccn34)cc1;CS(=O)(=O)c1ccc(cc1)Nc2cncc(n2)c3cnc4n3cccc4' for input: 'CS(=O)(=O)c1ccc(Nc2cncc(n2)c3cnc4ccccn34)cc1;CS(=O)(=O)c1ccc(cc1)Nc2cncc(n2)c3cnc4n3cccc4'
100%|██████████| 118/118 [00:00<00:00, 633.48it/s]
100%|██████████| 118/118 [00:00<00:00, 628.36it/s]
/scratch/phys/sin/gonzalm9/tabular_molec/cat_drug_synergy/./src/model/evaluation.py:85: ConstantInputWarning: An input array is constant; the correlation coefficient is not defined.
  rho_i, _ = pearsonr(y_pred[mask], y_true[mask])
/scratch/phys/sin/gonzalm9/tabular_molec/cat_drug_synergy/./src/model/evaluation.py:85: ConstantInputWarning: An input array is constant; the correlation coefficient is not defined.
  rho_i, _ = pearsonr(y_pred[mask], y_true[mask])
/scratch/phys/sin/gonzalm9/tabular_molec/cat_drug_synergy/./src/model/evaluation.py:85: ConstantInputWarning: An input array is constant; the correlation coefficient is not defined.
  rho_i, _ = pearsonr(y_pred[mask], y_true[mask])
/scratch/phys/sin/gonzalm9/tabular_molec/cat_drug_synergy/./src/model/evaluation.py:85: ConstantInputWarning: An input array is constant; the correlation coefficient is not defined.
  rho_i, _ = pearsonr(y_pred[mask], y_true[mask])
/scratch/phys/sin/gonzalm9/tabular_molec/cat_drug_synergy/./src/model/evaluation.py:85: ConstantInputWarning: An input array is constant; the correlation coefficient is not defined.
  rho_i, _ = pearsonr(y_pred[mask], y_true[mask])
/scratch/phys/sin/gonzalm9/tabular_molec/cat_drug_synergy/./src/model/evaluation.py:85: ConstantInputWarning: An input array is constant; the correlation coefficient is not defined.
  rho_i, _ = pearsonr(y_pred[mask], y_true[mask])
/scratch/phys/sin/gonzalm9/tabular_molec/cat_drug_synergy/./src/model/evaluation.py:85: ConstantInputWarning: An input array is constant; the correlation coefficient is not defined.
  rho_i, _ = pearsonr(y_pred[mask], y_true[mask])
/scratch/phys/sin/gonzalm9/tabular_molec/cat_drug_synergy/./src/model/evaluation.py:85: ConstantInputWarning: An input array is constant; the correlation coefficient is not defined.
  rho_i, _ = pearsonr(y_pred[mask], y_true[mask])
/scratch/phys/sin/gonzalm9/tabular_molec/cat_drug_synergy/./src/model/evaluation.py:85: ConstantInputWarning: An input array is constant; the correlation coefficient is not defined.
  rho_i, _ = pearsonr(y_pred[mask], y_true[mask])
/scratch/phys/sin/gonzalm9/tabular_molec/cat_drug_synergy/./src/model/evaluation.py:85: ConstantInputWarning: An input array is constant; the correlation coefficient is not defined.
  rho_i, _ = pearsonr(y_pred[mask], y_true[mask])
/scratch/phys/sin/gonzalm9/tabular_molec/cat_drug_synergy/./src/model/evaluation.py:85: ConstantInputWarning: An input array is constant; the correlation coefficient is not defined.
  rho_i, _ = pearsonr(y_pred[mask], y_true[mask])
/scratch/phys/sin/gonzalm9/tabular_molec/cat_drug_synergy/./src/model/evaluation.py:85: ConstantInputWarning: An input array is constant; the correlation coefficient is not defined.
  rho_i, _ = pearsonr(y_pred[mask], y_true[mask])
/scratch/phys/sin/gonzalm9/tabular_molec/cat_drug_synergy/./src/model/evaluation.py:85: ConstantInputWarning: An input array is constant; the correlation coefficient is not defined.
  rho_i, _ = pearsonr(y_pred[mask], y_true[mask])
/scratch/phys/sin/gonzalm9/tabular_molec/cat_drug_synergy/./src/model/evaluation.py:85: ConstantInputWarning: An input array is constant; the correlation coefficient is not defined.
  rho_i, _ = pearsonr(y_pred[mask], y_true[mask])
/scratch/phys/sin/gonzalm9/tabular_molec/cat_drug_synergy/./src/model/evaluation.py:85: ConstantInputWarning: An input array is constant; the correlation coefficient is not defined.
  rho_i, _ = pearsonr(y_pred[mask], y_true[mask])
/scratch/phys/sin/gonzalm9/tabular_molec/cat_drug_synergy/./src/model/evaluation.py:85: ConstantInputWarning: An input array is constant; the correlation coefficient is not defined.
  rho_i, _ = pearsonr(y_pred[mask], y_true[mask])
/scratch/phys/sin/gonzalm9/tabular_molec/cat_drug_synergy/./src/model/evaluation.py:85: ConstantInputWarning: An input array is constant; the correlation coefficient is not defined.
  rho_i, _ = pearsonr(y_pred[mask], y_true[mask])
/scratch/phys/sin/gonzalm9/tabular_molec/cat_drug_synergy/./src/model/evaluation.py:85: ConstantInputWarning: An input array is constant; the correlation coefficient is not defined.
  rho_i, _ = pearsonr(y_pred[mask], y_true[mask])
