[rank: 0] Seed set to 4
  0%|          | 0/118 [00:00<?, ?it/s][16:17:17] SMILES Parse Error: syntax error while parsing: Antibody
[16:17:17] SMILES Parse Error: check for mistakes around position 1:
[16:17:17] Antibody
[16:17:17] ^
[16:17:17] SMILES Parse Error: Failed parsing SMILES 'Antibody' for input: 'Antibody'
[16:17:17] SMILES Parse Error: syntax error while parsing: CC(=O)N1CCN(CCOc2ccc(cc2)C3CCN(CC3)C4=Nn5c(CC4)nnc5C(F)(F)F)CC1;CC(=O)N1CCN(CC1)CCOc2ccc(cc2)C3CCN(CC3)C4=Nn5c(nnc5C(F)(F)F)CC4
[16:17:17] SMILES Parse Error: check for mistakes around position 64:
[16:17:17] CC4)nnc5C(F)(F)F)CC1;CC(=O)N1CCN(CC1)CCOc
[16:17:17] ~~~~~~~~~~~~~~~~~~~~^
[16:17:17] SMILES Parse Error: Failed parsing SMILES 'CC(=O)N1CCN(CCOc2ccc(cc2)C3CCN(CC3)C4=Nn5c(CC4)nnc5C(F)(F)F)CC1;CC(=O)N1CCN(CC1)CCOc2ccc(cc2)C3CCN(CC3)C4=Nn5c(nnc5C(F)(F)F)CC4' for input: 'CC(=O)N1CCN(CCOc2ccc(cc2)C3CCN(CC3)C4=Nn5c(CC4)nnc5C(F)(F)F)CC1;CC(=O)N1CCN(CC1)CCOc2ccc(cc2)C3CCN(CC3)C4=Nn5c(nnc5C(F)(F)F)CC4'
[16:17:17] SMILES Parse Error: syntax error while parsing: CN(C)CC#Cc1ccc(OCCCc2sc(nc2C(=O)O)N3CCc4cccc(C(=O)Nc5nc6ccccc6s5)c4C3)cc1;CN(C)CC#Cc1ccc(cc1)OCCCc2c(nc(s2)N3CCc4cccc(c4C3)C(=O)Nc5nc6ccccc6s5)C(=O)O
[16:17:17] SMILES Parse Error: check for mistakes around position 74:
[16:17:17] nc6ccccc6s5)c4C3)cc1;CN(C)CC#Cc1ccc(cc1)O
[16:17:17] ~~~~~~~~~~~~~~~~~~~~^
[16:17:17] SMILES Parse Error: Failed parsing SMILES 'CN(C)CC#Cc1ccc(OCCCc2sc(nc2C(=O)O)N3CCc4cccc(C(=O)Nc5nc6ccccc6s5)c4C3)cc1;CN(C)CC#Cc1ccc(cc1)OCCCc2c(nc(s2)N3CCc4cccc(c4C3)C(=O)Nc5nc6ccccc6s5)C(=O)O' for input: 'CN(C)CC#Cc1ccc(OCCCc2sc(nc2C(=O)O)N3CCc4cccc(C(=O)Nc5nc6ccccc6s5)c4C3)cc1;CN(C)CC#Cc1ccc(cc1)OCCCc2c(nc(s2)N3CCc4cccc(c4C3)C(=O)Nc5nc6ccccc6s5)C(=O)O'
[16:17:17] SMILES Parse Error: syntax error while parsing: CCCS(=O)(=O)Nc1ccc(F)c(C(=O)c2c[nH]c3ncc(cc23)c4cccc(c4)C(=O)N)c1F;CCCS(=O)(=O)Nc1ccc(c(c1F)C(=O)c2c[nH]c3c2cc(cn3)c4cccc(c4)C(=O)N)F
[16:17:17] SMILES Parse Error: check for mistakes around position 67:
[16:17:17] c4cccc(c4)C(=O)N)c1F;CCCS(=O)(=O)Nc1ccc(c
[16:17:17] ~~~~~~~~~~~~~~~~~~~~^
[16:17:17] SMILES Parse Error: Failed parsing SMILES 'CCCS(=O)(=O)Nc1ccc(F)c(C(=O)c2c[nH]c3ncc(cc23)c4cccc(c4)C(=O)N)c1F;CCCS(=O)(=O)Nc1ccc(c(c1F)C(=O)c2c[nH]c3c2cc(cn3)c4cccc(c4)C(=O)N)F' for input: 'CCCS(=O)(=O)Nc1ccc(F)c(C(=O)c2c[nH]c3ncc(cc23)c4cccc(c4)C(=O)N)c1F;CCCS(=O)(=O)Nc1ccc(c(c1F)C(=O)c2c[nH]c3c2cc(cn3)c4cccc(c4)C(=O)N)F'
[16:17:17] SMILES Parse Error: syntax error while parsing: C[C@@]1(O)C[C@@H](C1)c2nc(c3ccc4ccc(nc4c3)c5ccccc5)c6c(N)nccn26;C[C@]1(C[C@@H](C1)c2n3c(c(ncc3)N)c(n2)c4cc5nc(ccc5cc4)c6ccccc6)O
[16:17:17] SMILES Parse Error: check for mistakes around position 64:
[16:17:17] 5ccccc5)c6c(N)nccn26;C[C@]1(C[C@@H](C1)c2
[16:17:17] ~~~~~~~~~~~~~~~~~~~~^
[16:17:17] SMILES Parse Error: Failed parsing SMILES 'C[C@@]1(O)C[C@@H](C1)c2nc(c3ccc4ccc(nc4c3)c5ccccc5)c6c(N)nccn26;C[C@]1(C[C@@H](C1)c2n3c(c(ncc3)N)c(n2)c4cc5nc(ccc5cc4)c6ccccc6)O' for input: 'C[C@@]1(O)C[C@@H](C1)c2nc(c3ccc4ccc(nc4c3)c5ccccc5)c6c(N)nccn26;C[C@]1(C[C@@H](C1)c2n3c(c(ncc3)N)c(n2)c4cc5nc(ccc5cc4)c6ccccc6)O'
[16:17:17] SMILES Parse Error: syntax error while parsing: OCCONC(=O)c1ccc2cncn2c1Nc3ccc(I)cc3F;c1cc(c(cc1I)F)Nc2c(ccc3n2cnc3)C(=O)NOCCO
[16:17:17] SMILES Parse Error: check for mistakes around position 37:
[16:17:17] cncn2c1Nc3ccc(I)cc3F;c1cc(c(cc1I)F)Nc2c(c
[16:17:17] ~~~~~~~~~~~~~~~~~~~~^
[16:17:17] SMILES Parse Error: Failed parsing SMILES 'OCCONC(=O)c1ccc2cncn2c1Nc3ccc(I)cc3F;c1cc(c(cc1I)F)Nc2c(ccc3n2cnc3)C(=O)NOCCO' for input: 'OCCONC(=O)c1ccc2cncn2c1Nc3ccc(I)cc3F;c1cc(c(cc1I)F)Nc2c(ccc3n2cnc3)C(=O)NOCCO'
 64%|██████▍   | 76/118 [00:00<00:00, 753.06it/s][16:17:17] SMILES Parse Error: syntax error while parsing: CS(=O)(=O)c1ccc(Nc2cncc(n2)c3cnc4ccccn34)cc1;CS(=O)(=O)c1ccc(cc1)Nc2cncc(n2)c3cnc4n3cccc4
[16:17:17] SMILES Parse Error: check for mistakes around position 45:
[16:17:17] n2)c3cnc4ccccn34)cc1;CS(=O)(=O)c1ccc(cc1)
[16:17:17] ~~~~~~~~~~~~~~~~~~~~^
[16:17:17] SMILES Parse Error: Failed parsing SMILES 'CS(=O)(=O)c1ccc(Nc2cncc(n2)c3cnc4ccccn34)cc1;CS(=O)(=O)c1ccc(cc1)Nc2cncc(n2)c3cnc4n3cccc4' for input: 'CS(=O)(=O)c1ccc(Nc2cncc(n2)c3cnc4ccccn34)cc1;CS(=O)(=O)c1ccc(cc1)Nc2cncc(n2)c3cnc4n3cccc4'
100%|██████████| 118/118 [00:00<00:00, 811.19it/s]
[rank: 0] Seed set to 4
[rank: 0] Seed set to 4
[rank: 0] Seed set to 4
[rank: 0] Seed set to 4
[rank: 0] Seed set to 4
[rank: 0] Seed set to 4
[rank: 0] Seed set to 4
[rank: 0] Seed set to 4
[rank: 0] Seed set to 4
  0%|          | 0/118 [00:00<?, ?it/s][16:20:12] SMILES Parse Error: syntax error while parsing: Antibody
[16:20:12] SMILES Parse Error: check for mistakes around position 1:
[16:20:12] Antibody
[16:20:12] ^
[16:20:12] SMILES Parse Error: Failed parsing SMILES 'Antibody' for input: 'Antibody'
[16:20:12] SMILES Parse Error: syntax error while parsing: CC(=O)N1CCN(CCOc2ccc(cc2)C3CCN(CC3)C4=Nn5c(CC4)nnc5C(F)(F)F)CC1;CC(=O)N1CCN(CC1)CCOc2ccc(cc2)C3CCN(CC3)C4=Nn5c(nnc5C(F)(F)F)CC4
[16:20:12] SMILES Parse Error: check for mistakes around position 64:
[16:20:12] CC4)nnc5C(F)(F)F)CC1;CC(=O)N1CCN(CC1)CCOc
[16:20:12] ~~~~~~~~~~~~~~~~~~~~^
[16:20:12] SMILES Parse Error: Failed parsing SMILES 'CC(=O)N1CCN(CCOc2ccc(cc2)C3CCN(CC3)C4=Nn5c(CC4)nnc5C(F)(F)F)CC1;CC(=O)N1CCN(CC1)CCOc2ccc(cc2)C3CCN(CC3)C4=Nn5c(nnc5C(F)(F)F)CC4' for input: 'CC(=O)N1CCN(CCOc2ccc(cc2)C3CCN(CC3)C4=Nn5c(CC4)nnc5C(F)(F)F)CC1;CC(=O)N1CCN(CC1)CCOc2ccc(cc2)C3CCN(CC3)C4=Nn5c(nnc5C(F)(F)F)CC4'
[16:20:12] SMILES Parse Error: syntax error while parsing: CN(C)CC#Cc1ccc(OCCCc2sc(nc2C(=O)O)N3CCc4cccc(C(=O)Nc5nc6ccccc6s5)c4C3)cc1;CN(C)CC#Cc1ccc(cc1)OCCCc2c(nc(s2)N3CCc4cccc(c4C3)C(=O)Nc5nc6ccccc6s5)C(=O)O
[16:20:12] SMILES Parse Error: check for mistakes around position 74:
[16:20:12] nc6ccccc6s5)c4C3)cc1;CN(C)CC#Cc1ccc(cc1)O
[16:20:12] ~~~~~~~~~~~~~~~~~~~~^
[16:20:12] SMILES Parse Error: Failed parsing SMILES 'CN(C)CC#Cc1ccc(OCCCc2sc(nc2C(=O)O)N3CCc4cccc(C(=O)Nc5nc6ccccc6s5)c4C3)cc1;CN(C)CC#Cc1ccc(cc1)OCCCc2c(nc(s2)N3CCc4cccc(c4C3)C(=O)Nc5nc6ccccc6s5)C(=O)O' for input: 'CN(C)CC#Cc1ccc(OCCCc2sc(nc2C(=O)O)N3CCc4cccc(C(=O)Nc5nc6ccccc6s5)c4C3)cc1;CN(C)CC#Cc1ccc(cc1)OCCCc2c(nc(s2)N3CCc4cccc(c4C3)C(=O)Nc5nc6ccccc6s5)C(=O)O'
[16:20:12] SMILES Parse Error: syntax error while parsing: CCCS(=O)(=O)Nc1ccc(F)c(C(=O)c2c[nH]c3ncc(cc23)c4cccc(c4)C(=O)N)c1F;CCCS(=O)(=O)Nc1ccc(c(c1F)C(=O)c2c[nH]c3c2cc(cn3)c4cccc(c4)C(=O)N)F
[16:20:12] SMILES Parse Error: check for mistakes around position 67:
[16:20:12] c4cccc(c4)C(=O)N)c1F;CCCS(=O)(=O)Nc1ccc(c
[16:20:12] ~~~~~~~~~~~~~~~~~~~~^
[16:20:12] SMILES Parse Error: Failed parsing SMILES 'CCCS(=O)(=O)Nc1ccc(F)c(C(=O)c2c[nH]c3ncc(cc23)c4cccc(c4)C(=O)N)c1F;CCCS(=O)(=O)Nc1ccc(c(c1F)C(=O)c2c[nH]c3c2cc(cn3)c4cccc(c4)C(=O)N)F' for input: 'CCCS(=O)(=O)Nc1ccc(F)c(C(=O)c2c[nH]c3ncc(cc23)c4cccc(c4)C(=O)N)c1F;CCCS(=O)(=O)Nc1ccc(c(c1F)C(=O)c2c[nH]c3c2cc(cn3)c4cccc(c4)C(=O)N)F'
  0%|          | 0/118 [00:00<?, ?it/s][16:20:12]   0%|          | 0/118 [00:00<?, ?it/s]SMILES Parse Error: syntax error while parsing: Antibody
[16:20:12] [16:20:12] SMILES Parse Error: SMILES Parse Error: check for mistakes around position syntax error1 while parsing: :Antibody

[16:20:12]   0%|          | 0/118 [00:00<?, ?it/s][16:20:12] AntibodySMILES Parse Error: check for mistakes around position 
1[16:20:12] [16:20:12] :SMILES Parse Error: ^
syntax error
[16:20:12]  while parsing: AntibodyAntibody

[16:20:12] [16:20:12] [16:20:12] SMILES^SMILES Parse Error: check for mistakes around position  Parse Error: 
1Failed parsing SMILES 'Antibody': for input: '
Antibody[16:20:12] [16:20:12] 'SMILESAntibody
 Parse Error: 
Failed parsing SMILES 'Antibody'[16:20:12]  for input: '^Antibody
'
[16:20:12] SMILES Parse Error: Failed parsing SMILES 'Antibody' for input: 'Antibody'
[16:20:12] SMILES Parse Error: syntax error while parsing: C[C@@]1(O)C[C@@H](C1)c2nc(c3ccc4ccc(nc4c3)c5ccccc5)c6c(N)nccn26;C[C@]1(C[C@@H](C1)c2n3c(c(ncc3)N)c(n2)c4cc5nc(ccc5cc4)c6ccccc6)O
[16:20:12] SMILES Parse Error: check for mistakes around position 64:
[16:20:12] 5ccccc5)c6c(N)nccn26;C[C@]1(C[C@@H](C1)c2
[16:20:12] ~~~~~~~~~~~~~~~~~~~~^
[16:20:12] SMILES Parse Error: Failed parsing SMILES 'C[C@@]1(O)C[C@@H](C1)c2nc(c3ccc4ccc(nc4c3)c5ccccc5)c6c(N)nccn26;C[C@]1(C[C@@H](C1)c2n3c(c(ncc3)N)c(n2)c4cc5nc(ccc5cc4)c6ccccc6)O' for input: 'C[C@@]1(O)C[C@@H](C1)c2nc(c3ccc4ccc(nc4c3)c5ccccc5)c6c(N)nccn26;C[C@]1(C[C@@H](C1)c2n3c(c(ncc3)N)c(n2)c4cc5nc(ccc5cc4)c6ccccc6)O'
[16:20:12] SMILES Parse Error: syntax error while parsing: CC(=O)N1CCN(CCOc2ccc(cc2)C3CCN(CC3)C4=Nn5c(CC4)nnc5C(F)(F)F)CC1;CC(=O)N1CCN(CC1)CCOc2ccc(cc2)C3CCN(CC3)C4=Nn5c(nnc5C(F)(F)F)CC4
[16:20:12] [16:20:12] SMILES Parse Error: SMILES Parse Error: check for mistakes around position syntax error64 while parsing: [16:20:12] :CC(=O)N1CCN(CCOc2ccc(cc2)C3CCN(CC3)C4=Nn5c(CC4)nnc5C(F)(F)F)CC1;CC(=O)N1CCN(CC1)CCOc2ccc(cc2)C3CCN(CC3)C4=Nn5c(nnc5C(F)(F)F)CC4SMILES Parse Error: 

syntax error[16:20:12] [16:20:12]  while parsing: CC4)nnc5C(F)(F)F)CC1;CC(=O)N1CCN(CC1)CCOcSMILES Parse Error: check for mistakes around position CC(=O)N1CCN(CCOc2ccc(cc2)C3CCN(CC3)C4=Nn5c(CC4)nnc5C(F)(F)F)CC1;CC(=O)N1CCN(CC1)CCOc2ccc(cc2)C3CCN(CC3)C4=Nn5c(nnc5C(F)(F)F)CC4
64
[16:20:12]  53%|█████▎    | 62/118 [00:00<00:00, 618.01it/s]:[16:20:12] ~~~~~~~~~~~~~~~~~~~~
SMILES Parse Error: check for mistakes around position ^[16:20:12] 64
CC4)nnc5C(F)(F)F)CC1;CC(=O)N1CCN(CC1)CCOc:

[16:20:12] [16:20:12] [16:20:12] SMILES~~~~~~~~~~~~~~~~~~~~CC4)nnc5C(F)(F)F)CC1;CC(=O)N1CCN(CC1)CCOc Parse Error: ^
Failed parsing SMILES 'CC(=O)N1CCN(CCOc2ccc(cc2)C3CCN(CC3)C4=Nn5c(CC4)nnc5C(F)(F)F)CC1;CC(=O)N1CCN(CC1)CCOc2ccc(cc2)C3CCN(CC3)C4=Nn5c(nnc5C(F)(F)F)CC4'
[16:20:12]  for input: '~~~~~~~~~~~~~~~~~~~~CC(=O)N1CCN(CCOc2ccc(cc2)C3CCN(CC3)C4=Nn5c(CC4)nnc5C(F)(F)F)CC1;CC(=O)N1CCN(CC1)CCOc2ccc(cc2)C3CCN(CC3)C4=Nn5c(nnc5C(F)(F)F)CC4[16:20:12] ^'SMILES

 Parse Error: Failed parsing SMILES 'CC(=O)N1CCN(CCOc2ccc(cc2)C3CCN(CC3)C4=Nn5c(CC4)nnc5C(F)(F)F)CC1;CC(=O)N1CCN(CC1)CCOc2ccc(cc2)C3CCN(CC3)C4=Nn5c(nnc5C(F)(F)F)CC4'[16:20:12]  for input: 'SMILESCC(=O)N1CCN(CCOc2ccc(cc2)C3CCN(CC3)C4=Nn5c(CC4)nnc5C(F)(F)F)CC1;CC(=O)N1CCN(CC1)CCOc2ccc(cc2)C3CCN(CC3)C4=Nn5c(nnc5C(F)(F)F)CC4 Parse Error: 'Failed parsing SMILES 'CC(=O)N1CCN(CCOc2ccc(cc2)C3CCN(CC3)C4=Nn5c(CC4)nnc5C(F)(F)F)CC1;CC(=O)N1CCN(CC1)CCOc2ccc(cc2)C3CCN(CC3)C4=Nn5c(nnc5C(F)(F)F)CC4'
 for input: 'CC(=O)N1CCN(CCOc2ccc(cc2)C3CCN(CC3)C4=Nn5c(CC4)nnc5C(F)(F)F)CC1;CC(=O)N1CCN(CC1)CCOc2ccc(cc2)C3CCN(CC3)C4=Nn5c(nnc5C(F)(F)F)CC4'
[16:20:12] SMILES Parse Error: syntax error while parsing: OCCONC(=O)c1ccc2cncn2c1Nc3ccc(I)cc3F;c1cc(c(cc1I)F)Nc2c(ccc3n2cnc3)C(=O)NOCCO
[16:20:12] SMILES Parse Error: check for mistakes around position 37:
[16:20:12] cncn2c1Nc3ccc(I)cc3F;c1cc(c(cc1I)F)Nc2c(c
[16:20:12] ~~~~~~~~~~~~~~~~~~~~^
[16:20:12] SMILES Parse Error: Failed parsing SMILES 'OCCONC(=O)c1ccc2cncn2c1Nc3ccc(I)cc3F;c1cc(c(cc1I)F)Nc2c(ccc3n2cnc3)C(=O)NOCCO' for input: 'OCCONC(=O)c1ccc2cncn2c1Nc3ccc(I)cc3F;c1cc(c(cc1I)F)Nc2c(ccc3n2cnc3)C(=O)NOCCO'
[16:20:12] SMILES Parse Error: syntax error while parsing: CN(C)CC#Cc1ccc(OCCCc2sc(nc2C(=O)O)N3CCc4cccc(C(=O)Nc5nc6ccccc6s5)c4C3)cc1;CN(C)CC#Cc1ccc(cc1)OCCCc2c(nc(s2)N3CCc4cccc(c4C3)C(=O)Nc5nc6ccccc6s5)C(=O)O
[16:20:12] SMILES Parse Error: check for mistakes around position 74:
[16:20:12] [16:20:12] [16:20:12] nc6ccccc6s5)c4C3)cc1;CN(C)CC#Cc1ccc(cc1)OSMILES Parse Error: SMILES Parse Error: 
syntax errorsyntax error[16:20:12]  while parsing:  while parsing: ~~~~~~~~~~~~~~~~~~~~CN(C)CC#Cc1ccc(OCCCc2sc(nc2C(=O)O)N3CCc4cccc(C(=O)Nc5nc6ccccc6s5)c4C3)cc1;CN(C)CC#Cc1ccc(cc1)OCCCc2c(nc(s2)N3CCc4cccc(c4C3)C(=O)Nc5nc6ccccc6s5)C(=O)OCN(C)CC#Cc1ccc(OCCCc2sc(nc2C(=O)O)N3CCc4cccc(C(=O)Nc5nc6ccccc6s5)c4C3)cc1;CN(C)CC#Cc1ccc(cc1)OCCCc2c(nc(s2)N3CCc4cccc(c4C3)C(=O)Nc5nc6ccccc6s5)C(=O)O^


[16:20:12] [16:20:12] SMILES Parse Error: check for mistakes around position SMILES Parse Error: check for mistakes around position [16:20:12] 7474SMILES:: Parse Error: 

Failed parsing SMILES 'CN(C)CC#Cc1ccc(OCCCc2sc(nc2C(=O)O)N3CCc4cccc(C(=O)Nc5nc6ccccc6s5)c4C3)cc1;CN(C)CC#Cc1ccc(cc1)OCCCc2c(nc(s2)N3CCc4cccc(c4C3)C(=O)Nc5nc6ccccc6s5)C(=O)O'[16:20:12] [16:20:12]  for input: 'nc6ccccc6s5)c4C3)cc1;CN(C)CC#Cc1ccc(cc1)Onc6ccccc6s5)c4C3)cc1;CN(C)CC#Cc1ccc(cc1)OCN(C)CC#Cc1ccc(OCCCc2sc(nc2C(=O)O)N3CCc4cccc(C(=O)Nc5nc6ccccc6s5)c4C3)cc1;CN(C)CC#Cc1ccc(cc1)OCCCc2c(nc(s2)N3CCc4cccc(c4C3)C(=O)Nc5nc6ccccc6s5)C(=O)O

'[16:20:12] [16:20:12] 
~~~~~~~~~~~~~~~~~~~~~~~~~~~~~~~~~~~~~~~~^^

[16:20:12] [16:20:12] SMILESSMILES Parse Error:  Parse Error: Failed parsing SMILES 'CN(C)CC#Cc1ccc(OCCCc2sc(nc2C(=O)O)N3CCc4cccc(C(=O)Nc5nc6ccccc6s5)c4C3)cc1;CN(C)CC#Cc1ccc(cc1)OCCCc2c(nc(s2)N3CCc4cccc(c4C3)C(=O)Nc5nc6ccccc6s5)C(=O)O'Failed parsing SMILES 'CN(C)CC#Cc1ccc(OCCCc2sc(nc2C(=O)O)N3CCc4cccc(C(=O)Nc5nc6ccccc6s5)c4C3)cc1;CN(C)CC#Cc1ccc(cc1)OCCCc2c(nc(s2)N3CCc4cccc(c4C3)C(=O)Nc5nc6ccccc6s5)C(=O)O' for input: ' for input: 'CN(C)CC#Cc1ccc(OCCCc2sc(nc2C(=O)O)N3CCc4cccc(C(=O)Nc5nc6ccccc6s5)c4C3)cc1;CN(C)CC#Cc1ccc(cc1)OCCCc2c(nc(s2)N3CCc4cccc(c4C3)C(=O)Nc5nc6ccccc6s5)C(=O)OCN(C)CC#Cc1ccc(OCCCc2sc(nc2C(=O)O)N3CCc4cccc(C(=O)Nc5nc6ccccc6s5)c4C3)cc1;CN(C)CC#Cc1ccc(cc1)OCCCc2c(nc(s2)N3CCc4cccc(c4C3)C(=O)Nc5nc6ccccc6s5)C(=O)O''

[16:20:12] SMILES Parse Error: syntax error while parsing: CCCS(=O)(=O)Nc1ccc(F)c(C(=O)c2c[nH]c3ncc(cc23)c4cccc(c4)C(=O)N)c1F;CCCS(=O)(=O)Nc1ccc(c(c1F)C(=O)c2c[nH]c3c2cc(cn3)c4cccc(c4)C(=O)N)F
[16:20:12] SMILES Parse Error: check for mistakes around position 67:
[16:20:12] c4cccc(c4)C(=O)N)c1F;CCCS(=O)(=O)Nc1ccc(c
[16:20:12] ~~~~~~~~~~~~~~~~~~~~^
[16:20:12] SMILES Parse Error: [16:20:12] Failed parsing SMILES 'CCCS(=O)(=O)Nc1ccc(F)c(C(=O)c2c[nH]c3ncc(cc23)c4cccc(c4)C(=O)N)c1F;CCCS(=O)(=O)Nc1ccc(c(c1F)C(=O)c2c[nH]c3c2cc(cn3)c4cccc(c4)C(=O)N)F'SMILES Parse Error: [16:20:12]  for input: 'syntax errorSMILES Parse Error: CCCS(=O)(=O)Nc1ccc(F)c(C(=O)c2c[nH]c3ncc(cc23)c4cccc(c4)C(=O)N)c1F;CCCS(=O)(=O)Nc1ccc(c(c1F)C(=O)c2c[nH]c3c2cc(cn3)c4cccc(c4)C(=O)N)F while parsing: syntax error'CCCS(=O)(=O)Nc1ccc(F)c(C(=O)c2c[nH]c3ncc(cc23)c4cccc(c4)C(=O)N)c1F;CCCS(=O)(=O)Nc1ccc(c(c1F)C(=O)c2c[nH]c3c2cc(cn3)c4cccc(c4)C(=O)N)F while parsing: 

CCCS(=O)(=O)Nc1ccc(F)c(C(=O)c2c[nH]c3ncc(cc23)c4cccc(c4)C(=O)N)c1F;CCCS(=O)(=O)Nc1ccc(c(c1F)C(=O)c2c[nH]c3c2cc(cn3)c4cccc(c4)C(=O)N)F[16:20:12] 
SMILES Parse Error: check for mistakes around position [16:20:12] 67SMILES Parse Error: check for mistakes around position :67
:[16:20:12] 
c4cccc(c4)C(=O)N)c1F;CCCS(=O)(=O)Nc1ccc(c[16:20:12] 
c4cccc(c4)C(=O)N)c1F;CCCS(=O)(=O)Nc1ccc(c[16:20:12] 
~~~~~~~~~~~~~~~~~~~~[16:20:12] ^~~~~~~~~~~~~~~~~~~~~
^
[16:20:12] SMILES[16:20:12]  Parse Error: SMILESFailed parsing SMILES 'CCCS(=O)(=O)Nc1ccc(F)c(C(=O)c2c[nH]c3ncc(cc23)c4cccc(c4)C(=O)N)c1F;CCCS(=O)(=O)Nc1ccc(c(c1F)C(=O)c2c[nH]c3c2cc(cn3)c4cccc(c4)C(=O)N)F' Parse Error:  for input: 'Failed parsing SMILES 'CCCS(=O)(=O)Nc1ccc(F)c(C(=O)c2c[nH]c3ncc(cc23)c4cccc(c4)C(=O)N)c1F;CCCS(=O)(=O)Nc1ccc(c(c1F)C(=O)c2c[nH]c3c2cc(cn3)c4cccc(c4)C(=O)N)F'CCCS(=O)(=O)Nc1ccc(F)c(C(=O)c2c[nH]c3ncc(cc23)c4cccc(c4)C(=O)N)c1F;CCCS(=O)(=O)Nc1ccc(c(c1F)C(=O)c2c[nH]c3c2cc(cn3)c4cccc(c4)C(=O)N)F for input: ''CCCS(=O)(=O)Nc1ccc(F)c(C(=O)c2c[nH]c3ncc(cc23)c4cccc(c4)C(=O)N)c1F;CCCS(=O)(=O)Nc1ccc(c(c1F)C(=O)c2c[nH]c3c2cc(cn3)c4cccc(c4)C(=O)N)F
'
[16:20:12] SMILES Parse Error: syntax error while parsing: CS(=O)(=O)c1ccc(Nc2cncc(n2)c3cnc4ccccn34)cc1;CS(=O)(=O)c1ccc(cc1)Nc2cncc(n2)c3cnc4n3cccc4
[16:20:12] SMILES Parse Error: check for mistakes around position 45:
[16:20:12] n2)c3cnc4ccccn34)cc1;CS(=O)(=O)c1ccc(cc1)
[16:20:12] ~~~~~~~~~~~~~~~~~~~~^
[16:20:12] SMILES Parse Error: Failed parsing SMILES 'CS(=O)(=O)c1ccc(Nc2cncc(n2)c3cnc4ccccn34)cc1;CS(=O)(=O)c1ccc(cc1)Nc2cncc(n2)c3cnc4n3cccc4' for input: 'CS(=O)(=O)c1ccc(Nc2cncc(n2)c3cnc4ccccn34)cc1;CS(=O)(=O)c1ccc(cc1)Nc2cncc(n2)c3cnc4n3cccc4'
  0%|          | 0/118 [00:00<?, ?it/s][16:20:12] SMILES Parse Error: syntax error while parsing: Antibody
[16:20:12] SMILES Parse Error: check for mistakes around position 1:
[16:20:12] Antibody
[16:20:12] ^
[16:20:12] SMILES Parse Error: Failed parsing SMILES 'Antibody' for input: 'Antibody'
 47%|████▋     | 56/118 [00:00<00:00, 556.53it/s] 46%|████▌     | 54/118 [00:00<00:00, 535.72it/s] 47%|████▋     | 56/118 [00:00<00:00, 553.70it/s]100%|██████████| 118/118 [00:00<00:00, 660.74it/s]
[16:20:12] SMILES Parse Error: syntax error while parsing: C[C@@]1(O)C[C@@H](C1)c2nc(c3ccc4ccc(nc4c3)c5ccccc5)c6c(N)nccn26;C[C@]1(C[C@@H](C1)c2n3c(c(ncc3)N)c(n2)c4cc5nc(ccc5cc4)c6ccccc6)O
[16:20:12] SMILES Parse Error: check for mistakes around position 64:
[16:20:12] 5ccccc5)c6c(N)nccn26;C[C@]1(C[C@@H](C1)c2
[16:20:12] ~~~~~~~~~~~~~~~~~~~~^
[16:20:12] SMILES Parse Error: Failed parsing SMILES 'C[C@@]1(O)C[C@@H](C1)c2nc(c3ccc4ccc(nc4c3)c5ccccc5)c6c(N)nccn26;C[C@]1(C[C@@H](C1)c2n3c(c(ncc3)N)c(n2)c4cc5nc(ccc5cc4)c6ccccc6)O' for input: 'C[C@@]1(O)C[C@@H](C1)c2nc(c3ccc4ccc(nc4c3)c5ccccc5)c6c(N)nccn26;C[C@]1(C[C@@H](C1)c2n3c(c(ncc3)N)c(n2)c4cc5nc(ccc5cc4)c6ccccc6)O'
[16:20:12] SMILES Parse Error: syntax error while parsing: C[C@@]1(O)C[C@@H](C1)c2nc(c3ccc4ccc(nc4c3)c5ccccc5)c6c(N)nccn26;C[C@]1(C[C@@H](C1)c2n3c(c(ncc3)N)c(n2)c4cc5nc(ccc5cc4)c6ccccc6)O
[16:20:12] SMILES Parse Error: check for mistakes around position 64:
[16:20:12] 5ccccc5)c6c(N)nccn26;C[C@]1(C[C@@H](C1)c2
[16:20:12] [16:20:12] ~~~~~~~~~~~~~~~~~~~~SMILES Parse Error: ^syntax error
 while parsing: C[C@@]1(O)C[C@@H](C1)c2nc(c3ccc4ccc(nc4c3)c5ccccc5)c6c(N)nccn26;C[C@]1(C[C@@H](C1)c2n3c(c(ncc3)N)c(n2)c4cc5nc(ccc5cc4)c6ccccc6)O
[16:20:12] [16:20:12] SMILESSMILES Parse Error: check for mistakes around position  Parse Error: 64Failed parsing SMILES 'C[C@@]1(O)C[C@@H](C1)c2nc(c3ccc4ccc(nc4c3)c5ccccc5)c6c(N)nccn26;C[C@]1(C[C@@H](C1)c2n3c(c(ncc3)N)c(n2)c4cc5nc(ccc5cc4)c6ccccc6)O': for input: '
C[C@@]1(O)C[C@@H](C1)c2nc(c3ccc4ccc(nc4c3)c5ccccc5)c6c(N)nccn26;C[C@]1(C[C@@H](C1)c2n3c(c(ncc3)N)c(n2)c4cc5nc(ccc5cc4)c6ccccc6)O[16:20:12] '5ccccc5)c6c(N)nccn26;C[C@]1(C[C@@H](C1)c2

[16:20:12] ~~~~~~~~~~~~~~~~~~~~^
[16:20:12] SMILES Parse Error: Failed parsing SMILES 'C[C@@]1(O)C[C@@H](C1)c2nc(c3ccc4ccc(nc4c3)c5ccccc5)c6c(N)nccn26;C[C@]1(C[C@@H](C1)c2n3c(c(ncc3)N)c(n2)c4cc5nc(ccc5cc4)c6ccccc6)O' for input: 'C[C@@]1(O)C[C@@H](C1)c2nc(c3ccc4ccc(nc4c3)c5ccccc5)c6c(N)nccn26;C[C@]1(C[C@@H](C1)c2n3c(c(ncc3)N)c(n2)c4cc5nc(ccc5cc4)c6ccccc6)O'
[16:20:12] SMILES Parse Error: syntax error while parsing: [16:20:12] CC(=O)N1CCN(CCOc2ccc(cc2)C3CCN(CC3)C4=Nn5c(CC4)nnc5C(F)(F)F)CC1;CC(=O)N1CCN(CC1)CCOc2ccc(cc2)C3CCN(CC3)C4=Nn5c(nnc5C(F)(F)F)CC4SMILES Parse Error: 
syntax error[16:20:12]  while parsing: SMILES Parse Error: check for mistakes around position OCCONC(=O)c1ccc2cncn2c1Nc3ccc(I)cc3F;c1cc(c(cc1I)F)Nc2c(ccc3n2cnc3)C(=O)NOCCO64
:[16:20:12] 
SMILES Parse Error: check for mistakes around position [16:20:12] 37CC4)nnc5C(F)(F)F)CC1;CC(=O)N1CCN(CC1)CCOc:

[16:20:12] [16:20:12] ~~~~~~~~~~~~~~~~~~~~cncn2c1Nc3ccc(I)cc3F;c1cc(c(cc1I)F)Nc2c(c^

[16:20:12] ~~~~~~~~~~~~~~~~~~~~^[16:20:12] 
SMILES Parse Error: Failed parsing SMILES 'CC(=O)N1CCN(CCOc2ccc(cc2)C3CCN(CC3)C4=Nn5c(CC4)nnc5C(F)(F)F)CC1;CC(=O)N1CCN(CC1)CCOc2ccc(cc2)C3CCN(CC3)C4=Nn5c(nnc5C(F)(F)F)CC4'[16:20:12]  for input: 'SMILESCC(=O)N1CCN(CCOc2ccc(cc2)C3CCN(CC3)C4=Nn5c(CC4)nnc5C(F)(F)F)CC1;CC(=O)N1CCN(CC1)CCOc2ccc(cc2)C3CCN(CC3)C4=Nn5c(nnc5C(F)(F)F)CC4 Parse Error: 'Failed parsing SMILES 'OCCONC(=O)c1ccc2cncn2c1Nc3ccc(I)cc3F;c1cc(c(cc1I)F)Nc2c(ccc3n2cnc3)C(=O)NOCCO'
[16:20:12]  for input: 'SMILES Parse Error: OCCONC(=O)c1ccc2cncn2c1Nc3ccc(I)cc3F;c1cc(c(cc1I)F)Nc2c(ccc3n2cnc3)C(=O)NOCCOsyntax error' while parsing: 
OCCONC(=O)c1ccc2cncn2c1Nc3ccc(I)cc3F;c1cc(c(cc1I)F)Nc2c(ccc3n2cnc3)C(=O)NOCCO
[16:20:12] SMILES Parse Error: check for mistakes around position 37:
[16:20:12] [16:20:12] cncn2c1Nc3ccc(I)cc3F;c1cc(c(cc1I)F)Nc2c(cSMILES Parse Error: 
syntax error[16:20:12]  while parsing: ~~~~~~~~~~~~~~~~~~~~OCCONC(=O)c1ccc2cncn2c1Nc3ccc(I)cc3F;c1cc(c(cc1I)F)Nc2c(ccc3n2cnc3)C(=O)NOCCO^

[16:20:12] SMILES Parse Error: check for mistakes around position 37[16:20:12] :SMILES
 Parse Error: [16:20:12] Failed parsing SMILES 'OCCONC(=O)c1ccc2cncn2c1Nc3ccc(I)cc3F;c1cc(c(cc1I)F)Nc2c(ccc3n2cnc3)C(=O)NOCCO'cncn2c1Nc3ccc(I)cc3F;c1cc(c(cc1I)F)Nc2c(c for input: '
OCCONC(=O)c1ccc2cncn2c1Nc3ccc(I)cc3F;c1cc(c(cc1I)F)Nc2c(ccc3n2cnc3)C(=O)NOCCO[16:20:12] '~~~~~~~~~~~~~~~~~~~~
^
[16:20:12] SMILES Parse Error: Failed parsing SMILES 'OCCONC(=O)c1ccc2cncn2c1Nc3ccc(I)cc3F;c1cc(c(cc1I)F)Nc2c(ccc3n2cnc3)C(=O)NOCCO' for input: 'OCCONC(=O)c1ccc2cncn2c1Nc3ccc(I)cc3F;c1cc(c(cc1I)F)Nc2c(ccc3n2cnc3)C(=O)NOCCO'
[16:20:12] SMILES Parse Error: syntax error while parsing: CN(C)CC#Cc1ccc(OCCCc2sc(nc2C(=O)O)N3CCc4cccc(C(=O)Nc5nc6ccccc6s5)c4C3)cc1;CN(C)CC#Cc1ccc(cc1)OCCCc2c(nc(s2)N3CCc4cccc(c4C3)C(=O)Nc5nc6ccccc6s5)C(=O)O
[16:20:12] SMILES Parse Error: check for mistakes around position 74:
[16:20:12] nc6ccccc6s5)c4C3)cc1;CN(C)CC#Cc1ccc(cc1)O
[16:20:12] ~~~~~~~~~~~~~~~~~~~~^
[16:20:12] SMILES Parse Error: Failed parsing SMILES 'CN(C)CC#Cc1ccc(OCCCc2sc(nc2C(=O)O)N3CCc4cccc(C(=O)Nc5nc6ccccc6s5)c4C3)cc1;CN(C)CC#Cc1ccc(cc1)OCCCc2c(nc(s2)N3CCc4cccc(c4C3)C(=O)Nc5nc6ccccc6s5)C(=O)O' for input: 'CN(C)CC#Cc1ccc(OCCCc2sc(nc2C(=O)O)N3CCc4cccc(C(=O)Nc5nc6ccccc6s5)c4C3)cc1;CN(C)CC#Cc1ccc(cc1)OCCCc2c(nc(s2)N3CCc4cccc(c4C3)C(=O)Nc5nc6ccccc6s5)C(=O)O'
[16:20:12] SMILES Parse Error: syntax error while parsing: CCCS(=O)(=O)Nc1ccc(F)c(C(=O)c2c[nH]c3ncc(cc23)c4cccc(c4)C(=O)N)c1F;CCCS(=O)(=O)Nc1ccc(c(c1F)C(=O)c2c[nH]c3c2cc(cn3)c4cccc(c4)C(=O)N)F
[16:20:12] SMILES Parse Error: check for mistakes around position 67:
[16:20:12] c4cccc(c4)C(=O)N)c1F;CCCS(=O)(=O)Nc1ccc(c
[16:20:12] ~~~~~~~~~~~~~~~~~~~~^
[16:20:12] SMILES Parse Error: Failed parsing SMILES 'CCCS(=O)(=O)Nc1ccc(F)c(C(=O)c2c[nH]c3ncc(cc23)c4cccc(c4)C(=O)N)c1F;CCCS(=O)(=O)Nc1ccc(c(c1F)C(=O)c2c[nH]c3c2cc(cn3)c4cccc(c4)C(=O)N)F' for input: 'CCCS(=O)(=O)Nc1ccc(F)c(C(=O)c2c[nH]c3ncc(cc23)c4cccc(c4)C(=O)N)c1F;CCCS(=O)(=O)Nc1ccc(c(c1F)C(=O)c2c[nH]c3c2cc(cn3)c4cccc(c4)C(=O)N)F'
[16:20:12] SMILES Parse Error: syntax error while parsing: CS(=O)(=O)c1ccc(Nc2cncc(n2)c3cnc4ccccn34)cc1;CS(=O)(=O)c1ccc(cc1)Nc2cncc(n2)c3cnc4n3cccc4
[16:20:12] SMILES Parse Error: check for mistakes around position 45:
[16:20:12] n2)c3cnc4ccccn34)cc1;CS(=O)(=O)c1ccc(cc1)
[16:20:12] ~~~~~~~~~~~~~~~~~~~~^
[16:20:12] SMILES Parse Error: Failed parsing SMILES 'CS(=O)(=O)c1ccc(Nc2cncc(n2)c3cnc4ccccn34)cc1;CS(=O)(=O)c1ccc(cc1)Nc2cncc(n2)c3cnc4n3cccc4' for input: 'CS(=O)(=O)c1ccc(Nc2cncc(n2)c3cnc4ccccn34)cc1;CS(=O)(=O)c1ccc(cc1)Nc2cncc(n2)c3cnc4n3cccc4'
[16:20:12] SMILES Parse Error: syntax error while parsing: CS(=O)(=O)c1ccc(Nc2cncc(n2)c3cnc4ccccn34)cc1;CS(=O)(=O)c1ccc(cc1)Nc2cncc(n2)c3cnc4n3cccc4
[16:20:12] SMILES Parse Error: check for mistakes around position 45:
[16:20:12] n2)c3cnc4ccccn34)cc1;CS(=O)(=O)c1ccc(cc1)
[16:20:12] ~~~~~~~~~~~~~~~~~~~~^
[16:20:12] [16:20:12] SMILESSMILES Parse Error:  Parse Error: syntax errorFailed parsing SMILES 'CS(=O)(=O)c1ccc(Nc2cncc(n2)c3cnc4ccccn34)cc1;CS(=O)(=O)c1ccc(cc1)Nc2cncc(n2)c3cnc4n3cccc4' while parsing:  for input: 'CS(=O)(=O)c1ccc(Nc2cncc(n2)c3cnc4ccccn34)cc1;CS(=O)(=O)c1ccc(cc1)Nc2cncc(n2)c3cnc4n3cccc4CS(=O)(=O)c1ccc(Nc2cncc(n2)c3cnc4ccccn34)cc1;CS(=O)(=O)c1ccc(cc1)Nc2cncc(n2)c3cnc4n3cccc4
'[16:20:12] 
SMILES Parse Error: check for mistakes around position 45:
[16:20:12] n2)c3cnc4ccccn34)cc1;CS(=O)(=O)c1ccc(cc1)
[16:20:12] ~~~~~~~~~~~~~~~~~~~~^
[16:20:12] SMILES Parse Error: Failed parsing SMILES 'CS(=O)(=O)c1ccc(Nc2cncc(n2)c3cnc4ccccn34)cc1;CS(=O)(=O)c1ccc(cc1)Nc2cncc(n2)c3cnc4n3cccc4' for input: 'CS(=O)(=O)c1ccc(Nc2cncc(n2)c3cnc4ccccn34)cc1;CS(=O)(=O)c1ccc(cc1)Nc2cncc(n2)c3cnc4n3cccc4'
[16:20:12] SMILES Parse Error: syntax error while parsing: C[C@@]1(O)C[C@@H](C1)c2nc(c3ccc4ccc(nc4c3)c5ccccc5)c6c(N)nccn26;C[C@]1(C[C@@H](C1)c2n3c(c(ncc3)N)c(n2)c4cc5nc(ccc5cc4)c6ccccc6)O
[16:20:12] SMILES Parse Error: check for mistakes around position 64:
[16:20:12] 5ccccc5)c6c(N)nccn26;C[C@]1(C[C@@H](C1)c2100%|██████████| 118/118 [00:00<00:00, 617.40it/s]

[16:20:12] ~~~~~~~~~~~~~~~~~~~~^
[16:20:12] SMILES Parse Error: Failed parsing SMILES 'C[C@@]1(O)C[C@@H](C1)c2nc(c3ccc4ccc(nc4c3)c5ccccc5)c6c(N)nccn26;C[C@]1(C[C@@H](C1)c2n3c(c(ncc3)N)c(n2)c4cc5nc(ccc5cc4)c6ccccc6)O' for input: 'C[C@@]1(O)C[C@@H](C1)c2nc(c3ccc4ccc(nc4c3)c5ccccc5)c6c(N)nccn26;C[C@]1(C[C@@H](C1)c2n3c(c(ncc3)N)c(n2)c4cc5nc(ccc5cc4)c6ccccc6)O'
100%|██████████| 118/118 [00:00<00:00, 615.68it/s]
 52%|█████▏    | 61/118 [00:00<00:00, 607.49it/s]100%|██████████| 118/118 [00:00<00:00, 603.69it/s]
[16:20:12] SMILES Parse Error: syntax error while parsing: OCCONC(=O)c1ccc2cncn2c1Nc3ccc(I)cc3F;c1cc(c(cc1I)F)Nc2c(ccc3n2cnc3)C(=O)NOCCO
[16:20:12] SMILES Parse Error: check for mistakes around position 37:
[16:20:12] cncn2c1Nc3ccc(I)cc3F;c1cc(c(cc1I)F)Nc2c(c
[16:20:12] ~~~~~~~~~~~~~~~~~~~~^
[16:20:12] SMILES Parse Error: Failed parsing SMILES 'OCCONC(=O)c1ccc2cncn2c1Nc3ccc(I)cc3F;c1cc(c(cc1I)F)Nc2c(ccc3n2cnc3)C(=O)NOCCO' for input: 'OCCONC(=O)c1ccc2cncn2c1Nc3ccc(I)cc3F;c1cc(c(cc1I)F)Nc2c(ccc3n2cnc3)C(=O)NOCCO'
[16:20:12] SMILES Parse Error: syntax error while parsing: CS(=O)(=O)c1ccc(Nc2cncc(n2)c3cnc4ccccn34)cc1;CS(=O)(=O)c1ccc(cc1)Nc2cncc(n2)c3cnc4n3cccc4
[16:20:12] SMILES Parse Error: check for mistakes around position 45:
[16:20:12] n2)c3cnc4ccccn34)cc1;CS(=O)(=O)c1ccc(cc1)
[16:20:12] ~~~~~~~~~~~~~~~~~~~~^
[16:20:12] SMILES Parse Error: Failed parsing SMILES 'CS(=O)(=O)c1ccc(Nc2cncc(n2)c3cnc4ccccn34)cc1;CS(=O)(=O)c1ccc(cc1)Nc2cncc(n2)c3cnc4n3cccc4' for input: 'CS(=O)(=O)c1ccc(Nc2cncc(n2)c3cnc4ccccn34)cc1;CS(=O)(=O)c1ccc(cc1)Nc2cncc(n2)c3cnc4n3cccc4'
100%|██████████| 118/118 [00:00<00:00, 656.50it/s]
/scratch/phys/sin/gonzalm9/tabular_molec/cat_drug_synergy/./src/model/evaluation.py:85: ConstantInputWarning: An input array is constant; the correlation coefficient is not defined.
  rho_i, _ = pearsonr(y_pred[mask], y_true[mask])
/scratch/phys/sin/gonzalm9/tabular_molec/cat_drug_synergy/./src/model/evaluation.py:85: ConstantInputWarning: An input array is constant; the correlation coefficient is not defined.
  rho_i, _ = pearsonr(y_pred[mask], y_true[mask])
/scratch/phys/sin/gonzalm9/tabular_molec/cat_drug_synergy/./src/model/evaluation.py:85: ConstantInputWarning: An input array is constant; the correlation coefficient is not defined.
  rho_i, _ = pearsonr(y_pred[mask], y_true[mask])
/scratch/phys/sin/gonzalm9/tabular_molec/cat_drug_synergy/./src/model/evaluation.py:85: ConstantInputWarning: An input array is constant; the correlation coefficient is not defined.
  rho_i, _ = pearsonr(y_pred[mask], y_true[mask])
/scratch/phys/sin/gonzalm9/tabular_molec/cat_drug_synergy/./src/model/evaluation.py:85: ConstantInputWarning: An input array is constant; the correlation coefficient is not defined.
  rho_i, _ = pearsonr(y_pred[mask], y_true[mask])
/scratch/phys/sin/gonzalm9/tabular_molec/cat_drug_synergy/./src/model/evaluation.py:85: ConstantInputWarning: An input array is constant; the correlation coefficient is not defined.
  rho_i, _ = pearsonr(y_pred[mask], y_true[mask])
/scratch/phys/sin/gonzalm9/tabular_molec/cat_drug_synergy/./src/model/evaluation.py:85: ConstantInputWarning: An input array is constant; the correlation coefficient is not defined.
  rho_i, _ = pearsonr(y_pred[mask], y_true[mask])
/scratch/phys/sin/gonzalm9/tabular_molec/cat_drug_synergy/./src/model/evaluation.py:85: ConstantInputWarning: An input array is constant; the correlation coefficient is not defined.
  rho_i, _ = pearsonr(y_pred[mask], y_true[mask])
/scratch/phys/sin/gonzalm9/tabular_molec/cat_drug_synergy/./src/model/evaluation.py:85: ConstantInputWarning: An input array is constant; the correlation coefficient is not defined.
  rho_i, _ = pearsonr(y_pred[mask], y_true[mask])
/scratch/phys/sin/gonzalm9/tabular_molec/cat_drug_synergy/./src/model/evaluation.py:85: ConstantInputWarning: An input array is constant; the correlation coefficient is not defined.
  rho_i, _ = pearsonr(y_pred[mask], y_true[mask])
/scratch/phys/sin/gonzalm9/tabular_molec/cat_drug_synergy/./src/model/evaluation.py:85: ConstantInputWarning: An input array is constant; the correlation coefficient is not defined.
  rho_i, _ = pearsonr(y_pred[mask], y_true[mask])
/scratch/phys/sin/gonzalm9/tabular_molec/cat_drug_synergy/./src/model/evaluation.py:85: ConstantInputWarning: An input array is constant; the correlation coefficient is not defined.
  rho_i, _ = pearsonr(y_pred[mask], y_true[mask])
/scratch/phys/sin/gonzalm9/tabular_molec/cat_drug_synergy/./src/model/evaluation.py:85: ConstantInputWarning: An input array is constant; the correlation coefficient is not defined.
  rho_i, _ = pearsonr(y_pred[mask], y_true[mask])
/scratch/phys/sin/gonzalm9/tabular_molec/cat_drug_synergy/./src/model/evaluation.py:85: ConstantInputWarning: An input array is constant; the correlation coefficient is not defined.
  rho_i, _ = pearsonr(y_pred[mask], y_true[mask])
/scratch/phys/sin/gonzalm9/tabular_molec/cat_drug_synergy/./src/model/evaluation.py:85: ConstantInputWarning: An input array is constant; the correlation coefficient is not defined.
  rho_i, _ = pearsonr(y_pred[mask], y_true[mask])
/scratch/phys/sin/gonzalm9/tabular_molec/cat_drug_synergy/./src/model/evaluation.py:85: ConstantInputWarning: An input array is constant; the correlation coefficient is not defined.
  rho_i, _ = pearsonr(y_pred[mask], y_true[mask])
/scratch/phys/sin/gonzalm9/tabular_molec/cat_drug_synergy/./src/model/evaluation.py:85: ConstantInputWarning: An input array is constant; the correlation coefficient is not defined.
  rho_i, _ = pearsonr(y_pred[mask], y_true[mask])
