==> Running PyTorch Tabular for seed 8
Failed to convert 17/118 SMILES strings to Morgan fingerprints
Setting them to arrays with NaN values
Dropped 726 rows with missing fingerprints
Training and evaluating Linear Regression...
2025-03-13 15:05:34,500 - {pytorch_tabular.tabular_model:167} - INFO -          
Experiment Tracking is turned off                                               
2025-03-13 15:05:34,508 - {pytorch_tabular.tabular_model:342} - INFO - Preparing
the Trainer                                                                     
Encoding the data... ━━━━━━━━━━━━━━━━━━━━━━━━━━━━━━━━━━━━━━━━ 100% 0:00:00
Encoding the data... ━━━━━━━━━━━━━━━━━━━━━━━━━━━━━━━━━━━━━━━━ 100% 0:00:00
Encoding the data... ━━━━━━━━━━━━━━━━━━━━━━━━━━━━━━━━━━━━━━━━ 100% 0:00:00
Encoding the data... ━━━━━━━━━━━━━━━━━━━━━━━━━━━━━━━━━━━━━━━━ 100% 0:00:00
Linear Regression - Train Weighted Pearson Correlation: 0.2880
Linear Regression - Test Weighted Pearson Correlation: 0.1603
Linear Regression - LB Weighted Pearson Correlation: 0.1890

Training and evaluating Ridge Regression...
2025-03-13 15:05:39,523 - {pytorch_tabular.tabular_model:167} - INFO -          
Experiment Tracking is turned off                                               
2025-03-13 15:05:39,527 - {pytorch_tabular.tabular_model:342} - INFO - Preparing
the Trainer                                                                     
Encoding the data... ━━━━━━━━━━━━━━━━━━━━━━━━━━━━━━━━━━━━━━━━ 100% 0:00:00
Encoding the data... ━━━━━━━━━━━━━━━━━━━━━━━━━━━━━━━━━━━━━━━━ 100% 0:00:00
Encoding the data... ━━━━━━━━━━━━━━━━━━━━━━━━━━━━━━━━━━━━━━━━ 100% 0:00:00
Encoding the data... ━━━━━━━━━━━━━━━━━━━━━━━━━━━━━━━━━━━━━━━━ 100% 0:00:00
Ridge Regression - Train Weighted Pearson Correlation: 0.2891
Ridge Regression - Test Weighted Pearson Correlation: 0.1599
Ridge Regression - LB Weighted Pearson Correlation: 0.1868

Training and evaluating Lasso Regression...
2025-03-13 15:05:44,315 - {pytorch_tabular.tabular_model:167} - INFO -          
Experiment Tracking is turned off                                               
2025-03-13 15:05:44,319 - {pytorch_tabular.tabular_model:342} - INFO - Preparing
the Trainer                                                                     
Encoding the data... ━━━━━━━━━━━━━━━━━━━━━━━━━━━━━━━━━━━━━━━━ 100% 0:00:00
Encoding the data... ━━━━━━━━━━━━━━━━━━━━━━━━━━━━━━━━━━━━━━━━ 100% 0:00:00
Encoding the data... ━━━━━━━━━━━━━━━━━━━━━━━━━━━━━━━━━━━━━━━━ 100% 0:00:00
Encoding the data... ━━━━━━━━━━━━━━━━━━━━━━━━━━━━━━━━━━━━━━━━ 100% 0:00:00
Lasso Regression - Train Weighted Pearson Correlation: 0.1407
Lasso Regression - Test Weighted Pearson Correlation: 0.1460
Lasso Regression - LB Weighted Pearson Correlation: 0.1326

Training and evaluating ElasticNet Regression...
2025-03-13 15:05:48,721 - {pytorch_tabular.tabular_model:167} - INFO -          
Experiment Tracking is turned off                                               
2025-03-13 15:05:48,725 - {pytorch_tabular.tabular_model:342} - INFO - Preparing
the Trainer                                                                     
Encoding the data... ━━━━━━━━━━━━━━━━━━━━━━━━━━━━━━━━━━━━━━━━ 100% 0:00:00
Encoding the data... ━━━━━━━━━━━━━━━━━━━━━━━━━━━━━━━━━━━━━━━━ 100% 0:00:00
Encoding the data... ━━━━━━━━━━━━━━━━━━━━━━━━━━━━━━━━━━━━━━━━ 100% 0:00:00
Encoding the data... ━━━━━━━━━━━━━━━━━━━━━━━━━━━━━━━━━━━━━━━━ 100% 0:00:00
ElasticNet Regression - Train Weighted Pearson Correlation: 0.1421
ElasticNet Regression - Test Weighted Pearson Correlation: 0.1553
ElasticNet Regression - LB Weighted Pearson Correlation: 0.1262

Training and evaluating Bayesian Ridge Regression...
2025-03-13 15:05:53,385 - {pytorch_tabular.tabular_model:167} - INFO -          
Experiment Tracking is turned off                                               
2025-03-13 15:05:53,389 - {pytorch_tabular.tabular_model:342} - INFO - Preparing
the Trainer                                                                     
Encoding the data... ━━━━━━━━━━━━━━━━━━━━━━━━━━━━━━━━━━━━━━━━ 100% 0:00:00
Encoding the data... ━━━━━━━━━━━━━━━━━━━━━━━━━━━━━━━━━━━━━━━━ 100% 0:00:00
Encoding the data... ━━━━━━━━━━━━━━━━━━━━━━━━━━━━━━━━━━━━━━━━ 100% 0:00:00
Encoding the data... ━━━━━━━━━━━━━━━━━━━━━━━━━━━━━━━━━━━━━━━━ 100% 0:00:00
Bayesian Ridge Regression - Train Weighted Pearson Correlation: 0.1628
Bayesian Ridge Regression - Test Weighted Pearson Correlation: 0.1686
Bayesian Ridge Regression - LB Weighted Pearson Correlation: 0.1197

Training and evaluating Stochastic Gradient Descent...
2025-03-13 15:05:58,789 - {pytorch_tabular.tabular_model:167} - INFO -          
Experiment Tracking is turned off                                               
2025-03-13 15:05:58,793 - {pytorch_tabular.tabular_model:342} - INFO - Preparing
the Trainer                                                                     
Encoding the data... ━━━━━━━━━━━━━━━━━━━━━━━━━━━━━━━━━━━━━━━━ 100% 0:00:00
Encoding the data... ━━━━━━━━━━━━━━━━━━━━━━━━━━━━━━━━━━━━━━━━ 100% 0:00:00
Encoding the data... ━━━━━━━━━━━━━━━━━━━━━━━━━━━━━━━━━━━━━━━━ 100% 0:00:00
Encoding the data... ━━━━━━━━━━━━━━━━━━━━━━━━━━━━━━━━━━━━━━━━ 100% 0:00:00
Stochastic Gradient Descent - Train Weighted Pearson Correlation: 0.0113
Stochastic Gradient Descent - Test Weighted Pearson Correlation: 0.0418
Stochastic Gradient Descent - LB Weighted Pearson Correlation: 0.0224

Training and evaluating Decision Tree...
2025-03-13 15:06:03,239 - {pytorch_tabular.tabular_model:167} - INFO -          
Experiment Tracking is turned off                                               
2025-03-13 15:06:03,243 - {pytorch_tabular.tabular_model:342} - INFO - Preparing
the Trainer                                                                     
Encoding the data... ━━━━━━━━━━━━━━━━━━━━━━━━━━━━━━━━━━━━━━━━ 100% 0:00:00
Encoding the data... ━━━━━━━━━━━━━━━━━━━━━━━━━━━━━━━━━━━━━━━━ 100% 0:00:00
Encoding the data... ━━━━━━━━━━━━━━━━━━━━━━━━━━━━━━━━━━━━━━━━ 100% 0:00:00
Encoding the data... ━━━━━━━━━━━━━━━━━━━━━━━━━━━━━━━━━━━━━━━━ 100% 0:00:00
Decision Tree - Train Weighted Pearson Correlation: 1.0000
Decision Tree - Test Weighted Pearson Correlation: 0.1090
Decision Tree - LB Weighted Pearson Correlation: 0.0396

Training and evaluating Random Forest...
2025-03-13 15:06:07,670 - {pytorch_tabular.tabular_model:167} - INFO -          
Experiment Tracking is turned off                                               
2025-03-13 15:06:07,675 - {pytorch_tabular.tabular_model:342} - INFO - Preparing
the Trainer                                                                     
Encoding the data... ━━━━━━━━━━━━━━━━━━━━━━━━━━━━━━━━━━━━━━━━ 100% 0:00:00
Encoding the data... ━━━━━━━━━━━━━━━━━━━━━━━━━━━━━━━━━━━━━━━━ 100% 0:00:00
Encoding the data... ━━━━━━━━━━━━━━━━━━━━━━━━━━━━━━━━━━━━━━━━ 100% 0:00:00
Encoding the data... ━━━━━━━━━━━━━━━━━━━━━━━━━━━━━━━━━━━━━━━━ 100% 0:00:00
Random Forest - Train Weighted Pearson Correlation: 0.9731
Random Forest - Test Weighted Pearson Correlation: 0.2804
Random Forest - LB Weighted Pearson Correlation: 0.2397

Training and evaluating Extra Trees...
2025-03-13 15:06:34,078 - {pytorch_tabular.tabular_model:167} - INFO -          
Experiment Tracking is turned off                                               
2025-03-13 15:06:34,082 - {pytorch_tabular.tabular_model:342} - INFO - Preparing
the Trainer                                                                     
Encoding the data... ━━━━━━━━━━━━━━━━━━━━━━━━━━━━━━━━━━━━━━━━ 100% 0:00:00
Encoding the data... ━━━━━━━━━━━━━━━━━━━━━━━━━━━━━━━━━━━━━━━━ 100% 0:00:00
Encoding the data... ━━━━━━━━━━━━━━━━━━━━━━━━━━━━━━━━━━━━━━━━ 100% 0:00:00
Encoding the data... ━━━━━━━━━━━━━━━━━━━━━━━━━━━━━━━━━━━━━━━━ 100% 0:00:00
Extra Trees - Train Weighted Pearson Correlation: 1.0000
Extra Trees - Test Weighted Pearson Correlation: 0.2424
Extra Trees - LB Weighted Pearson Correlation: 0.2289

Training and evaluating AdaBoost...
2025-03-13 15:07:03,008 - {pytorch_tabular.tabular_model:167} - INFO -          
Experiment Tracking is turned off                                               
2025-03-13 15:07:03,012 - {pytorch_tabular.tabular_model:342} - INFO - Preparing
the Trainer                                                                     
Encoding the data... ━━━━━━━━━━━━━━━━━━━━━━━━━━━━━━━━━━━━━━━━ 100% 0:00:00
Encoding the data... ━━━━━━━━━━━━━━━━━━━━━━━━━━━━━━━━━━━━━━━━ 100% 0:00:00
Encoding the data... ━━━━━━━━━━━━━━━━━━━━━━━━━━━━━━━━━━━━━━━━ 100% 0:00:00
Encoding the data... ━━━━━━━━━━━━━━━━━━━━━━━━━━━━━━━━━━━━━━━━ 100% 0:00:00
AdaBoost - Train Weighted Pearson Correlation: 0.2766
AdaBoost - Test Weighted Pearson Correlation: 0.1012
AdaBoost - LB Weighted Pearson Correlation: 0.2236

Training and evaluating Gradient Boosting...
2025-03-13 15:07:10,964 - {pytorch_tabular.tabular_model:167} - INFO -          
Experiment Tracking is turned off                                               
2025-03-13 15:07:10,969 - {pytorch_tabular.tabular_model:342} - INFO - Preparing
the Trainer                                                                     
Encoding the data... ━━━━━━━━━━━━━━━━━━━━━━━━━━━━━━━━━━━━━━━━ 100% 0:00:00
Encoding the data... ━━━━━━━━━━━━━━━━━━━━━━━━━━━━━━━━━━━━━━━━ 100% 0:00:00
Encoding the data... ━━━━━━━━━━━━━━━━━━━━━━━━━━━━━━━━━━━━━━━━ 100% 0:00:00
Encoding the data... ━━━━━━━━━━━━━━━━━━━━━━━━━━━━━━━━━━━━━━━━ 100% 0:00:00
Gradient Boosting - Train Weighted Pearson Correlation: 0.6972
Gradient Boosting - Test Weighted Pearson Correlation: 0.2404
Gradient Boosting - LB Weighted Pearson Correlation: 0.1746

Training and evaluating XGBRegressor...
2025-03-13 15:07:19,200 - {pytorch_tabular.tabular_model:167} - INFO -          
Experiment Tracking is turned off                                               
2025-03-13 15:07:19,204 - {pytorch_tabular.tabular_model:342} - INFO - Preparing
the Trainer                                                                     
Encoding the data... ━━━━━━━━━━━━━━━━━━━━━━━━━━━━━━━━━━━━━━━━ 100% 0:00:00
Encoding the data... ━━━━━━━━━━━━━━━━━━━━━━━━━━━━━━━━━━━━━━━━ 100% 0:00:00
Encoding the data... ━━━━━━━━━━━━━━━━━━━━━━━━━━━━━━━━━━━━━━━━ 100% 0:00:00
Encoding the data... ━━━━━━━━━━━━━━━━━━━━━━━━━━━━━━━━━━━━━━━━ 100% 0:00:00
XGBRegressor - Train Weighted Pearson Correlation: 0.9992
XGBRegressor - Test Weighted Pearson Correlation: 0.2514
XGBRegressor - LB Weighted Pearson Correlation: 0.1647

Training and evaluating Support Vector Regression...
2025-03-13 15:07:23,807 - {pytorch_tabular.tabular_model:167} - INFO -          
Experiment Tracking is turned off                                               
2025-03-13 15:07:23,811 - {pytorch_tabular.tabular_model:342} - INFO - Preparing
the Trainer                                                                     
Encoding the data... ━━━━━━━━━━━━━━━━━━━━━━━━━━━━━━━━━━━━━━━━ 100% 0:00:00
Encoding the data... ━━━━━━━━━━━━━━━━━━━━━━━━━━━━━━━━━━━━━━━━ 100% 0:00:00
Encoding the data... ━━━━━━━━━━━━━━━━━━━━━━━━━━━━━━━━━━━━━━━━ 100% 0:00:00
Encoding the data... ━━━━━━━━━━━━━━━━━━━━━━━━━━━━━━━━━━━━━━━━ 100% 0:00:00
Support Vector Regression - Train Weighted Pearson Correlation: 0.2022
Support Vector Regression - Test Weighted Pearson Correlation: 0.1258
Support Vector Regression - LB Weighted Pearson Correlation: 0.1319

Training and evaluating Gaussian Process...
2025-03-13 15:07:35,668 - {pytorch_tabular.tabular_model:167} - INFO -          
Experiment Tracking is turned off                                               
2025-03-13 15:07:35,673 - {pytorch_tabular.tabular_model:342} - INFO - Preparing
the Trainer                                                                     
Encoding the data... ━━━━━━━━━━━━━━━━━━━━━━━━━━━━━━━━━━━━━━━━ 100% 0:00:00
Encoding the data... ━━━━━━━━━━━━━━━━━━━━━━━━━━━━━━━━━━━━━━━━ 100% 0:00:00
Encoding the data... ━━━━━━━━━━━━━━━━━━━━━━━━━━━━━━━━━━━━━━━━ 100% 0:00:00
Encoding the data... ━━━━━━━━━━━━━━━━━━━━━━━━━━━━━━━━━━━━━━━━ 100% 0:00:00
Gaussian Process - Train Weighted Pearson Correlation: 1.0000
Gaussian Process - Test Weighted Pearson Correlation: 0.0969
Gaussian Process - LB Weighted Pearson Correlation: 0.0759

Evaluation Results:
                          Model  Train WPC  Test WPC    LB WPC
0             Linear Regression   0.288041  0.160297  0.188968
1              Ridge Regression   0.289130  0.159905  0.186758
2              Lasso Regression   0.140746  0.146002  0.132558
3         ElasticNet Regression   0.142123  0.155280  0.126169
4     Bayesian Ridge Regression   0.162827  0.168627  0.119727
5   Stochastic Gradient Descent   0.011252  0.041781  0.022355
6                 Decision Tree   1.000000  0.109041  0.039640
7                 Random Forest   0.973084  0.280384  0.239718
8                   Extra Trees   1.000000  0.242412  0.228906
9                      AdaBoost   0.276552  0.101229  0.223644
10            Gradient Boosting   0.697206  0.240399  0.174588
11                 XGBRegressor   0.999169  0.251370  0.164676
12    Support Vector Regression   0.202215  0.125762  0.131947
13             Gaussian Process   1.000000  0.096924  0.075896
Results saved to benchmarks_embed_seeds_fingerprints_1024/sklearn_EmbeddingAutoInt_seed_8.csv
